+ FSLDIR=/usr/share/fsl/5.0
+ export PATH=/usr/lib/ants:.:/usr/local/sbin:/usr/local/bin:/usr/sbin:/usr/bin:/sbin:/bin:/usr/lib/ROBEX:/usr/lib/ants
+ export ANTSPATH=/usr/lib/ants
+ export AFNIbinPATH=/usr/local/AFNIbin
+ PATH=/usr/local/AFNIbin:/usr/lib/ants:.:/usr/local/sbin:/usr/local/bin:/usr/sbin:/usr/bin:/sbin:/bin:/usr/lib/ROBEX:/usr/lib/ants
+ PATH=/usr/share/fsl/5.0/bin:/usr/local/AFNIbin:/usr/lib/ants:.:/usr/local/sbin:/usr/local/bin:/usr/sbin:/usr/bin:/sbin:/bin:/usr/lib/ROBEX:/usr/lib/ants
+ export FSLDIR PATH
+ . /usr/share/fsl/5.0/etc/fslconf/fsl.sh
+ echo /usr/share/fsl/5.0/bin:/usr/local/AFNIbin:/usr/lib/ants:.:/usr/local/sbin:/usr/local/bin:/usr/sbin:/usr/bin:/sbin:/bin:/usr/lib/ROBEX:/usr/lib/ants
+ tr : \n
+ grep -v /usr/lib/fsl/
+ tr -s \n :
+ sed s/:$//
+ PATH=/usr/share/fsl/5.0/bin:/usr/local/AFNIbin:/usr/lib/ants:.:/usr/local/sbin:/usr/local/bin:/usr/sbin:/usr/bin:/sbin:/bin:/usr/lib/ROBEX:/usr/lib/ants
+ echo /.singularity.d/libs
+ tr : \n
+ grep -v /usr/lib/fsl/
+ tr -s \n :
+ sed s/:$//
+ LD_LIBRARY_PATH=/.singularity.d/libs
+ FSLDIR=/usr/share/fsl/5.0
+ POSSUMDIR=/usr/share/fsl/5.0
+ PATH=/usr/lib/fsl/5.0:/usr/share/fsl/5.0/bin:/usr/local/AFNIbin:/usr/lib/ants:.:/usr/local/sbin:/usr/local/bin:/usr/sbin:/usr/bin:/sbin:/bin:/usr/lib/ROBEX:/usr/lib/ants
+ FSLOUTPUTTYPE=NIFTI_GZ
+ FSLMULTIFILEQUIT=TRUE
+ FSLTCLSH=/usr/bin/tclsh
+ FSLWISH=/usr/bin/wish
+ FSLBROWSER=/etc/alternatives/x-www-browser
+ FSLLOCKDIR=
+ FSLMACHINELIST=
+ FSLREMOTECALL=
+ FSLCLUSTER_MAILOPTS=n
+ export FSLDIR POSSUMDIR PATH FSLMULTIFILEQUIT FSLOUTPUTTYPE FSLTCLSH FSLWISH FSLBROWSER FSLLOCKDIR FSLMACHINELIST FSLREMOTECALL
+ LD_LIBRARY_PATH=/usr/lib/fsl/5.0:/.singularity.d/libs
+ export LD_LIBRARY_PATH
+ [ -f /home/users/jwardell1/.fslconf/fsl.sh ]
+ subjectID=000300655084
+ subIDpath=/data/000300655084
+ dirname /data/000300655084
+ subPath=/data
+ date +%s
+ start=1674851379
+ echo subIDpath: /data/000300655084
+ echo subPath: /data
+ echo subjectID: 000300655084
+ template=/usr/share/fsl/data/standard/MNI152_T1_2mm_brain.nii.gz
+ templatemask=/usr/share/fsl/data/standard/MNI152_T1_2mm_brain_mask.nii.gz
+ mocodir=/data/derivatives/000300655084/motion
+ coregdir=/data/derivatives/000300655084/coregistration
+ normdir=/data/derivatives/000300655084/normalization
+ procdir=/data/derivatives/000300655084/processed
+ anatdir=/data/derivatives/000300655084/anat
+ echo mocodir: /data/derivatives/000300655084/motion
+ echo coregdir: /data/derivatives/000300655084/coregistration
+ echo normdir: /data/derivatives/000300655084/normalization
+ echo procdir: /data/derivatives/000300655084/processed
+ echo anatdir: /data/derivatives/000300655084/anat
+ mkdir -p /data/derivatives/000300655084/coregistration
+ mkdir -p /data/derivatives/000300655084/motion
+ mkdir -p /data/derivatives/000300655084/normalization
+ mkdir -p /data/derivatives/000300655084/processed
+ mkdir -p /data/derivatives/000300655084/anat
/run/pd_dockerParralelized_fbirn.sh: 65: /run/pd_dockerParralelized_fbirn.sh: Syntax error: "(" unexpected
