+ set -e
+ FSLDIR=/usr/share/fsl/5.0
+ export PATH=/usr/lib/ants:.:/usr/local/sbin:/usr/local/bin:/usr/sbin:/usr/bin:/sbin:/bin:/usr/lib/ROBEX:/usr/lib/ants
+ PATH=/usr/lib/ants:.:/usr/local/sbin:/usr/local/bin:/usr/sbin:/usr/bin:/sbin:/bin:/usr/lib/ROBEX:/usr/lib/ants
+ export ANTSPATH=/usr/lib/ants
+ ANTSPATH=/usr/lib/ants
+ export AFNIbinPATH=/usr/local/AFNIbin
+ AFNIbinPATH=/usr/local/AFNIbin
+ PATH=/usr/local/AFNIbin:/usr/lib/ants:.:/usr/local/sbin:/usr/local/bin:/usr/sbin:/usr/bin:/sbin:/bin:/usr/lib/ROBEX:/usr/lib/ants
+ PATH=/usr/share/fsl/5.0/bin:/usr/local/AFNIbin:/usr/lib/ants:.:/usr/local/sbin:/usr/local/bin:/usr/sbin:/usr/bin:/sbin:/bin:/usr/lib/ROBEX:/usr/lib/ants
+ export FSLDIR PATH
+ . /usr/share/fsl/5.0/etc/fslconf/fsl.sh
+++ tr : '\n'
+++ grep -v /usr/lib/fsl/
+++ sed 's/:$//'
+++ tr -s '\n' :
+++ echo /usr/share/fsl/5.0/bin:/usr/local/AFNIbin:/usr/lib/ants:.:/usr/local/sbin:/usr/local/bin:/usr/sbin:/usr/bin:/sbin:/bin:/usr/lib/ROBEX:/usr/lib/ants
++ PATH=/usr/share/fsl/5.0/bin:/usr/local/AFNIbin:/usr/lib/ants:.:/usr/local/sbin:/usr/local/bin:/usr/sbin:/usr/bin:/sbin:/bin:/usr/lib/ROBEX:/usr/lib/ants
+++ tr : '\n'
+++ tr -s '\n' :
+++ echo /.singularity.d/libs
+++ sed 's/:$//'
+++ grep -v /usr/lib/fsl/
++ LD_LIBRARY_PATH=/.singularity.d/libs
++ FSLDIR=/usr/share/fsl/5.0
++ POSSUMDIR=/usr/share/fsl/5.0
++ PATH=/usr/lib/fsl/5.0:/usr/share/fsl/5.0/bin:/usr/local/AFNIbin:/usr/lib/ants:.:/usr/local/sbin:/usr/local/bin:/usr/sbin:/usr/bin:/sbin:/bin:/usr/lib/ROBEX:/usr/lib/ants
++ FSLOUTPUTTYPE=NIFTI_GZ
++ FSLMULTIFILEQUIT=TRUE
++ FSLTCLSH=/usr/bin/tclsh
++ FSLWISH=/usr/bin/wish
++ FSLBROWSER=/etc/alternatives/x-www-browser
++ FSLLOCKDIR=
++ FSLMACHINELIST=
++ FSLREMOTECALL=
++ FSLCLUSTER_MAILOPTS=n
++ export FSLDIR POSSUMDIR PATH FSLMULTIFILEQUIT FSLOUTPUTTYPE FSLTCLSH FSLWISH FSLBROWSER FSLLOCKDIR FSLMACHINELIST FSLREMOTECALL
++ LD_LIBRARY_PATH=/usr/lib/fsl/5.0:/.singularity.d/libs
++ export LD_LIBRARY_PATH
++ '[' -f /home/users/jwardell1/.fslconf/fsl.sh ']'
+ subjectID=000300655084
+ subIDpath=/data/000300655084
++ dirname /data/000300655084
+ subPath=/data
++ date +%s
+ start=1675373068
+ echo 'subIDpath: /data/000300655084'
+ echo 'subPath: /data'
+ echo 'subjectID: 000300655084'
+ module load Image_Analysis/AFNI
++ /usr/share/lmod/lmod/libexec/lmod bash load Image_Analysis/AFNI
environment: /usr/share/lmod/lmod/libexec/lmod: No such file or directory
+ eval
+ '[' 0 = 0 ']'
++ : -s sh
+ eval
+ cd /data/mialab/users/tderamus/Track1_HCP_Brainhack
/run/pd_dockerParralelized_fbirn.sh: line 37: cd: /data/mialab/users/tderamus/Track1_HCP_Brainhack: No such file or directory
