+ FSLDIR=/usr/share/fsl/5.0
+ export PATH=/usr/lib/ants:.:/usr/local/sbin:/usr/local/bin:/usr/sbin:/usr/bin:/sbin:/bin:/usr/lib/ROBEX:/usr/lib/ants
+ PATH=/usr/lib/ants:.:/usr/local/sbin:/usr/local/bin:/usr/sbin:/usr/bin:/sbin:/bin:/usr/lib/ROBEX:/usr/lib/ants
+ export ANTSPATH=/usr/lib/ants
+ ANTSPATH=/usr/lib/ants
+ export AFNIbinPATH=/usr/local/AFNIbin
+ AFNIbinPATH=/usr/local/AFNIbin
+ PATH=/usr/local/AFNIbin:/usr/lib/ants:.:/usr/local/sbin:/usr/local/bin:/usr/sbin:/usr/bin:/sbin:/bin:/usr/lib/ROBEX:/usr/lib/ants
+ PATH=/usr/share/fsl/5.0/bin:/usr/local/AFNIbin:/usr/lib/ants:.:/usr/local/sbin:/usr/local/bin:/usr/sbin:/usr/bin:/sbin:/bin:/usr/lib/ROBEX:/usr/lib/ants
+ export FSLDIR PATH
+ . /usr/share/fsl/5.0/etc/fslconf/fsl.sh
+++ echo /usr/share/fsl/5.0/bin:/usr/local/AFNIbin:/usr/lib/ants:.:/usr/local/sbin:/usr/local/bin:/usr/sbin:/usr/bin:/sbin:/bin:/usr/lib/ROBEX:/usr/lib/ants
+++ tr : '\n'
+++ grep -v /usr/lib/fsl/
+++ sed 's/:$//'
+++ tr -s '\n' :
++ PATH=/usr/share/fsl/5.0/bin:/usr/local/AFNIbin:/usr/lib/ants:.:/usr/local/sbin:/usr/local/bin:/usr/sbin:/usr/bin:/sbin:/bin:/usr/lib/ROBEX:/usr/lib/ants
+++ tr : '\n'
+++ echo /.singularity.d/libs
+++ grep -v /usr/lib/fsl/
+++ sed 's/:$//'
+++ tr -s '\n' :
++ LD_LIBRARY_PATH=/.singularity.d/libs
++ FSLDIR=/usr/share/fsl/5.0
++ POSSUMDIR=/usr/share/fsl/5.0
++ PATH=/usr/lib/fsl/5.0:/usr/share/fsl/5.0/bin:/usr/local/AFNIbin:/usr/lib/ants:.:/usr/local/sbin:/usr/local/bin:/usr/sbin:/usr/bin:/sbin:/bin:/usr/lib/ROBEX:/usr/lib/ants
++ FSLOUTPUTTYPE=NIFTI_GZ
++ FSLMULTIFILEQUIT=TRUE
++ FSLTCLSH=/usr/bin/tclsh
++ FSLWISH=/usr/bin/wish
++ FSLBROWSER=/etc/alternatives/x-www-browser
++ FSLLOCKDIR=
++ FSLMACHINELIST=
++ FSLREMOTECALL=
++ FSLCLUSTER_MAILOPTS=n
++ export FSLDIR POSSUMDIR PATH FSLMULTIFILEQUIT FSLOUTPUTTYPE FSLTCLSH FSLWISH FSLBROWSER FSLLOCKDIR FSLMACHINELIST FSLREMOTECALL
++ LD_LIBRARY_PATH=/usr/lib/fsl/5.0:/.singularity.d/libs
++ export LD_LIBRARY_PATH
++ '[' -f /home/users/jwardell1/.fslconf/fsl.sh ']'
+ subjectID=000300655084
+ subIDpath=/data/000300655084
++ dirname /data/000300655084
+ subPath=/data
++ date +%s
+ start=1674489223
+ echo 'subIDpath: /data/000300655084'
+ echo 'subPath: /data'
+ echo 'subjectID: 000300655084'
+ template=/usr/share/fsl/data/standard/MNI152_T1_2mm_brain.nii.gz
+ templatemask=/usr/share/fsl/data/standard/MNI152_T1_2mm_brain_mask.nii.gz
+ mocodir=/data/derivatives/000300655084/motion
+ coregdir=/data/derivatives/000300655084/coregistration
+ normdir=/data/derivatives/000300655084/normalization
+ procdir=/data/derivatives/000300655084/processed
+ anatdir=/data/derivatives/000300655084/anat
+ echo mocodir: /data/derivatives/000300655084/motion
+ echo coregdir: /data/derivatives/000300655084/coregistration
+ echo normdir: /data/derivatives/000300655084/normalization
+ echo procdir: /data/derivatives/000300655084/processed
+ echo anatdir: /data/derivatives/000300655084/anat
+ mkdir -p /data/derivatives/000300655084/coregistration
+ mkdir -p /data/derivatives/000300655084/motion
+ mkdir -p /data/derivatives/000300655084/normalization
+ mkdir -p /data/derivatives/000300655084/processed
+ mkdir -p /data/derivatives/000300655084/anat
+ SKULL_PID=1872232
+ wait 1872232
+ skullstrip /data/000300655084 /data 000300655084 /data/derivatives/000300655084/anat
+ subIDpath=/data/000300655084
+ subPath=/data
+ subjectID=000300655084
+ anatdir=/data/derivatives/000300655084/anat
+ N4BiasFieldCorrection -d 3 -i /data/000300655084/anat/000300655084_run-01_T1w.nii.gz -o /data/derivatives/000300655084/anat/000300655084_run-01_T1w_bc.nii.gz
 file /data/000300655084/anat/000300655084_run-01_T1w.nii.gz does not exist . 
/run/pd_dockerParralelized_fbirn.sh: line 116: 1872233 Segmentation fault      (core dumped) N4BiasFieldCorrection -d 3 -i ${subIDpath}/anat/${subjectID}_run-01_T1w.nii.gz -o ${anatdir}/${subjectID}_run-01_T1w_bc.nii.gz
+ echo anatdir /data/derivatives/000300655084/anat
+ echo subjectID 000300655084
+ cd /ROBEX
+ ./ROBEX /data/derivatives/000300655084/anat/000300655084_run-01_T1w_bc.nii.gz /data/derivatives/000300655084/anat/000300655084_run-01_T1w_bc_ss.nii.gz
+ echo 'finished skullstrip'
+ ANTS_PID=1872242
+ wait
+ antsRegistrationSyN.sh -d 3 -n 16 -f /usr/share/fsl/data/standard/MNI152_T1_2mm_brain.nii.gz -m /data/derivatives/000300655084/anat/000300655084_run-01_T1w_bc_ss.nii.gz -x /usr/share/fsl/data/standard/MNI152_T1_2mm_brain_mask.nii.gz -o /data/derivatives/000300655084/normalization/000300655084_ANTsReg
+ vrefbrain=000300655084_run-01_T1w_bc_ss.nii.gz
+ vrefhead=000300655084_run-01_T1w_bc.nii.gz
+ vepi=000300655084_task-rest_run-01_bold.nii.gz
+ vout=000300655084_rfMRI_v0_correg
+ epi_orig=/data/000300655084/func/000300655084_task-rest_run-01_bold.nii.gz
+ echo vepi 000300655084_task-rest_run-01_bold.nii.gz
+ echo epi_orig /data/000300655084/func/000300655084_task-rest_run-01_bold.nii.gz
+ 3dcalc -a0 /data/000300655084/func/000300655084_task-rest_run-01_bold.nii.gz -prefix /data/derivatives/000300655084/coregistration/000300655084_task-rest_run-01_bold.nii.gz -expr 'a*1'
++ 3dcalc: AFNI version=AFNI_22.1.14 (Jun 24 2022) [64-bit]
++ Authored by: A cast of thousands
[7m** FATAL ERROR:[0m can't open dataset /data/000300655084/func/000300655084_task-rest_run-01_bold.nii.gz[0]
** Program compile date = Jun 24 2022
+ EPI_PID=1872244
+ epireg_set /data/derivatives/000300655084/coregistration 000300655084_run-01_T1w_bc_ss.nii.gz 000300655084_task-rest_run-01_bold.nii.gz 000300655084_rfMRI_v0_correg 000300655084_run-01_T1w_bc.nii.gz
+ coregdir=/data/derivatives/000300655084/coregistration
+ vrefbrain=000300655084_run-01_T1w_bc_ss.nii.gz
+ vepi=000300655084_task-rest_run-01_bold.nii.gz
+ vout=000300655084_rfMRI_v0_correg
+ vrefhead=000300655084_run-01_T1w_bc.nii.gz
+ echo 'coregdir /data/derivatives/000300655084/coregistration'
+ echo 'vrefbrain 000300655084_run-01_T1w_bc_ss.nii.gz'
+ echo 'vepi 000300655084_task-rest_run-01_bold.nii.gz'
+ echo 'vout 000300655084_rfMRI_v0_correg'
+ cd /data/derivatives/000300655084/coregistration
++ date +%s
+ ln -s ../anat/000300655084_run-01_T1w_bc_ss.nii.gz .
+ start=1674489226
+ echo AA
+ 1deval -num 25 -expr t+10
+ ln -s ../anat/000300655084_run-01_T1w_bc.nii.gz .
+ /usr/share/fsl/5.0/bin/fast -N -o 000300655084_rfMRI_v0_correg_fast 000300655084_run-01_T1w_bc_ss.nii.gz
+ echo AAA
+ SCMOCO_PID=1872250
+ echo AAAA
+ echo 'waiting for moco and epi'
+ wait 1872250
+ moco_sc /data/000300655084/func/000300655084_task-rest_run-01_bold.nii.gz /data/derivatives/000300655084/coregistration/000300655084_task-rest_run-01_bold.nii.gz 000300655084 rest
+ epi_in=/data/000300655084/func/000300655084_task-rest_run-01_bold.nii.gz
+ ref_vol=/data/derivatives/000300655084/coregistration/000300655084_task-rest_run-01_bold.nii.gz
+ subjectID=000300655084
+ suffix=rest
+ cd /data/derivatives/000300655084/motion
+ sed 's/[][]//g'
+ abids_json_info.py -field SliceTiming -json /data/000300655084/func/_task-rest_run-04_bold.json
+ tr , '\n'
+ sed 's/ //g'
Image Exception : #22 :: ERROR: Could not open image 000300655084_run-01_T1w_bc_ss
terminate called after throwing an instance of 'RBD_COMMON::BaseException'
/run/pd_dockerParralelized_fbirn.sh: line 133: 1872249 Aborted                 (core dumped) $FSLDIR/bin/fast -N -o ${vout}_fast ${vrefbrain}
+ /usr/share/fsl/5.0/bin/fslmaths 000300655084_rfMRI_v0_correg_fast_pve_2 -thr 0.5 -bin 000300655084_rfMRI_v0_correg_fast_wmseg
Cannot open volume 000300655084_rfMRI_v0_correg_fast_pve_2 for reading!
+ echo 'FLIRT pre-alignment'
+ /usr/share/fsl/5.0/bin/flirt -ref 000300655084_run-01_T1w_bc_ss.nii.gz -in 000300655084_task-rest_run-01_bold.nii.gz -dof 6 -omat 000300655084_rfMRI_v0_correg_init.mat
Image Exception : #22 :: ERROR: Could not open image 000300655084_run-01_T1w_bc_ss
terminate called after throwing an instance of 'RBD_COMMON::BaseException'
/run/pd_dockerParralelized_fbirn.sh: line 133: 1872258 Aborted                 (core dumped) $FSLDIR/bin/flirt -ref ${vrefbrain} -in ${vepi} -dof 6 -omat ${vout}_init.mat
+ /usr/share/fsl/5.0/bin/flirt -ref 000300655084_run-01_T1w_bc.nii.gz -in 000300655084_task-rest_run-01_bold.nii.gz -dof 6 -cost bbr -wmseg 000300655084_rfMRI_v0_correg_fast_wmseg -init 000300655084_rfMRI_v0_correg_init.mat -omat 000300655084_rfMRI_v0_correg.mat -out 000300655084_rfMRI_v0_correg -schedule /usr/share/fsl/5.0/etc/flirtsch/bbr.sch
Image Exception : #22 :: ERROR: Could not open image 000300655084_run-01_T1w_bc
terminate called after throwing an instance of 'RBD_COMMON::BaseException'
++ cat tshiftparams.1D
++ grep -m1 -n -- '0$'
++ cut -d : -f1
+ SliceRef=
++ abids_json_info.py -field RepetitionTime -json /data/000300655084/func/_task-rest_run-04_bold.json
+ TR='
Error: _task-rest_run-04_bold.json not found!!'
+ 3dDespike -NEW -prefix Despike_rest.nii.gz /data/000300655084/func/000300655084_task-rest_run-01_bold.nii.gz
/run/pd_dockerParralelized_fbirn.sh: line 133: 1872260 Aborted                 (core dumped) $FSLDIR/bin/flirt -ref ${vrefhead} -in ${vepi} -dof 6 -cost bbr -wmseg ${vout}_fast_wmseg -init ${vout}_init.mat -omat ${vout}.mat -out ${vout} -schedule ${FSLDIR}/etc/flirtsch/bbr.sch
+ /usr/share/fsl/5.0/bin/applywarp -i 000300655084_task-rest_run-01_bold.nii.gz -r 000300655084_run-01_T1w_bc.nii.gz -o 000300655084_rfMRI_v0_correg --premat=000300655084_rfMRI_v0_correg.mat --interp=spline
Could not open matrix file 000300655084_rfMRI_v0_correg.mat
Image Exception : #22 :: ERROR: Could not open image 000300655084_task-rest_run-01_bold
terminate called after throwing an instance of 'RBD_COMMON::BaseException'
++ 3dDespike: AFNI version=AFNI_22.1.14 (Jun 24 2022) [64-bit]
++ Authored by: RW Cox
[7m** FATAL ERROR:[0m Can't open dataset '/data/000300655084/func/000300655084_task-rest_run-01_bold.nii.gz'
** Program compile date = Jun 24 2022
+ 3dTshift -tzero -1 -tpattern @tshiftparams.1D -TR Error: _task-rest_run-04_bold.json not 'found!!' -quintic -prefix tshift_Despiked_rest.nii.gz Despike_rest.nii.gz
++ 3dTshift: AFNI version=AFNI_22.1.14 (Jun 24 2022) [64-bit]
[7m** FATAL ERROR:[0m illegal value '-1' after -tzero!
** Program compile date = Jun 24 2022
+ 3dvolreg -verbose -zpad 1 -base /data/derivatives/000300655084/coregistration/000300655084_task-rest_run-01_bold.nii.gz -heptic -prefix moco_rest -1Dfile 000300655084_motion.1D -1Dmatrix_save mat.000300655084.1D tshift_Despiked_rest.nii.gz
++ 3dvolreg: AFNI version=AFNI_22.1.14 (Jun 24 2022) [64-bit]
++ Authored by: RW Cox
[7m** FATAL ERROR:[0m Couldn't open -base dataset /data/derivatives/000300655084/coregistration/000300655084_task-rest_run-01_bold.nii.gz
** Program compile date = Jun 24 2022
+ 3dresample -orient RPI -inset moco_rest+orig.HEAD -prefix /data/derivatives/000300655084/motion/000300655084_rfMRI_moco_rest.nii.gz
invalid input dataset <moco_rest+orig.HEAD>
+ echo 'finish moco_sc'
+ wait 1872244
/run/pd_dockerParralelized_fbirn.sh: line 133: 1872268 Aborted                 (core dumped) $FSLDIR/bin/applywarp -i ${vepi} -r ${vrefhead} -o ${vout} --premat=${vout}.mat --interp=spline
+ echo 'finished epireg_set'
+ echo after epi_pid wait
+ c3d_affine_tool -ref /data/derivatives/000300655084/coregistration/000300655084_run-01_T1w_bc_ss.nii.gz -src /data/derivatives/000300655084/coregistration/000300655084_task-rest_run-01_bold.nii.gz /data/derivatives/000300655084/coregistration/000300655084_rfMRI_v0_correg.mat -fsl2ras -oitk /data/derivatives/000300655084/coregistration/000300655084_rfMRI_FSL_to_ANTs_coreg.txt
Exception raised during processing:
/usr/include/ITK-4.12/itkImageFileReader.hxx:143:
 Could not create IO object for reading file /data/derivatives/000300655084/coregistration/000300655084_run-01_T1w_bc_ss.nii.gz
The file doesn't exist. 
Filename = /data/derivatives/000300655084/coregistration/000300655084_run-01_T1w_bc_ss.nii.gz

+ echo BB
+ Warp_PID1=1872274
+ echo BBB
+ wait 1872274
+ WarpTimeSeriesImageMultiTransform 4 /data/derivatives/000300655084/motion/000300655084_rfMRI_moco_rest.nii.gz /data/derivatives/000300655084/processed/000300655084_rsfMRI_processed_rest.nii.gz -R /usr/share/fsl/data/standard/MNI152_T1_2mm_brain.nii.gz /data/derivatives/000300655084/normalization/000300655084_ANTsReg1Warp.nii.gz /data/derivatives/000300655084/normalization/000300655084_ANTsReg0GenericAffine.mat /data/derivatives/000300655084/coregistration/000300655084_rfMRI_FSL_to_ANTs_coreg.txt
 file /data/derivatives/000300655084/motion/000300655084_rfMRI_moco_rest.nii.gz does not exist . 
/run/pd_dockerParralelized_fbirn.sh: line 291: 1872274 Segmentation fault      (core dumped) WarpTimeSeriesImageMultiTransform 4 ${mocodir}/${subjectID}_rfMRI_moco_rest.nii.gz ${procdir}/${subjectID}_rsfMRI_processed_rest.nii.gz -R ${template} ${normdir}/${subjectID}_ANTsReg1Warp.nii.gz ${normdir}/${subjectID}_ANTsReg0GenericAffine.mat ${coregdir}/${subjectID}_rfMRI_FSL_to_ANTs_coreg.txt
+ echo CC
+ cp /data/derivatives/000300655084/normalization/000300655084_ANTsReg1Warp.nii.gz /data/derivatives/000300655084/processed
cp: cannot stat '/data/derivatives/000300655084/normalization/000300655084_ANTsReg1Warp.nii.gz': No such file or directory
+ cp /data/derivatives/000300655084/normalization/000300655084_ANTsReg0GenericAffine.mat /data/derivatives/000300655084/processed
cp: cannot stat '/data/derivatives/000300655084/normalization/000300655084_ANTsReg0GenericAffine.mat': No such file or directory
+ cp /data/derivatives/000300655084/coregistration/000300655084_rfMRI_FSL_to_ANTs_coreg.txt /data/derivatives/000300655084/processed
cp: cannot stat '/data/derivatives/000300655084/coregistration/000300655084_rfMRI_FSL_to_ANTs_coreg.txt': No such file or directory
+ cp /data/derivatives/000300655084/normalization/000300655084_ANTsReg0GenericAffine.mat /data/derivatives/000300655084/processed
cp: cannot stat '/data/derivatives/000300655084/normalization/000300655084_ANTsReg0GenericAffine.mat': No such file or directory
+ cp /usr/share/fsl/data/standard/MNI152_T1_2mm_brain.nii.gz /data/derivatives/000300655084/processed
+ cp /data/derivatives/000300655084/coregistration/000300655084_rfMRI_v0_correg.mat /data/derivatives/000300655084/processed
cp: cannot stat '/data/derivatives/000300655084/coregistration/000300655084_rfMRI_v0_correg.mat': No such file or directory
+ cp /data/derivatives/000300655084/motion/000300655084_rfMRI_moco_rest.nii.gz /data/derivatives/000300655084/processed
cp: cannot stat '/data/derivatives/000300655084/motion/000300655084_rfMRI_moco_rest.nii.gz': No such file or directory
+ cp /data/derivatives/000300655084/anat/000300655084_run-01_T1w_bc_ss.nii.gz /data/derivatives/000300655084/processed
cp: cannot stat '/data/derivatives/000300655084/anat/000300655084_run-01_T1w_bc_ss.nii.gz': No such file or directory
+ echo DD
++ date +%s
+ end=1674489228
+ echo 2
+ echo 'end of program'
