subIDpath: /data/000300655084
subPath: /data
subjectID: 000300655084
mocodir: /data/derivatives/000300655084/motion
coregdir: /data/derivatives/000300655084/coregistration
normdir: /data/derivatives/000300655084/normalization
procdir: /data/derivatives/000300655084/processed
anatdir: /data/derivatives/000300655084/anat
function skullstrip was called
anatdir /data/derivatives/000300655084/anat
subjectID 000300655084
Step 1  of 9: reading in images...Done! It took roughly 0 seconds
Step 2 of 9: registration...
  2a) Similarity transform...
  2b) Affine transform...
  2c) Resampling volume...
  Registration done! It took roughly 11 seconds
Step 3 of 9: rough bias field correction...Done! It took roughly 7 seconds
Step 4 of 9: calculating features...Done! It took roughly 23 seconds
Step 5 of 9: voxel classification...Done! It took roughly 12 seconds
Step 6 of 9: fitting the shape model...Done! It took roughly 4 seconds
Step 7 of 9: free deformation...Done! It took roughly 1 seconds
Step 8 of 9: building volume from mesh...Done! It took roughly 5 seconds
Step 9 of 9: warping back to original space...Done! It took roughly 0 seconds

 Output ready 

 The whole process took roughly 63 seconds

 Freeing memory and deleting temporary files...


finished skullstrip

--------------------------------------------------------------------------------------
 Mapping parameters
--------------------------------------------------------------------------------------
 ANTSPATH is /usr/lib/ants

 Dimensionality:           3
 Output name prefix:       /data/derivatives/000300655084/normalization/000300655084_ANTsReg
 Fixed images:             /usr/share/fsl/data/standard/MNI152_T1_2mm_brain.nii.gz
 Moving images:            /data/derivatives/000300655084/anat/mwc1pT1.nii
 Number of threads:        16
 Spline distance:          26
 Transform type:           s
 CC radius:                4
 Precision:                d
 Use histogram matching    0
======================================================================================
 antsRegistration call:
--------------------------------------------------------------------------------------
/usr/lib/ants/antsRegistration --verbose 1 --dimensionality 3 --float 0 --output [/data/derivatives/000300655084/normalization/000300655084_ANTsReg,/data/derivatives/000300655084/normalization/000300655084_ANTsRegWarped.nii.gz,/data/derivatives/000300655084/normalization/000300655084_ANTsRegInverseWarped.nii.gz] --interpolation Linear --use-histogram-matching 0 --winsorize-image-intensities [0.005,0.995] --initial-moving-transform [/usr/share/fsl/data/standard/MNI152_T1_2mm_brain.nii.gz,/data/derivatives/000300655084/anat/mwc1pT1.nii,1] --transform Rigid[0.1] --metric MI[/usr/share/fsl/data/standard/MNI152_T1_2mm_brain.nii.gz,/data/derivatives/000300655084/anat/mwc1pT1.nii,1,32,Regular,0.25] --convergence [1000x500x250x100,1e-6,10] --shrink-factors 8x4x2x1 --smoothing-sigmas 3x2x1x0vox -x [NULL,NULL] --transform Affine[0.1] --metric MI[/usr/share/fsl/data/standard/MNI152_T1_2mm_brain.nii.gz,/data/derivatives/000300655084/anat/mwc1pT1.nii,1,32,Regular,0.25] --convergence [1000x500x250x100,1e-6,10] --shrink-factors 8x4x2x1 --smoothing-sigmas 3x2x1x0vox -x [NULL,NULL] --transform SyN[0.1,3,0] --metric CC[/usr/share/fsl/data/standard/MNI152_T1_2mm_brain.nii.gz,/data/derivatives/000300655084/anat/mwc1pT1.nii,1,4] --convergence [100x70x50x20,1e-6,10] --shrink-factors 8x4x2x1 --smoothing-sigmas 3x2x1x0vox -x [/usr/share/fsl/data/standard/MNI152_T1_2mm_brain_mask.nii.gz, NULL]
--------------------------------------------------------------------------------------
All_Command_lines_OK
Using double precision for computations.
=============================================================================
The composite transform comprises the following transforms (in order): 
  1. Center of mass alignment using fixed image: /usr/share/fsl/data/standard/MNI152_T1_2mm_brain.nii.gz and moving image: /data/derivatives/000300655084/anat/mwc1pT1.nii (type = Euler3DTransform)
=============================================================================
  Reading mask(s).
    Registration stage 0
      No fixed mask
      No moving mask
    Registration stage 1
      No fixed mask
      No moving mask
    Registration stage 2
      Fixed mask = /usr/share/fsl/data/standard/MNI152_T1_2mm_brain_mask.nii.gz
      No moving mask
  number of levels = 4
  number of levels = 4
  number of levels = 4
  fixed image: /usr/share/fsl/data/standard/MNI152_T1_2mm_brain.nii.gz
  moving image: /data/derivatives/000300655084/anat/mwc1pT1.nii
  fixed image: /usr/share/fsl/data/standard/MNI152_T1_2mm_brain.nii.gz
  moving image: /data/derivatives/000300655084/anat/mwc1pT1.nii
  fixed image: /usr/share/fsl/data/standard/MNI152_T1_2mm_brain.nii.gz
  moving image: /data/derivatives/000300655084/anat/mwc1pT1.nii
Dimension = 3
Number of stages = 3
Use Histogram Matching false
Winsorize image intensities true
Lower quantile = 0.005
Upper quantile = 0.995
Stage 1 State
   Image metric = Mattes
     Fixed image = Image (0x55e9d99c36e0)
  RTTI typeinfo:   itk::Image<double, 3u>
  Reference Count: 2
  Modified Time: 1901
  Debug: Off
  Object Name: 
  Observers: 
    none
  Source: (none)
  Source output name: (none)
  Release Data: Off
  Data Released: False
  Global Release Data: Off
  PipelineMTime: 0
  UpdateMTime: 1734
  RealTimeStamp: 0 seconds 
  LargestPossibleRegion: 
    Dimension: 3
    Index: [0, 0, 0]
    Size: [91, 109, 91]
  BufferedRegion: 
    Dimension: 3
    Index: [0, 0, 0]
    Size: [91, 109, 91]
  RequestedRegion: 
    Dimension: 3
    Index: [0, 0, 0]
    Size: [91, 109, 91]
  Spacing: [2, 2, 2]
  Origin: [-90, 126, -72]
  Direction: 
1 0 0
0 -1 0
0 0 1

  IndexToPointMatrix: 
2 0 0
0 -2 0
0 0 2

  PointToIndexMatrix: 
0.5 0 0
0 -0.5 0
0 0 0.5

  Inverse Direction: 
1 0 0
0 -1 0
0 0 1

  PixelContainer: 
    ImportImageContainer (0x55e9d98c2ed0)
      RTTI typeinfo:   itk::ImportImageContainer<unsigned long, double>
      Reference Count: 1
      Modified Time: 1731
      Debug: Off
      Object Name: 
      Observers: 
        none
      Pointer: 0x55e9d99c3a40
      Container manages memory: true
      Size: 902629
      Capacity: 902629

     Moving image = Image (0x55e9d98d65a0)
  RTTI typeinfo:   itk::Image<double, 3u>
  Reference Count: 2
  Modified Time: 1902
  Debug: Off
  Object Name: 
  Observers: 
    none
  Source: (none)
  Source output name: (none)
  Release Data: Off
  Data Released: False
  Global Release Data: Off
  PipelineMTime: 0
  UpdateMTime: 1899
  RealTimeStamp: 0 seconds 
  LargestPossibleRegion: 
    Dimension: 3
    Index: [0, 0, 0]
    Size: [121, 145, 121]
  BufferedRegion: 
    Dimension: 3
    Index: [0, 0, 0]
    Size: [121, 145, 121]
  RequestedRegion: 
    Dimension: 3
    Index: [0, 0, 0]
    Size: [121, 145, 121]
  Spacing: [1.5, 1.5, 1.5]
  Origin: [-90, 126, -72]
  Direction: 
1 0 0
0 -1 0
0 0 1

  IndexToPointMatrix: 
1.5 0 0
0 -1.5 0
0 0 1.5

  PointToIndexMatrix: 
0.666667 0 0
0 -0.666667 0
0 0 0.666667

  Inverse Direction: 
1 0 0
0 -1 0
0 0 1

  PixelContainer: 
    ImportImageContainer (0x55e9d98c7460)
      RTTI typeinfo:   itk::ImportImageContainer<unsigned long, double>
      Reference Count: 1
      Modified Time: 1896
      Debug: Off
      Object Name: 
      Observers: 
        none
      Pointer: 0x55e9da0a6970
      Container manages memory: true
      Size: 2122945
      Capacity: 2122945

     Weighting = 1
     Sampling strategy = regular
     Number of bins = 32
     Radius = 4
     Sampling percentage  = 0.25
   Transform = Rigid
     Gradient step = 0.1
     Update field sigma (voxel space) = 0
     Total field sigma (voxel space) = 0
     Update field time sigma = 0
     Total field time sigma  = 0
     Number of time indices = 0
     Number of time point samples = 0
Stage 2 State
   Image metric = Mattes
     Fixed image = Image (0x55e9d99c1420)
  RTTI typeinfo:   itk::Image<double, 3u>
  Reference Count: 2
  Modified Time: 2233
  Debug: Off
  Object Name: 
  Observers: 
    none
  Source: (none)
  Source output name: (none)
  Release Data: Off
  Data Released: False
  Global Release Data: Off
  PipelineMTime: 0
  UpdateMTime: 2066
  RealTimeStamp: 0 seconds 
  LargestPossibleRegion: 
    Dimension: 3
    Index: [0, 0, 0]
    Size: [91, 109, 91]
  BufferedRegion: 
    Dimension: 3
    Index: [0, 0, 0]
    Size: [91, 109, 91]
  RequestedRegion: 
    Dimension: 3
    Index: [0, 0, 0]
    Size: [91, 109, 91]
  Spacing: [2, 2, 2]
  Origin: [-90, 126, -72]
  Direction: 
1 0 0
0 -1 0
0 0 1

  IndexToPointMatrix: 
2 0 0
0 -2 0
0 0 2

  PointToIndexMatrix: 
0.5 0 0
0 -0.5 0
0 0 0.5

  Inverse Direction: 
1 0 0
0 -1 0
0 0 1

  PixelContainer: 
    ImportImageContainer (0x55e9d98d7310)
      RTTI typeinfo:   itk::ImportImageContainer<unsigned long, double>
      Reference Count: 1
      Modified Time: 2063
      Debug: Off
      Object Name: 
      Observers: 
        none
      Pointer: 0x55e9db0d8f80
      Container manages memory: true
      Size: 902629
      Capacity: 902629

     Moving image = Image (0x55e9d99bffd0)
  RTTI typeinfo:   itk::Image<double, 3u>
  Reference Count: 2
  Modified Time: 2234
  Debug: Off
  Object Name: 
  Observers: 
    none
  Source: (none)
  Source output name: (none)
  Release Data: Off
  Data Released: False
  Global Release Data: Off
  PipelineMTime: 0
  UpdateMTime: 2231
  RealTimeStamp: 0 seconds 
  LargestPossibleRegion: 
    Dimension: 3
    Index: [0, 0, 0]
    Size: [121, 145, 121]
  BufferedRegion: 
    Dimension: 3
    Index: [0, 0, 0]
    Size: [121, 145, 121]
  RequestedRegion: 
    Dimension: 3
    Index: [0, 0, 0]
    Size: [121, 145, 121]
  Spacing: [1.5, 1.5, 1.5]
  Origin: [-90, 126, -72]
  Direction: 
1 0 0
0 -1 0
0 0 1

  IndexToPointMatrix: 
1.5 0 0
0 -1.5 0
0 0 1.5

  PointToIndexMatrix: 
0.666667 0 0
0 -0.666667 0
0 0 0.666667

  Inverse Direction: 
1 0 0
0 -1 0
0 0 1

  PixelContainer: 
    ImportImageContainer (0x55e9d98c5f30)
      RTTI typeinfo:   itk::ImportImageContainer<unsigned long, double>
      Reference Count: 1
      Modified Time: 2228
      Debug: Off
      Object Name: 
      Observers: 
        none
      Pointer: 0x55e9db7bbeb0
      Container manages memory: true
      Size: 2122945
      Capacity: 2122945

     Weighting = 1
     Sampling strategy = regular
     Number of bins = 32
     Radius = 4
     Sampling percentage  = 0.25
   Transform = Affine
     Gradient step = 0.1
     Update field sigma (voxel space) = 0
     Total field sigma (voxel space) = 0
     Update field time sigma = 0
     Total field time sigma  = 0
     Number of time indices = 0
     Number of time point samples = 0
Stage 3 State
   Image metric = CC
     Fixed image = Image (0x55e9d99c32f0)
  RTTI typeinfo:   itk::Image<double, 3u>
  Reference Count: 2
  Modified Time: 2565
  Debug: Off
  Object Name: 
  Observers: 
    none
  Source: (none)
  Source output name: (none)
  Release Data: Off
  Data Released: False
  Global Release Data: Off
  PipelineMTime: 0
  UpdateMTime: 2398
  RealTimeStamp: 0 seconds 
  LargestPossibleRegion: 
    Dimension: 3
    Index: [0, 0, 0]
    Size: [91, 109, 91]
  BufferedRegion: 
    Dimension: 3
    Index: [0, 0, 0]
    Size: [91, 109, 91]
  RequestedRegion: 
    Dimension: 3
    Index: [0, 0, 0]
    Size: [91, 109, 91]
  Spacing: [2, 2, 2]
  Origin: [-90, 126, -72]
  Direction: 
1 0 0
0 -1 0
0 0 1

  IndexToPointMatrix: 
2 0 0
0 -2 0
0 0 2

  PointToIndexMatrix: 
0.5 0 0
0 -0.5 0
0 0 0.5

  Inverse Direction: 
1 0 0
0 -1 0
0 0 1

  PixelContainer: 
    ImportImageContainer (0x55e9d99bf4d0)
      RTTI typeinfo:   itk::ImportImageContainer<unsigned long, double>
      Reference Count: 1
      Modified Time: 2395
      Debug: Off
      Object Name: 
      Observers: 
        none
      Pointer: 0x55e9dc7ee4c0
      Container manages memory: true
      Size: 902629
      Capacity: 902629

     Moving image = Image (0x55e9d99bea90)
  RTTI typeinfo:   itk::Image<double, 3u>
  Reference Count: 2
  Modified Time: 2566
  Debug: Off
  Object Name: 
  Observers: 
    none
  Source: (none)
  Source output name: (none)
  Release Data: Off
  Data Released: False
  Global Release Data: Off
  PipelineMTime: 0
  UpdateMTime: 2563
  RealTimeStamp: 0 seconds 
  LargestPossibleRegion: 
    Dimension: 3
    Index: [0, 0, 0]
    Size: [121, 145, 121]
  BufferedRegion: 
    Dimension: 3
    Index: [0, 0, 0]
    Size: [121, 145, 121]
  RequestedRegion: 
    Dimension: 3
    Index: [0, 0, 0]
    Size: [121, 145, 121]
  Spacing: [1.5, 1.5, 1.5]
  Origin: [-90, 126, -72]
  Direction: 
1 0 0
0 -1 0
0 0 1

  IndexToPointMatrix: 
1.5 0 0
0 -1.5 0
0 0 1.5

  PointToIndexMatrix: 
0.666667 0 0
0 -0.666667 0
0 0 0.666667

  Inverse Direction: 
1 0 0
0 -1 0
0 0 1

  PixelContainer: 
    ImportImageContainer (0x55e9d99b8370)
      RTTI typeinfo:   itk::ImportImageContainer<unsigned long, double>
      Reference Count: 1
      Modified Time: 2560
      Debug: Off
      Object Name: 
      Observers: 
        none
      Pointer: 0x55e9dced13f0
      Container manages memory: true
      Size: 2122945
      Capacity: 2122945

     Weighting = 1
     Sampling strategy = none
     Number of bins = 32
     Radius = 4
     Sampling percentage  = 1
   Transform = SyN
     Gradient step = 0.1
     Update field sigma (voxel space) = 3
     Total field sigma (voxel space) = 0
     Update field time sigma = 0
     Total field time sigma  = 0
     Number of time indices = 0
     Number of time point samples = 0
Registration using 3 total stages.

Stage 0
  iterations = 1000x500x250x100
  convergence threshold = 1e-06
  convergence window size = 10
  number of levels = 4
  using the Mattes MI metric (number of bins = 32, weight = 1)
  preprocessing:  winsorizing the image intensities
  Shrink factors (level 1 out of 4): [8, 8, 8]
  Shrink factors (level 2 out of 4): [4, 4, 4]
  Shrink factors (level 3 out of 4): [2, 2, 2]
  Shrink factors (level 4 out of 4): [1, 1, 1]
  smoothing sigmas per level: [3, 2, 1, 0]
  regular sampling (percentage = 0.25)

*** Running Euler3DTransform registration ***

DIAGNOSTIC,Iteration,metricValue,convergenceValue,ITERATION_TIME_INDEX,SINCE_LAST
 2DIAGNOSTIC,     1, -8.883589693205e-01, 1.797693134862e+308, 4.0911e-01, 4.0911e-01, 
 2DIAGNOSTIC,     2, -8.919331744030e-01, 1.797693134862e+308, 4.1224e-01, 3.1381e-03, 
 2DIAGNOSTIC,     3, -8.971755068924e-01, 1.797693134862e+308, 4.1528e-01, 3.0332e-03, 
 2DIAGNOSTIC,     4, -9.053922575057e-01, 1.797693134862e+308, 4.1869e-01, 3.4111e-03, 
 2DIAGNOSTIC,     5, -9.191239958260e-01, 1.797693134862e+308, 4.2336e-01, 4.6740e-03, 
 2DIAGNOSTIC,     6, -9.230586600491e-01, 1.797693134862e+308, 4.2699e-01, 3.6330e-03, 
 2DIAGNOSTIC,     7, -9.251635079074e-01, 1.797693134862e+308, 4.3039e-01, 3.3910e-03, 
 2DIAGNOSTIC,     8, -9.289157827672e-01, 1.797693134862e+308, 4.3641e-01, 6.0279e-03, 
 2DIAGNOSTIC,     9, -9.303396039855e-01, 1.797693134862e+308, 4.4011e-01, 3.6969e-03, 
 2DIAGNOSTIC,    10, -9.305604133166e-01, 3.358948878390e-03, 4.4505e-01, 4.9350e-03, 
 2DIAGNOSTIC,    11, -9.308067487542e-01, 2.556199813202e-03, 4.5066e-01, 5.6159e-03, 
 2DIAGNOSTIC,    12, -9.309160693341e-01, 1.759092165491e-03, 4.5545e-01, 4.7910e-03, 
 2DIAGNOSTIC,    13, -9.313669965696e-01, 1.061634685786e-03, 4.6451e-01, 9.0539e-03, 
 2DIAGNOSTIC,    14, -9.318261309218e-01, 5.527973484877e-04, 4.7001e-01, 5.5079e-03, 
 2DIAGNOSTIC,    15, -9.319727487367e-01, 3.475016870040e-04, 4.7505e-01, 5.0399e-03, 
 2DIAGNOSTIC,    16, -9.322340009527e-01, 2.177236125711e-04, 4.7994e-01, 4.8850e-03, 
 2DIAGNOSTIC,    17, -9.325346987840e-01, 1.255780619253e-04, 4.8572e-01, 5.7762e-03, 
 2DIAGNOSTIC,    18, -9.329694290373e-01, 1.032744561510e-04, 4.9536e-01, 9.6450e-03, 
 2DIAGNOSTIC,    19, -9.331526514136e-01, 9.974229810424e-05, 5.0005e-01, 4.6890e-03, 
 2DIAGNOSTIC,    20, -9.331817744042e-01, 9.132923847893e-05, 5.0703e-01, 6.9821e-03, 
 2DIAGNOSTIC,    21, -9.332041029906e-01, 7.948715298628e-05, 5.1567e-01, 8.6410e-03, 
 2DIAGNOSTIC,    22, -9.332163781032e-01, 6.301737335848e-05, 5.2026e-01, 4.5860e-03, 
 2DIAGNOSTIC,    23, -9.332984449028e-01, 4.914878215099e-05, 5.2583e-01, 5.5699e-03, 
 2DIAGNOSTIC,    24, -9.333381099021e-01, 3.832338585918e-05, 5.3115e-01, 5.3220e-03, 
 2DIAGNOSTIC,    25, -9.333475675810e-01, 2.684269944996e-05, 5.3574e-01, 4.5869e-03, 
 2DIAGNOSTIC,    26, -9.333617520353e-01, 1.711044694848e-05, 5.4099e-01, 5.2509e-03, 
 2DIAGNOSTIC,    27, -9.333864072337e-01, 1.019564533820e-05, 5.4718e-01, 6.1882e-03, 
 2DIAGNOSTIC,    28, -9.335801413478e-01, 9.746981063728e-06, 5.5743e-01, 1.0257e-02, 
 2DIAGNOSTIC,    29, -9.335970110477e-01, 1.056683802546e-05, 5.6237e-01, 4.9388e-03, 
 2DIAGNOSTIC,    30, -9.336098344395e-01, 1.089412798911e-05, 5.6708e-01, 4.7030e-03, 
 2DIAGNOSTIC,    31, -9.336768713985e-01, 1.119300214443e-05, 5.7270e-01, 5.6281e-03, 
 2DIAGNOSTIC,    32, -9.338664904215e-01, 1.240267748473e-05, 5.7855e-01, 5.8432e-03, 
 2DIAGNOSTIC,    33, -9.343799846630e-01, 1.790891946576e-05, 5.8806e-01, 9.5160e-03, 
 2DIAGNOSTIC,    34, -9.345007754711e-01, 2.281852090125e-05, 5.9368e-01, 5.6140e-03, 
 2DIAGNOSTIC,    35, -9.345583677854e-01, 2.602716456991e-05, 6.0016e-01, 6.4821e-03, 
 2DIAGNOSTIC,    36, -9.347913358329e-01, 2.884112869454e-05, 6.0608e-01, 5.9168e-03, 
 2DIAGNOSTIC,    37, -9.348984844106e-01, 2.981287961949e-05, 6.1503e-01, 8.9581e-03, 
 2DIAGNOSTIC,    38, -9.350021145218e-01, 3.030521224169e-05, 6.2062e-01, 5.5900e-03, 
 2DIAGNOSTIC,    39, -9.350952335451e-01, 2.883955331070e-05, 6.2508e-01, 4.4611e-03, 
 2DIAGNOSTIC,    40, -9.352047314282e-01, 2.576380863135e-05, 6.3093e-01, 5.8501e-03, 
 2DIAGNOSTIC,    41, -9.352712069375e-01, 2.143786733996e-05, 6.3925e-01, 8.3139e-03, 
 2DIAGNOSTIC,    42, -9.353433631774e-01, 1.714890573351e-05, 6.4430e-01, 5.0559e-03, 
 2DIAGNOSTIC,    43, -9.354221323945e-01, 1.570246947044e-05, 6.5064e-01, 6.3338e-03, 
 2DIAGNOSTIC,    44, -9.355030851307e-01, 1.429668093545e-05, 6.5504e-01, 4.4048e-03, 
 2DIAGNOSTIC,    45, -9.355483211092e-01, 1.231200722225e-05, 6.5955e-01, 4.5049e-03, 
 2DIAGNOSTIC,    46, -9.356543587517e-01, 1.155025160543e-05, 6.6399e-01, 4.4372e-03, 
 2DIAGNOSTIC,    47, -9.359572543544e-01, 1.242995078198e-05, 6.6838e-01, 4.3910e-03, 
 2DIAGNOSTIC,    48, -9.361686321171e-01, 1.409758601792e-05, 6.7811e-01, 9.7311e-03, 
 2DIAGNOSTIC,    49, -9.361826814055e-01, 1.505563362228e-05, 6.8296e-01, 4.8561e-03, 
 2DIAGNOSTIC,    50, -9.362215360184e-01, 1.553730442132e-05, 6.8791e-01, 4.9469e-03, 
 2DIAGNOSTIC,    51, -9.362642573619e-01, 1.522345483666e-05, 6.9519e-01, 7.2842e-03, 
 2DIAGNOSTIC,    52, -9.362866809792e-01, 1.403410114747e-05, 7.0033e-01, 5.1401e-03, 
 2DIAGNOSTIC,    53, -9.363066548299e-01, 1.214670415110e-05, 7.0477e-01, 4.4398e-03, 
 2DIAGNOSTIC,    54, -9.363321319627e-01, 9.847082889796e-06, 7.1110e-01, 6.3221e-03, 
 2DIAGNOSTIC,    55, -9.363391528286e-01, 7.050178064055e-06, 7.1531e-01, 4.2109e-03, 
 2DIAGNOSTIC,    56, -9.363646163359e-01, 4.414515000380e-06, 7.1974e-01, 4.4370e-03, 
 2DIAGNOSTIC,    57, -9.363854151966e-01, 3.204010496614e-06, 7.2885e-01, 9.1071e-03, 
 2DIAGNOSTIC,    58, -9.363954578397e-01, 2.947480876852e-06, 7.3369e-01, 4.8361e-03, 
 2DIAGNOSTIC,    59, -9.364027355694e-01, 2.577705846555e-06, 7.3862e-01, 4.9310e-03, 
 2DIAGNOSTIC,    60, -9.364154794110e-01, 2.283592137661e-06, 7.4359e-01, 4.9679e-03, 
 2DIAGNOSTIC,    61, -9.364563394131e-01, 2.245834476149e-06, 7.4849e-01, 4.9000e-03, 
 2DIAGNOSTIC,    62, -9.364942863680e-01, 2.333291368634e-06, 7.5462e-01, 6.1350e-03, 
 2DIAGNOSTIC,    63, -9.365043692397e-01, 2.384310671833e-06, 7.6040e-01, 5.7750e-03, 
 2DIAGNOSTIC,    64, -9.365149356404e-01, 2.430013643570e-06, 7.6605e-01, 5.6581e-03, 
 2DIAGNOSTIC,    65, -9.365224639208e-01, 2.355424391792e-06, 7.7181e-01, 5.7509e-03, 
 2DIAGNOSTIC,    66, -9.365941119121e-01, 2.547158863456e-06, 7.7903e-01, 7.2260e-03, 
 2DIAGNOSTIC,    67, -9.367457931721e-01, 3.307860907034e-06, 7.8467e-01, 5.6431e-03, 
 2DIAGNOSTIC,    68, -9.367644269920e-01, 3.888056759681e-06, 7.9089e-01, 6.2160e-03, 
 2DIAGNOSTIC,    69, -9.367725301443e-01, 4.203000427175e-06, 8.1365e-01, 2.2756e-02, 
 2DIAGNOSTIC,    70, -9.367725295702e-01, 4.210335482993e-06, 8.3781e-01, 2.4165e-02, 
 2DIAGNOSTIC,    71, -9.367725295701e-01, 4.021570473342e-06, 8.5122e-01, 1.3408e-02, 
 2DIAGNOSTIC,    72, -9.367725295701e-01, 3.642482319089e-06, 8.5734e-01, 6.1159e-03, 
 2DIAGNOSTIC,    73, -9.367725295701e-01, 3.007578740692e-06, 8.6353e-01, 6.1910e-03, 
 2DIAGNOSTIC,    74, -9.367725295701e-01, 2.197539185612e-06, 8.6886e-01, 5.3370e-03, 
 2DIAGNOSTIC,    75, -9.367725295701e-01, 1.269625175469e-06, 8.7378e-01, 4.9150e-03, 
DIAGNOSTIC,Iteration,metricValue,convergenceValue,ITERATION_TIME_INDEX,SINCE_LAST
 2DIAGNOSTIC,     1, -6.213276293697e-01, 1.797693134862e+308, 1.1053e+00, 2.3148e-01, 
 2DIAGNOSTIC,     2, -6.237365008086e-01, 1.797693134862e+308, 1.1126e+00, 7.3471e-03, 
 2DIAGNOSTIC,     3, -6.261991703104e-01, 1.797693134862e+308, 1.1182e+00, 5.5768e-03, 
 2DIAGNOSTIC,     4, -6.284774824189e-01, 1.797693134862e+308, 1.1236e+00, 5.4400e-03, 
 2DIAGNOSTIC,     5, -6.308698098768e-01, 1.797693134862e+308, 1.1307e+00, 7.0729e-03, 
 2DIAGNOSTIC,     6, -6.325343468022e-01, 1.797693134862e+308, 1.1363e+00, 5.6500e-03, 
 2DIAGNOSTIC,     7, -6.336288508301e-01, 1.797693134862e+308, 1.1435e+00, 7.1971e-03, 
 2DIAGNOSTIC,     8, -6.360938679425e-01, 1.797693134862e+308, 1.1529e+00, 9.3870e-03, 
 2DIAGNOSTIC,     9, -6.367658443342e-01, 1.797693134862e+308, 1.1600e+00, 7.0610e-03, 
 2DIAGNOSTIC,    10, -6.368580166775e-01, 1.649914111844e-03, 1.1665e+00, 6.5119e-03, 
 2DIAGNOSTIC,    11, -6.370202274095e-01, 1.273191388858e-03, 1.1735e+00, 7.0140e-03, 
 2DIAGNOSTIC,    12, -6.374510330898e-01, 9.512317892085e-04, 1.1891e+00, 1.5609e-02, 
 2DIAGNOSTIC,    13, -6.374641268009e-01, 6.769491050446e-04, 1.1958e+00, 6.6400e-03, 
 2DIAGNOSTIC,    14, -6.374711322913e-01, 4.528515576060e-04, 1.2021e+00, 6.3541e-03, 
 2DIAGNOSTIC,    15, -6.374766887586e-01, 2.897626646488e-04, 1.2088e+00, 6.6800e-03, 
 2DIAGNOSTIC,    16, -6.374835456075e-01, 1.678560353621e-04, 1.2154e+00, 6.5989e-03, 
 2DIAGNOSTIC,    17, -6.374991770946e-01, 7.259832060098e-05, 1.2221e+00, 6.6631e-03, 
 2DIAGNOSTIC,    18, -6.375296780522e-01, 4.320160316077e-05, 1.2288e+00, 6.7260e-03, 
 2DIAGNOSTIC,    19, -6.375647856970e-01, 2.989768043760e-05, 1.2355e+00, 6.7191e-03, 
 2DIAGNOSTIC,    20, -6.376335698174e-01, 1.892288595547e-05, 1.2484e+00, 1.2905e-02, 
 2DIAGNOSTIC,    21, -6.376358252703e-01, 1.061074724723e-05, 1.2561e+00, 7.7329e-03, 
 2DIAGNOSTIC,    22, -6.376365307026e-01, 1.101209896472e-05, 1.2627e+00, 6.6040e-03, 
 2DIAGNOSTIC,    23, -6.376389601220e-01, 1.079433657033e-05, 1.2694e+00, 6.6330e-03, 
 2DIAGNOSTIC,    24, -6.376446559892e-01, 9.935251759248e-06, 1.2760e+00, 6.5851e-03, 
 2DIAGNOSTIC,    25, -6.376508011300e-01, 8.530303889205e-06, 1.2841e+00, 8.1420e-03, 
 2DIAGNOSTIC,    26, -6.376526177559e-01, 6.703422403997e-06, 1.2906e+00, 6.4662e-03, 
 2DIAGNOSTIC,    27, -6.376537389119e-01, 4.787089970718e-06, 1.2984e+00, 7.8089e-03, 
 2DIAGNOSTIC,    28, -6.376581852978e-01, 3.225010617725e-06, 1.3093e+00, 1.0959e-02, 
 2DIAGNOSTIC,    29, -6.376585380928e-01, 2.088279668210e-06, 1.3369e+00, 2.7532e-02, 
 2DIAGNOSTIC,    30, -6.376585380667e-01, 1.958797696204e-06, 1.3655e+00, 2.8598e-02, 
 2DIAGNOSTIC,    31, -6.376585380667e-01, 1.787330743235e-06, 1.3761e+00, 1.0654e-02, 
 2DIAGNOSTIC,    32, -6.376585380667e-01, 1.565586461999e-06, 1.3841e+00, 7.9560e-03, 
 2DIAGNOSTIC,    33, -6.376585380667e-01, 1.334484063739e-06, 1.3918e+00, 7.7469e-03, 
 2DIAGNOSTIC,    34, -6.376585380667e-01, 1.154990218546e-06, 1.3997e+00, 7.9150e-03, 
 2DIAGNOSTIC,    35, -6.376585380667e-01, 1.044163751400e-06, 1.4082e+00, 8.4519e-03, 
DIAGNOSTIC,Iteration,metricValue,convergenceValue,ITERATION_TIME_INDEX,SINCE_LAST
 2DIAGNOSTIC,     1, -4.764353683470e-01, 1.797693134862e+308, 1.5863e+00, 1.7808e-01, 
 2DIAGNOSTIC,     2, -4.771213137570e-01, 1.797693134862e+308, 1.6139e+00, 2.7623e-02, 
 2DIAGNOSTIC,     3, -4.776403078567e-01, 1.797693134862e+308, 1.6414e+00, 2.7529e-02, 
 2DIAGNOSTIC,     4, -4.779205586323e-01, 1.797693134862e+308, 1.6722e+00, 3.0823e-02, 
 2DIAGNOSTIC,     5, -4.780718740117e-01, 1.797693134862e+308, 1.7171e+00, 4.4876e-02, 
 2DIAGNOSTIC,     6, -4.781504296810e-01, 1.797693134862e+308, 1.7503e+00, 3.3181e-02, 
 2DIAGNOSTIC,     7, -4.781438049844e-01, 1.797693134862e+308, 1.7779e+00, 2.7594e-02, 
 2DIAGNOSTIC,     8, -4.782097253070e-01, 1.797693134862e+308, 1.8079e+00, 2.9956e-02, 
 2DIAGNOSTIC,     9, -4.783300723920e-01, 1.797693134862e+308, 1.8413e+00, 3.3397e-02, 
 2DIAGNOSTIC,    10, -4.785255359669e-01, 2.210500522800e-04, 1.8889e+00, 4.7628e-02, 
 2DIAGNOSTIC,    11, -4.786134111343e-01, 1.443288058080e-04, 1.9197e+00, 3.0862e-02, 
 2DIAGNOSTIC,    12, -4.786356434957e-01, 1.024415749285e-04, 1.9485e+00, 2.8809e-02, 
 2DIAGNOSTIC,    13, -4.786683280505e-01, 8.309665059669e-05, 1.9820e+00, 3.3478e-02, 
 2DIAGNOSTIC,    14, -4.787249620612e-01, 7.325463974217e-05, 2.0118e+00, 2.9743e-02, 
 2DIAGNOSTIC,    15, -4.789550786691e-01, 7.311408043327e-05, 2.0582e+00, 4.6471e-02, 
 2DIAGNOSTIC,    16, -4.790325855436e-01, 7.210287342987e-05, 2.1092e+00, 5.0982e-02, 
 2DIAGNOSTIC,    17, -4.790406419655e-01, 6.492566302128e-05, 2.1399e+00, 3.0723e-02, 
 2DIAGNOSTIC,    18, -4.790442648117e-01, 5.514887529939e-05, 2.1681e+00, 2.8193e-02, 
 2DIAGNOSTIC,    19, -4.790546435730e-01, 4.539233492003e-05, 2.2027e+00, 3.4581e-02, 
 2DIAGNOSTIC,    20, -4.790605446856e-01, 3.834768481543e-05, 2.2333e+00, 3.0573e-02, 
 2DIAGNOSTIC,    21, -4.790589138640e-01, 3.094831296134e-05, 2.2638e+00, 3.0532e-02, 
 2DIAGNOSTIC,    22, -4.790584236220e-01, 2.215207480882e-05, 2.2927e+00, 2.8904e-02, 
 2DIAGNOSTIC,    23, -4.790719138663e-01, 1.343849426357e-05, 2.3305e+00, 3.7722e-02, 
 2DIAGNOSTIC,    24, -4.790831546131e-01, 5.849383291477e-06, 2.3674e+00, 3.6988e-02, 
 2DIAGNOSTIC,    25, -4.790775192171e-01, 3.720507316715e-06, 2.4412e+00, 7.3779e-02, 
 2DIAGNOSTIC,    26, -4.790857991982e-01, 3.496659113388e-06, 2.4730e+00, 3.1740e-02, 
 2DIAGNOSTIC,    27, -4.790859297476e-01, 3.254627794505e-06, 2.5027e+00, 2.9777e-02, 
 2DIAGNOSTIC,    28, -4.790861386210e-01, 2.904481135775e-06, 2.5358e+00, 3.3066e-02, 
 2DIAGNOSTIC,    29, -4.790864648980e-01, 2.624985003405e-06, 2.5654e+00, 2.9579e-02, 
 2DIAGNOSTIC,    30, -4.790869400939e-01, 2.351477917342e-06, 2.5968e+00, 3.1444e-02, 
 2DIAGNOSTIC,    31, -4.790875817228e-01, 1.959069245418e-06, 2.6294e+00, 3.2590e-02, 
 2DIAGNOSTIC,    32, -4.790883939868e-01, 1.501738289625e-06, 2.6600e+00, 3.0549e-02, 
 2DIAGNOSTIC,    33, -4.790892925929e-01, 1.278159979599e-06, 2.6940e+00, 3.4074e-02, 
 2DIAGNOSTIC,    34, -4.790902919627e-01, 1.256119875059e-06, 2.7261e+00, 3.2063e-02, 
 2DIAGNOSTIC,    35, -4.790916814800e-01, 1.128715841483e-06, 2.7641e+00, 3.7977e-02, 
 2DIAGNOSTIC,    36, -4.790938231811e-01, 1.159034982087e-06, 2.9138e+00, 1.4970e-01, 
 2DIAGNOSTIC,    37, -4.790938230954e-01, 1.162992192019e-06, 3.0578e+00, 1.4399e-01, 
 2DIAGNOSTIC,    38, -4.790938230954e-01, 1.141709783267e-06, 3.1171e+00, 5.9331e-02, 
 2DIAGNOSTIC,    39, -4.790938230954e-01, 1.097775887828e-06, 3.1582e+00, 4.1070e-02, 
 2DIAGNOSTIC,    40, -4.790938230954e-01, 1.035813952509e-06, 3.1986e+00, 4.0435e-02, 
DIAGNOSTIC,Iteration,metricValue,convergenceValue,ITERATION_TIME_INDEX,SINCE_LAST
 2DIAGNOSTIC,     1, -3.668335281786e-01, 1.797693134862e+308, 3.5479e+00, 3.4933e-01, 
 2DIAGNOSTIC,     2, -3.672100576522e-01, 1.797693134862e+308, 3.7547e+00, 2.0681e-01, 
 2DIAGNOSTIC,     3, -3.673260984399e-01, 1.797693134862e+308, 3.9888e+00, 2.3410e-01, 
 2DIAGNOSTIC,     4, -3.673310138582e-01, 1.797693134862e+308, 4.1925e+00, 2.0365e-01, 
 2DIAGNOSTIC,     5, -3.673286222567e-01, 1.797693134862e+308, 4.3916e+00, 1.9908e-01, 
 2DIAGNOSTIC,     6, -3.673271329079e-01, 1.797693134862e+308, 4.6015e+00, 2.0993e-01, 
 2DIAGNOSTIC,     7, -3.673253230794e-01, 1.797693134862e+308, 4.8051e+00, 2.0355e-01, 
 2DIAGNOSTIC,     8, -3.673241969352e-01, 1.797693134862e+308, 5.0498e+00, 2.4474e-01, 
 2DIAGNOSTIC,     9, -3.673250297909e-01, 1.797693134862e+308, 5.7833e+00, 7.3353e-01, 
 2DIAGNOSTIC,    10, -3.673250297706e-01, 4.866045465032e-05, 6.5299e+00, 7.4657e-01, 
 2DIAGNOSTIC,    11, -3.673250297706e-01, 1.045281163266e-05, 6.7649e+00, 2.3502e-01, 
 2DIAGNOSTIC,    12, -3.673250297706e-01, 2.007196455753e-06, 6.9758e+00, 2.1091e-01, 
 2DIAGNOSTIC,    13, -3.673250297706e-01, 1.816351330286e-06, 7.1823e+00, 2.0650e-01, 
 2DIAGNOSTIC,    14, -3.673250297706e-01, 1.982387331428e-06, 7.3830e+00, 2.0063e-01, 
 2DIAGNOSTIC,    15, -3.673250297706e-01, 2.029350747820e-06, 7.6212e+00, 2.3825e-01, 
 2DIAGNOSTIC,    16, -3.673250297706e-01, 2.009318626539e-06, 7.8287e+00, 2.0748e-01, 
 2DIAGNOSTIC,    17, -3.673250297706e-01, 1.909258119263e-06, 8.0369e+00, 2.0820e-01, 
 2DIAGNOSTIC,    18, -3.673250297706e-01, 1.767375915049e-06, 8.2508e+00, 2.1387e-01, 
 2DIAGNOSTIC,    19, -3.673250297706e-01, 1.674349037396e-06, 8.4925e+00, 2.4170e-01, 
 2DIAGNOSTIC,    20, -3.673250297706e-01, 1.590624813051e-06, 8.7279e+00, 2.3539e-01, 
 2DIAGNOSTIC,    21, -3.673250297706e-01, 1.514874938685e-06, 8.9359e+00, 2.0802e-01, 
 2DIAGNOSTIC,    22, -3.673250297706e-01, 1.446011922958e-06, 9.1526e+00, 2.1676e-01, 
 2DIAGNOSTIC,    23, -3.673250297706e-01, 1.383137416773e-06, 9.3547e+00, 2.0202e-01, 
 2DIAGNOSTIC,    24, -3.673250297706e-01, 1.325502805995e-06, 9.5579e+00, 2.0321e-01, 
 2DIAGNOSTIC,    25, -3.673250297706e-01, 1.272479262432e-06, 9.7667e+00, 2.0887e-01, 
 2DIAGNOSTIC,    26, -3.673250297706e-01, 1.223534706801e-06, 9.9690e+00, 2.0227e-01, 
 2DIAGNOSTIC,    27, -3.673250297706e-01, 1.178215891101e-06, 1.0172e+01, 2.0324e-01, 
 2DIAGNOSTIC,    28, -3.673250297706e-01, 1.136134320692e-06, 1.0377e+01, 2.0437e-01, 
 2DIAGNOSTIC,    29, -3.673250297706e-01, 1.096955089458e-06, 1.0547e+01, 1.7019e-01, 
 2DIAGNOSTIC,    30, -3.673250297706e-01, 1.060387947852e-06, 1.0719e+01, 1.7183e-01, 
 2DIAGNOSTIC,    31, -3.673250297706e-01, 1.026180099804e-06, 1.0924e+01, 2.0487e-01, 
  Elapsed time (stage 0): 1.1075e+01


Stage 1
  iterations = 1000x500x250x100
  convergence threshold = 1.0000e-06
  convergence window size = 10
  number of levels = 4
  using the Mattes MI metric (number of bins = 32, weight = 1.0000e+00)
  preprocessing:  winsorizing the image intensities
  Shrink factors (level 1 out of 4): [8, 8, 8]
  Shrink factors (level 2 out of 4): [4, 4, 4]
  Shrink factors (level 3 out of 4): [2, 2, 2]
  Shrink factors (level 4 out of 4): [1, 1, 1]
  smoothing sigmas per level: [3, 2, 1, 0]
  regular sampling (percentage = 2.5000e-01)

*** Running AffineTransform registration ***

DIAGNOSTIC,Iteration,metricValue,convergenceValue,ITERATION_TIME_INDEX,SINCE_LAST
 2DIAGNOSTIC,     1, -8.960998819510e-01, 1.797693134862e+308, 3.8479e-01, 3.8479e-01, 
 2DIAGNOSTIC,     2, -8.994578942385e-01, 1.797693134862e+308, 3.8907e-01, 4.2791e-03, 
 2DIAGNOSTIC,     3, -9.045149366300e-01, 1.797693134862e+308, 3.9302e-01, 3.9468e-03, 
 2DIAGNOSTIC,     4, -9.118062732201e-01, 1.797693134862e+308, 3.9662e-01, 3.6061e-03, 
 2DIAGNOSTIC,     5, -9.220954277020e-01, 1.797693134862e+308, 4.0037e-01, 3.7420e-03, 
 2DIAGNOSTIC,     6, -9.362972383655e-01, 1.797693134862e+308, 4.0381e-01, 3.4440e-03, 
 2DIAGNOSTIC,     7, -9.546048014522e-01, 1.797693134862e+308, 4.1312e-01, 9.3119e-03, 
 2DIAGNOSTIC,     8, -9.549738854987e-01, 1.797693134862e+308, 4.1655e-01, 3.4299e-03, 
 2DIAGNOSTIC,     9, -9.567364887028e-01, 1.797693134862e+308, 4.2043e-01, 3.8831e-03, 
 2DIAGNOSTIC,    10, -9.588525713511e-01, 5.217659267119e-03, 4.2564e-01, 5.2040e-03, 
 2DIAGNOSTIC,    11, -9.611673499728e-01, 4.411559681724e-03, 4.3052e-01, 4.8850e-03, 
 2DIAGNOSTIC,    12, -9.630600352101e-01, 3.475051984130e-03, 4.3739e-01, 6.8641e-03, 
 2DIAGNOSTIC,    13, -9.647827564063e-01, 2.533322291049e-03, 4.4664e-01, 9.2502e-03, 
 2DIAGNOSTIC,    14, -9.650443556898e-01, 1.666790461498e-03, 4.5216e-01, 5.5180e-03, 
 2DIAGNOSTIC,    15, -9.658064846745e-01, 9.857747650648e-04, 4.5747e-01, 5.3139e-03, 
 2DIAGNOSTIC,    16, -9.741814544223e-01, 7.168883535897e-04, 4.6288e-01, 5.4090e-03, 
 2DIAGNOSTIC,    17, -9.848922156936e-01, 9.236893970082e-04, 4.7017e-01, 7.2949e-03, 
 2DIAGNOSTIC,    18, -9.923706507330e-01, 1.148264893507e-03, 4.7549e-01, 5.3139e-03, 
 2DIAGNOSTIC,    19, -9.990492588705e-01, 1.375081654943e-03, 4.8132e-01, 5.8351e-03, 
 2DIAGNOSTIC,    20, -1.001569738219e+00, 1.519940954311e-03, 4.8688e-01, 5.5571e-03, 
 2DIAGNOSTIC,    21, -1.006192568036e+00, 1.605936079248e-03, 4.9287e-01, 5.9910e-03, 
 2DIAGNOSTIC,    22, -1.012633886572e+00, 1.642539839209e-03, 5.0052e-01, 7.6509e-03, 
 2DIAGNOSTIC,    23, -1.014760417845e+00, 1.570170346259e-03, 5.0578e-01, 5.2550e-03, 
 2DIAGNOSTIC,    24, -1.021736071420e+00, 1.448394786034e-03, 5.1211e-01, 6.3300e-03, 
 2DIAGNOSTIC,    25, -1.026763912810e+00, 1.267582578497e-03, 5.2107e-01, 8.9619e-03, 
 2DIAGNOSTIC,    26, -1.027198241850e+00, 1.079375915342e-03, 5.2575e-01, 4.6861e-03, 
 2DIAGNOSTIC,    27, -1.028458732277e+00, 9.336966432396e-04, 5.2987e-01, 4.1180e-03, 
 2DIAGNOSTIC,    28, -1.029760893926e+00, 8.015899603439e-04, 5.3441e-01, 4.5400e-03, 
 2DIAGNOSTIC,    29, -1.030547415971e+00, 6.780023545105e-04, 5.3871e-01, 4.2942e-03, 
 2DIAGNOSTIC,    30, -1.031878514855e+00, 5.354176584620e-04, 5.4469e-01, 5.9841e-03, 
 2DIAGNOSTIC,    31, -1.032172215541e+00, 3.973348450282e-04, 5.5463e-01, 9.9380e-03, 
 2DIAGNOSTIC,    32, -1.032230433040e+00, 2.906440170463e-04, 5.5955e-01, 4.9238e-03, 
 2DIAGNOSTIC,    33, -1.032467754089e+00, 1.828514853984e-04, 5.6463e-01, 5.0740e-03, 
 2DIAGNOSTIC,    34, -1.032665345233e+00, 1.242557177478e-04, 5.6923e-01, 4.6029e-03, 
 2DIAGNOSTIC,    35, -1.032847354666e+00, 1.004077035472e-04, 5.7565e-01, 6.4199e-03, 
 2DIAGNOSTIC,    36, -1.033088109438e+00, 7.377364731870e-05, 5.8478e-01, 9.1338e-03, 
 2DIAGNOSTIC,    37, -1.033121782157e+00, 5.170952754469e-05, 5.8992e-01, 5.1351e-03, 
 2DIAGNOSTIC,    38, -1.033193938720e+00, 3.641191622853e-05, 5.9566e-01, 5.7399e-03, 
 2DIAGNOSTIC,    39, -1.033253712009e+00, 2.451529236905e-05, 6.0160e-01, 5.9412e-03, 
 2DIAGNOSTIC,    40, -1.033289209396e+00, 2.072295851853e-05, 6.0608e-01, 4.4851e-03, 
 2DIAGNOSTIC,    41, -1.033304307161e+00, 1.738843362396e-05, 6.1339e-01, 7.3102e-03, 
 2DIAGNOSTIC,    42, -1.033311252659e+00, 1.306660835122e-05, 6.1904e-01, 5.6422e-03, 
 2DIAGNOSTIC,    43, -1.033341440216e+00, 9.557654974138e-06, 6.2483e-01, 5.7962e-03, 
 2DIAGNOSTIC,    44, -1.033448770087e+00, 7.331355476942e-06, 6.3193e-01, 7.0980e-03, 
 2DIAGNOSTIC,    45, -1.033472641539e+00, 5.829507664951e-06, 6.3734e-01, 5.4061e-03, 
 2DIAGNOSTIC,    46, -1.033474639931e+00, 5.423473101757e-06, 6.4282e-01, 5.4820e-03, 
 2DIAGNOSTIC,    47, -1.033476027675e+00, 4.803412940551e-06, 6.4956e-01, 6.7451e-03, 
 2DIAGNOSTIC,    48, -1.033476526365e+00, 4.239172358565e-06, 6.5490e-01, 5.3380e-03, 
 2DIAGNOSTIC,    49, -1.033477180751e+00, 3.693925675313e-06, 6.5971e-01, 4.8039e-03, 
 2DIAGNOSTIC,    50, -1.033479386795e+00, 3.092481118103e-06, 6.6490e-01, 5.1911e-03, 
 2DIAGNOSTIC,    51, -1.033483099473e+00, 2.396649280693e-06, 6.7036e-01, 5.4638e-03, 
 2DIAGNOSTIC,    52, -1.033483442062e+00, 1.604222508965e-06, 6.9305e-01, 2.2689e-02, 
DIAGNOSTIC,Iteration,metricValue,convergenceValue,ITERATION_TIME_INDEX,SINCE_LAST
 2DIAGNOSTIC,     1, -6.337576121433e-01, 1.797693134862e+308, 9.3146e-01, 2.3841e-01, 
 2DIAGNOSTIC,     2, -6.363224080317e-01, 1.797693134862e+308, 9.3860e-01, 7.1390e-03, 
 2DIAGNOSTIC,     3, -6.400117431113e-01, 1.797693134862e+308, 9.4490e-01, 6.3050e-03, 
 2DIAGNOSTIC,     4, -6.457159299627e-01, 1.797693134862e+308, 9.5124e-01, 6.3322e-03, 
 2DIAGNOSTIC,     5, -6.524119829966e-01, 1.797693134862e+308, 9.5757e-01, 6.3360e-03, 
 2DIAGNOSTIC,     6, -6.592767987062e-01, 1.797693134862e+308, 9.6382e-01, 6.2451e-03, 
 2DIAGNOSTIC,     7, -6.650679452165e-01, 1.797693134862e+308, 9.7115e-01, 7.3349e-03, 
 2DIAGNOSTIC,     8, -6.670192462437e-01, 1.797693134862e+308, 9.8095e-01, 9.7940e-03, 
 2DIAGNOSTIC,     9, -6.684318026275e-01, 1.797693134862e+308, 9.8707e-01, 6.1200e-03, 
 2DIAGNOSTIC,    10, -6.694270454973e-01, 4.039828809138e-03, 9.9421e-01, 7.1421e-03, 
 2DIAGNOSTIC,    11, -6.710504742686e-01, 3.320733844056e-03, 1.0026e+00, 8.4350e-03, 
 2DIAGNOSTIC,    12, -6.717174553868e-01, 2.541054374136e-03, 1.0121e+00, 9.4471e-03, 
 2DIAGNOSTIC,    13, -6.723371535967e-01, 1.797670327097e-03, 1.0234e+00, 1.1293e-02, 
 2DIAGNOSTIC,    14, -6.727268344587e-01, 1.186529968137e-03, 1.0309e+00, 7.5090e-03, 
 2DIAGNOSTIC,    15, -6.742415557086e-01, 7.828057354401e-04, 1.0380e+00, 7.1192e-03, 
 2DIAGNOSTIC,    16, -6.752935406502e-01, 5.669328099484e-04, 1.0453e+00, 7.3090e-03, 
 2DIAGNOSTIC,    17, -6.756598099492e-01, 4.793650005620e-04, 1.0526e+00, 7.2932e-03, 
 2DIAGNOSTIC,    18, -6.761603303276e-01, 4.163221691212e-04, 1.0601e+00, 7.4558e-03, 
 2DIAGNOSTIC,    19, -6.787136074463e-01, 4.108993464733e-04, 1.0689e+00, 8.8520e-03, 
 2DIAGNOSTIC,    20, -6.797010440697e-01, 4.078624845778e-04, 1.0819e+00, 1.2952e-02, 
 2DIAGNOSTIC,    21, -6.800255469929e-01, 4.065577964288e-04, 1.0899e+00, 8.0161e-03, 
 2DIAGNOSTIC,    22, -6.802984117108e-01, 3.866800828444e-04, 1.0974e+00, 7.5340e-03, 
 2DIAGNOSTIC,    23, -6.807975896977e-01, 3.536136005619e-04, 1.1075e+00, 1.0031e-02, 
 2DIAGNOSTIC,    24, -6.816214374364e-01, 3.104992700855e-04, 1.1150e+00, 7.5150e-03, 
 2DIAGNOSTIC,    25, -6.823814028849e-01, 2.796351483088e-04, 1.1236e+00, 8.6389e-03, 
 2DIAGNOSTIC,    26, -6.836810085369e-01, 2.638713228205e-04, 1.1327e+00, 9.0921e-03, 
 2DIAGNOSTIC,    27, -6.859477277260e-01, 2.661528359222e-04, 1.1426e+00, 9.8948e-03, 
 2DIAGNOSTIC,    28, -6.870368575621e-01, 2.657874197998e-04, 1.1534e+00, 1.0758e-02, 
 2DIAGNOSTIC,    29, -6.872411204015e-01, 2.804923340443e-04, 1.1614e+00, 7.9999e-03, 
 2DIAGNOSTIC,    30, -6.876391371259e-01, 2.877236183303e-04, 1.1702e+00, 8.8809e-03, 
 2DIAGNOSTIC,    31, -6.878561410323e-01, 2.745832176175e-04, 1.1795e+00, 9.2368e-03, 
 2DIAGNOSTIC,    32, -6.879623864884e-01, 2.409020987519e-04, 1.1898e+00, 1.0377e-02, 
 2DIAGNOSTIC,    33, -6.880130667550e-01, 1.934262564066e-04, 1.1990e+00, 9.1350e-03, 
 2DIAGNOSTIC,    34, -6.882315347006e-01, 1.438114714357e-04, 1.2079e+00, 8.9421e-03, 
 2DIAGNOSTIC,    35, -6.882998192932e-01, 9.346733447389e-05, 1.2173e+00, 9.3830e-03, 
 2DIAGNOSTIC,    36, -6.883043004381e-01, 5.185353249107e-05, 1.2251e+00, 7.7531e-03, 
 2DIAGNOSTIC,    37, -6.883227116029e-01, 3.349541822412e-05, 1.2327e+00, 7.6549e-03, 
 2DIAGNOSTIC,    38, -6.883804562357e-01, 2.574931071551e-05, 1.2413e+00, 8.6288e-03, 
 2DIAGNOSTIC,    39, -6.884516910559e-01, 1.887679810173e-05, 1.2577e+00, 1.6403e-02, 
 2DIAGNOSTIC,    40, -6.884570060088e-01, 1.480439917661e-05, 1.2654e+00, 7.6141e-03, 
 2DIAGNOSTIC,    41, -6.884766944585e-01, 1.205327452879e-05, 1.2728e+00, 7.3910e-03, 
 2DIAGNOSTIC,    42, -6.885044393318e-01, 9.726635718944e-06, 1.2803e+00, 7.5021e-03, 
 2DIAGNOSTIC,    43, -6.885329168114e-01, 7.359013966673e-06, 1.2874e+00, 7.1120e-03, 
 2DIAGNOSTIC,    44, -6.885597456177e-01, 6.781937798496e-06, 1.2946e+00, 7.2620e-03, 
 2DIAGNOSTIC,    45, -6.885916344738e-01, 6.593919654966e-06, 1.3022e+00, 7.5910e-03, 
 2DIAGNOSTIC,    46, -6.886662659834e-01, 6.581259876199e-06, 1.3096e+00, 7.3900e-03, 
 2DIAGNOSTIC,    47, -6.888255447042e-01, 7.569585425901e-06, 1.3197e+00, 1.0137e-02, 
 2DIAGNOSTIC,    48, -6.888582772261e-01, 8.600187875619e-06, 1.3300e+00, 1.0255e-02, 
 2DIAGNOSTIC,    49, -6.888885135903e-01, 9.714982234989e-06, 1.3391e+00, 9.1150e-03, 
 2DIAGNOSTIC,    50, -6.889260577243e-01, 1.028821159080e-05, 1.3467e+00, 7.5510e-03, 
 2DIAGNOSTIC,    51, -6.890371723873e-01, 1.097145553969e-05, 1.3544e+00, 7.7050e-03, 
 2DIAGNOSTIC,    52, -6.891664739496e-01, 1.185935323294e-05, 1.3660e+00, 1.1626e-02, 
 2DIAGNOSTIC,    53, -6.892106407035e-01, 1.219196117760e-05, 1.3750e+00, 9.0210e-03, 
 2DIAGNOSTIC,    54, -6.892425751359e-01, 1.188649442418e-05, 1.3859e+00, 1.0889e-02, 
 2DIAGNOSTIC,    55, -6.893241524861e-01, 1.137884414144e-05, 1.3935e+00, 7.6160e-03, 
 2DIAGNOSTIC,    56, -6.894196306797e-01, 1.106911544366e-05, 1.4025e+00, 8.9731e-03, 
 2DIAGNOSTIC,    57, -6.894642370047e-01, 1.123003165590e-05, 1.4138e+00, 1.1267e-02, 
 2DIAGNOSTIC,    58, -6.894888983181e-01, 1.078346246981e-05, 1.4212e+00, 7.4830e-03, 
 2DIAGNOSTIC,    59, -6.895258341268e-01, 9.864716692825e-06, 1.4288e+00, 7.5750e-03, 
 2DIAGNOSTIC,    60, -6.895748974510e-01, 8.665065925405e-06, 1.4362e+00, 7.3690e-03, 
 2DIAGNOSTIC,    61, -6.897683888134e-01, 8.774556470709e-06, 1.4476e+00, 1.1419e-02, 
 2DIAGNOSTIC,    62, -6.897877060780e-01, 9.054539241927e-06, 1.4568e+00, 9.1960e-03, 
 2DIAGNOSTIC,    63, -6.898105820531e-01, 8.971873990231e-06, 1.4645e+00, 7.6859e-03, 
 2DIAGNOSTIC,    64, -6.898641104721e-01, 8.644175491370e-06, 1.4726e+00, 8.1491e-03, 
 2DIAGNOSTIC,    65, -6.898819381795e-01, 8.153081280767e-06, 1.4806e+00, 7.9279e-03, 
 2DIAGNOSTIC,    66, -6.899088976994e-01, 7.692741995354e-06, 1.4928e+00, 1.2256e-02, 
 2DIAGNOSTIC,    67, -6.899187557313e-01, 6.889882507358e-06, 1.5003e+00, 7.4589e-03, 
 2DIAGNOSTIC,    68, -6.899264093417e-01, 5.706257100210e-06, 1.5081e+00, 7.8571e-03, 
 2DIAGNOSTIC,    69, -6.899293518125e-01, 4.297454178804e-06, 1.5161e+00, 7.9100e-03, 
 2DIAGNOSTIC,    70, -6.899380546799e-01, 2.872416505401e-06, 1.5274e+00, 1.1392e-02, 
 2DIAGNOSTIC,    71, -6.899389420785e-01, 2.397192885542e-06, 1.5353e+00, 7.8290e-03, 
 2DIAGNOSTIC,    72, -6.899411573701e-01, 1.873280942073e-06, 1.5445e+00, 9.1848e-03, 
 2DIAGNOSTIC,    73, -6.899420637853e-01, 1.356675792307e-06, 1.5535e+00, 9.0580e-03, 
 2DIAGNOSTIC,    74, -6.899439798117e-01, 1.077579132027e-06, 1.5638e+00, 1.0241e-02, 
DIAGNOSTIC,Iteration,metricValue,convergenceValue,ITERATION_TIME_INDEX,SINCE_LAST
 2DIAGNOSTIC,     1, -4.860339435460e-01, 1.797693134862e+308, 1.7513e+00, 1.8756e-01, 
 2DIAGNOSTIC,     2, -4.870206963451e-01, 1.797693134862e+308, 1.7864e+00, 3.5087e-02, 
 2DIAGNOSTIC,     3, -4.884810281459e-01, 1.797693134862e+308, 1.8202e+00, 3.3774e-02, 
 2DIAGNOSTIC,     4, -4.905980376988e-01, 1.797693134862e+308, 1.8536e+00, 3.3372e-02, 
 2DIAGNOSTIC,     5, -4.938784131994e-01, 1.797693134862e+308, 1.8922e+00, 3.8668e-02, 
 2DIAGNOSTIC,     6, -4.954486691543e-01, 1.797693134862e+308, 1.9354e+00, 4.3166e-02, 
 2DIAGNOSTIC,     7, -4.966795774555e-01, 1.797693134862e+308, 1.9788e+00, 4.3399e-02, 
 2DIAGNOSTIC,     8, -4.975341397914e-01, 1.797693134862e+308, 2.0212e+00, 4.2417e-02, 
 2DIAGNOSTIC,     9, -4.992030846200e-01, 1.797693134862e+308, 2.0713e+00, 5.0056e-02, 
 2DIAGNOSTIC,    10, -4.998848872185e-01, 1.958384311863e-03, 2.1139e+00, 4.2641e-02, 
 2DIAGNOSTIC,    11, -5.002406631771e-01, 1.630998786443e-03, 2.1643e+00, 5.0434e-02, 
 2DIAGNOSTIC,    12, -5.004745949627e-01, 1.272929644490e-03, 2.1976e+00, 3.3296e-02, 
 2DIAGNOSTIC,    13, -5.008342580097e-01, 9.357414799543e-04, 2.2402e+00, 4.2616e-02, 
 2DIAGNOSTIC,    14, -5.009212811658e-01, 6.491183171669e-04, 2.2797e+00, 3.9483e-02, 
 2DIAGNOSTIC,    15, -5.010664923983e-01, 4.718383413065e-04, 2.3230e+00, 4.3276e-02, 
 2DIAGNOSTIC,    16, -5.011234164785e-01, 3.319782628610e-04, 2.3660e+00, 4.2982e-02, 
 2DIAGNOSTIC,    17, -5.011524366245e-01, 2.208442323947e-04, 2.4002e+00, 3.4194e-02, 
 2DIAGNOSTIC,    18, -5.012507996061e-01, 1.310014215552e-04, 2.4564e+00, 5.6223e-02, 
 2DIAGNOSTIC,    19, -5.012737120042e-01, 8.915577945785e-05, 2.4962e+00, 3.9790e-02, 
 2DIAGNOSTIC,    20, -5.012988067493e-01, 6.350724993059e-05, 2.5308e+00, 3.4573e-02, 
 2DIAGNOSTIC,    21, -5.013439681006e-01, 4.542629671549e-05, 2.5659e+00, 3.5162e-02, 
 2DIAGNOSTIC,    22, -5.013828799336e-01, 3.176456516705e-05, 2.6046e+00, 3.8652e-02, 
 2DIAGNOSTIC,    23, -5.014336722237e-01, 2.660870988597e-05, 2.6508e+00, 4.6232e-02, 
 2DIAGNOSTIC,    24, -5.014680159793e-01, 2.231138009130e-05, 2.6847e+00, 3.3931e-02, 
 2DIAGNOSTIC,    25, -5.014982292699e-01, 2.039290223075e-05, 2.7229e+00, 3.8144e-02, 
 2DIAGNOSTIC,    26, -5.015566928170e-01, 1.935982640574e-05, 2.7576e+00, 3.4700e-02, 
 2DIAGNOSTIC,    27, -5.016308056685e-01, 1.879261874064e-05, 2.8091e+00, 5.1548e-02, 
 2DIAGNOSTIC,    28, -5.016608147671e-01, 1.918593595281e-05, 2.8479e+00, 3.8768e-02, 
 2DIAGNOSTIC,    29, -5.016904744097e-01, 1.889278965615e-05, 2.8883e+00, 4.0403e-02, 
 2DIAGNOSTIC,    30, -5.017290849875e-01, 1.814526170865e-05, 2.9525e+00, 6.4192e-02, 
 2DIAGNOSTIC,    31, -5.017379950130e-01, 1.679479059363e-05, 2.9878e+00, 3.5327e-02, 
 2DIAGNOSTIC,    32, -5.017878906621e-01, 1.559127682112e-05, 3.0277e+00, 3.9916e-02, 
 2DIAGNOSTIC,    33, -5.018479539538e-01, 1.496912859048e-05, 3.0633e+00, 3.5597e-02, 
 2DIAGNOSTIC,    34, -5.018550236807e-01, 1.373716598671e-05, 3.1079e+00, 4.4539e-02, 
 2DIAGNOSTIC,    35, -5.018703654438e-01, 1.210538745706e-05, 3.1435e+00, 3.5651e-02, 
 2DIAGNOSTIC,    36, -5.019158298948e-01, 1.112619863606e-05, 3.1789e+00, 3.5383e-02, 
 2DIAGNOSTIC,    37, -5.020001361669e-01, 1.163286809912e-05, 3.2377e+00, 5.8787e-02, 
 2DIAGNOSTIC,    38, -5.020407496316e-01, 1.209888635157e-05, 3.2766e+00, 3.8852e-02, 
 2DIAGNOSTIC,    39, -5.020577123660e-01, 1.214851145362e-05, 3.3364e+00, 5.9807e-02, 
 2DIAGNOSTIC,    40, -5.020611512072e-01, 1.174551686318e-05, 3.3742e+00, 3.7842e-02, 
 2DIAGNOSTIC,    41, -5.020713439925e-01, 1.056949752652e-05, 3.4082e+00, 3.3955e-02, 
 2DIAGNOSTIC,    42, -5.020831294093e-01, 9.308448916081e-06, 3.4428e+00, 3.4597e-02, 
 2DIAGNOSTIC,    43, -5.020912618005e-01, 8.185298522905e-06, 3.4770e+00, 3.4214e-02, 
 2DIAGNOSTIC,    44, -5.021063883188e-01, 6.703339568433e-06, 3.5277e+00, 5.0693e-02, 
 2DIAGNOSTIC,    45, -5.021090567412e-01, 4.944487238135e-06, 3.5615e+00, 3.3838e-02, 
 2DIAGNOSTIC,    46, -5.021100974715e-01, 3.411896365137e-06, 3.5951e+00, 3.3587e-02, 
 2DIAGNOSTIC,    47, -5.021142936287e-01, 2.744186174946e-06, 3.6288e+00, 3.3739e-02, 
 2DIAGNOSTIC,    48, -5.021200778457e-01, 2.449376865298e-06, 3.6625e+00, 3.3692e-02, 
 2DIAGNOSTIC,    49, -5.021261202871e-01, 2.260585318464e-06, 3.7242e+00, 6.1725e-02, 
 2DIAGNOSTIC,    50, -5.021284755249e-01, 1.989263270122e-06, 3.7644e+00, 4.0121e-02, 
 2DIAGNOSTIC,    51, -5.021297741825e-01, 1.727909781257e-06, 3.8033e+00, 3.8939e-02, 
 2DIAGNOSTIC,    52, -5.021391408565e-01, 1.601998513599e-06, 3.8533e+00, 5.0043e-02, 
 2DIAGNOSTIC,    53, -5.021436854180e-01, 1.514117333304e-06, 3.9112e+00, 5.7882e-02, 
 2DIAGNOSTIC,    54, -5.021438093106e-01, 1.501176158044e-06, 3.9560e+00, 4.4763e-02, 
 2DIAGNOSTIC,    55, -5.021439242251e-01, 1.432696114363e-06, 4.0980e+00, 1.4202e-01, 
 2DIAGNOSTIC,    56, -5.021439242227e-01, 1.295927207330e-06, 4.2322e+00, 1.3414e-01, 
 2DIAGNOSTIC,    57, -5.021439242227e-01, 1.133757987694e-06, 4.2785e+00, 4.6371e-02, 
DIAGNOSTIC,Iteration,metricValue,convergenceValue,ITERATION_TIME_INDEX,SINCE_LAST
 2DIAGNOSTIC,     1, -3.764493651284e-01, 1.797693134862e+308, 4.6767e+00, 3.9819e-01, 
 2DIAGNOSTIC,     2, -3.771402466566e-01, 1.797693134862e+308, 4.8883e+00, 2.1155e-01, 
 2DIAGNOSTIC,     3, -3.777362914434e-01, 1.797693134862e+308, 5.1036e+00, 2.1538e-01, 
 2DIAGNOSTIC,     4, -3.783085690015e-01, 1.797693134862e+308, 5.3157e+00, 2.1207e-01, 
 2DIAGNOSTIC,     5, -3.787342008398e-01, 1.797693134862e+308, 5.6078e+00, 2.9208e-01, 
 2DIAGNOSTIC,     6, -3.790918803550e-01, 1.797693134862e+308, 5.9580e+00, 3.5027e-01, 
 2DIAGNOSTIC,     7, -3.791047884774e-01, 1.797693134862e+308, 6.1764e+00, 2.1837e-01, 
 2DIAGNOSTIC,     8, -3.791485159100e-01, 1.797693134862e+308, 6.3960e+00, 2.1956e-01, 
 2DIAGNOSTIC,     9, -3.792073615682e-01, 1.797693134862e+308, 6.6170e+00, 2.2104e-01, 
 2DIAGNOSTIC,    10, -3.792519539509e-01, 4.561247924367e-04, 6.8364e+00, 2.1937e-01, 
 2DIAGNOSTIC,    11, -3.792872763320e-01, 2.962691131801e-04, 7.0545e+00, 2.1811e-01, 
 2DIAGNOSTIC,    12, -3.793217272372e-01, 1.819035863560e-04, 7.3083e+00, 2.5378e-01, 
 2DIAGNOSTIC,    13, -3.793365556879e-01, 1.038926882910e-04, 7.5319e+00, 2.2358e-01, 
 2DIAGNOSTIC,    14, -3.793549391075e-01, 5.904559619742e-05, 7.7863e+00, 2.5444e-01, 
 2DIAGNOSTIC,    15, -3.793671032919e-01, 3.639434485446e-05, 8.1099e+00, 3.2362e-01, 
 2DIAGNOSTIC,    16, -3.793718600507e-01, 3.045004733597e-05, 8.3247e+00, 2.1481e-01, 
 2DIAGNOSTIC,    17, -3.793896365640e-01, 2.392837616583e-05, 8.5725e+00, 2.4778e-01, 
 2DIAGNOSTIC,    18, -3.793963220950e-01, 1.814315113493e-05, 9.3889e+00, 8.1642e-01, 
 2DIAGNOSTIC,    19, -3.793963219407e-01, 1.375019045613e-05, 1.0214e+01, 8.2472e-01, 
 2DIAGNOSTIC,    20, -3.793963219407e-01, 1.033730843004e-05, 1.0530e+01, 3.1672e-01, 
 2DIAGNOSTIC,    21, -3.793963219407e-01, 7.675727119023e-06, 1.0884e+01, 3.5344e-01, 
 2DIAGNOSTIC,    22, -3.793963219407e-01, 5.844003921195e-06, 1.1137e+01, 2.5318e-01, 
 2DIAGNOSTIC,    23, -3.793963219407e-01, 4.228225823646e-06, 1.1382e+01, 2.4539e-01, 
 2DIAGNOSTIC,    24, -3.793963219407e-01, 3.054310017209e-06, 1.1635e+01, 2.5240e-01, 
 2DIAGNOSTIC,    25, -3.793963219406e-01, 2.182698153559e-06, 1.1885e+01, 2.5055e-01, 
 2DIAGNOSTIC,    26, -3.793963219407e-01, 1.417530350704e-06, 1.2135e+01, 2.4994e-01, 
 2DIAGNOSTIC,    27, -3.793963219406e-01, 1.179307827143e-06, 1.2382e+01, 2.4685e-01, 
 2DIAGNOSTIC,    28, -3.793963219406e-01, 1.137153602185e-06, 1.2632e+01, 2.5008e-01, 
 2DIAGNOSTIC,    29, -3.793963219406e-01, 1.097905254599e-06, 1.2847e+01, 2.1472e-01, 
 2DIAGNOSTIC,    30, -3.793963219406e-01, 1.061275795466e-06, 1.3101e+01, 2.5381e-01, 
 2DIAGNOSTIC,    31, -3.793963219406e-01, 1.027011565423e-06, 1.3350e+01, 2.4904e-01, 
  Elapsed time (stage 1): 1.3520e+01


Stage 2
  iterations = 100x70x50x20
  convergence threshold = 1.0000e-06
  convergence window size = 10
  number of levels = 4
  using the CC metric (radius = 4, weight = 1.0000e+00)
  preprocessing:  winsorizing the image intensities
  Shrink factors (level 1 out of 4): [8, 8, 8]
  Shrink factors (level 2 out of 4): [4, 4, 4]
  Shrink factors (level 3 out of 4): [2, 2, 2]
  Shrink factors (level 4 out of 4): [1, 1, 1]
  smoothing sigmas per level: [3, 2, 1, 0]
  Using default NONE metricSamplingStrategy 

*** Running SyN registration (varianceForUpdateField = 3.0000e+00, varianceForTotalField = 0.0000e+00) ***

XXDIAGNOSTIC,Iteration,metricValue,convergenceValue,ITERATION_TIME_INDEX,SINCE_LAST
 1DIAGNOSTIC,     1, -2.086649925383e-02, 1.797693134862e+308, 4.0769e-01, 4.0769e-01, 
 1DIAGNOSTIC,     2, -1.890104069535e-02, 1.797693134862e+308, 4.3688e-01, 2.9190e-02, 
 1DIAGNOSTIC,     3, -2.470200429942e-02, 1.797693134862e+308, 4.6489e-01, 2.8010e-02, 
 1DIAGNOSTIC,     4, -3.295256848115e-02, 1.797693134862e+308, 4.9339e-01, 2.8499e-02, 
 1DIAGNOSTIC,     5, -4.304768622127e-02, 1.797693134862e+308, 5.2018e-01, 2.6799e-02, 
 1DIAGNOSTIC,     6, -5.028339133847e-02, 1.797693134862e+308, 5.4537e-01, 2.5188e-02, 
 1DIAGNOSTIC,     7, -4.642610284841e-02, 1.797693134862e+308, 5.7145e-01, 2.6079e-02, 
 1DIAGNOSTIC,     8, -4.473200560863e-02, 1.797693134862e+308, 5.9895e-01, 2.7496e-02, 
 1DIAGNOSTIC,     9, -4.988391000607e-02, 1.797693134862e+308, 6.2531e-01, 2.6361e-02, 
 1DIAGNOSTIC,    10, -5.316809869046e-02, 5.974248880072e-02, 6.5238e-01, 2.7073e-02, 
 1DIAGNOSTIC,    11, -5.037943488505e-02, 4.464693610703e-02, 6.7955e-01, 2.7167e-02, 
 1DIAGNOSTIC,    12, -5.110890683174e-02, 2.820539315582e-02, 7.0662e-01, 2.7076e-02, 
 1DIAGNOSTIC,    13, -5.313084336713e-02, 1.648154949585e-02, 7.3413e-01, 2.7506e-02, 
 1DIAGNOSTIC,    14, -5.122571663509e-02, 8.244409530505e-03, 7.6241e-01, 2.8278e-02, 
 1DIAGNOSTIC,    15, -5.405771981698e-02, 6.162132384274e-03, 7.8976e-01, 2.7355e-02, 
 1DIAGNOSTIC,    16, -5.187421092229e-02, 5.974164275814e-03, 8.1736e-01, 2.7599e-02, 
 1DIAGNOSTIC,    17, -5.246412439783e-02, 4.108542873853e-03, 8.4556e-01, 2.8201e-02, 
 1DIAGNOSTIC,    18, -5.298618488485e-02, 1.631223101131e-03, 8.7319e-01, 2.7625e-02, 
 1DIAGNOSTIC,    19, -5.724963527849e-02, 2.380242942249e-03, 9.0322e-01, 3.0027e-02, 
 1DIAGNOSTIC,    20, -5.380765862952e-02, 2.773994782493e-03, 9.3359e-01, 3.0370e-02, 
 1DIAGNOSTIC,    21, -5.615382017700e-02, 2.776489632430e-03, 9.6118e-01, 2.7596e-02, 
 1DIAGNOSTIC,    22, -5.633049424087e-02, 2.751323301561e-03, 9.9043e-01, 2.9248e-02, 
 1DIAGNOSTIC,    23, -5.599943269565e-02, 2.917052687361e-03, 1.0187e+00, 2.8228e-02, 
 1DIAGNOSTIC,    24, -5.465000556217e-02, 1.957440479182e-03, 1.0474e+00, 2.8729e-02, 
 1DIAGNOSTIC,    25, -5.557117605297e-02, 1.833061856781e-03, 1.0768e+00, 2.9367e-02, 
 1DIAGNOSTIC,    26, -5.270674527596e-02, 3.957780720625e-04, 1.1055e+00, 2.8794e-02, 
 1DIAGNOSTIC,    27, -5.814437271479e-02, 3.660452696997e-04, 1.1349e+00, 2.9367e-02, 
 1DIAGNOSTIC,    28, -5.677113637999e-02, 6.636751364251e-05, 1.1648e+00, 2.9865e-02, 
 1DIAGNOSTIC,    29, -6.165607832481e-02, 1.656445562402e-03, 1.1952e+00, 3.0394e-02, 
 1DIAGNOSTIC,    30, -6.176397847387e-02, 2.293538043932e-03, 1.2249e+00, 2.9702e-02, 
 1DIAGNOSTIC,    31, -6.573524325313e-02, 3.821782146308e-03, 1.2547e+00, 2.9860e-02, 
 1DIAGNOSTIC,    32, -7.312854090314e-02, 6.153841076851e-03, 1.2847e+00, 2.9923e-02, 
 1DIAGNOSTIC,    33, -7.054643066789e-02, 7.202092972916e-03, 1.3156e+00, 3.0939e-02, 
 1DIAGNOSTIC,    34, -6.249457625581e-02, 6.030932570730e-03, 1.3464e+00, 3.0776e-02, 
 1DIAGNOSTIC,    35, -7.926085318623e-02, 7.134978712270e-03, 1.3766e+00, 3.0254e-02, 
 1DIAGNOSTIC,    36, -7.795612890704e-02, 6.744209914805e-03, 1.4078e+00, 3.1181e-02, 
 1DIAGNOSTIC,    37, -7.365408335409e-02, 5.936527726232e-03, 1.4380e+00, 3.0228e-02, 
 1DIAGNOSTIC,    38, -7.477874098145e-02, 4.638635743691e-03, 1.4682e+00, 3.0151e-02, 
 1DIAGNOSTIC,    39, -7.761363844142e-02, 4.035009713656e-03, 1.4981e+00, 2.9871e-02, 
 1DIAGNOSTIC,    40, -7.496701678621e-02, 2.712555829312e-03, 1.5272e+00, 2.9095e-02, 
 1DIAGNOSTIC,    41, -7.283041311830e-02, 1.415761654653e-03, 1.5563e+00, 2.9124e-02, 
 1DIAGNOSTIC,    42, -7.457179457787e-02, 1.212756666286e-03, 1.5848e+00, 2.8482e-02, 
 1DIAGNOSTIC,    43, -7.351918277918e-02, 5.159361880256e-04, 1.6135e+00, 2.8714e-02, 
 1DIAGNOSTIC,    44, -7.380501115326e-02, -1.136164184601e-03, 1.6449e+00, 3.1463e-02, 
XXDIAGNOSTIC,Iteration,metricValue,convergenceValue,ITERATION_TIME_INDEX,SINCE_LAST
 1DIAGNOSTIC,     1, -1.371927369465e-01, 1.797693134862e+308, 1.9944e+00, 3.4944e-01, 
 1DIAGNOSTIC,     2, -1.468474170699e-01, 1.797693134862e+308, 2.1320e+00, 1.3757e-01, 
 1DIAGNOSTIC,     3, -1.504709267391e-01, 1.797693134862e+308, 2.2609e+00, 1.2895e-01, 
 1DIAGNOSTIC,     4, -1.545892531325e-01, 1.797693134862e+308, 2.3968e+00, 1.3589e-01, 
 1DIAGNOSTIC,     5, -1.577122069422e-01, 1.797693134862e+308, 2.5310e+00, 1.3423e-01, 
 1DIAGNOSTIC,     6, -1.612660012431e-01, 1.797693134862e+308, 2.6622e+00, 1.3119e-01, 
 1DIAGNOSTIC,     7, -1.625502918615e-01, 1.797693134862e+308, 2.7953e+00, 1.3308e-01, 
 1DIAGNOSTIC,     8, -1.671863953147e-01, 1.797693134862e+308, 2.9291e+00, 1.3384e-01, 
 1DIAGNOSTIC,     9, -1.696111412438e-01, 1.797693134862e+308, 3.0584e+00, 1.2926e-01, 
 1DIAGNOSTIC,    10, -1.741907687892e-01, 1.310746390785e-02, 3.1944e+00, 1.3601e-01, 
 1DIAGNOSTIC,    11, -1.780352389824e-01, 1.083916264372e-02, 3.3330e+00, 1.3855e-01, 
 1DIAGNOSTIC,    12, -1.811759613484e-01, 9.875458480820e-03, 3.4637e+00, 1.3076e-01, 
 1DIAGNOSTIC,    13, -1.812230447249e-01, 8.673322516769e-03, 3.6001e+00, 1.3636e-01, 
 1DIAGNOSTIC,    14, -1.852897487392e-01, 7.874753078443e-03, 3.7426e+00, 1.4255e-01, 
 1DIAGNOSTIC,    15, -1.858824506810e-01, 6.884052867303e-03, 3.8752e+00, 1.3255e-01, 
 1DIAGNOSTIC,    16, -1.860325218949e-01, 5.796728092291e-03, 4.0076e+00, 1.3241e-01, 
 1DIAGNOSTIC,    17, -1.859344584243e-01, 4.435689066213e-03, 4.1370e+00, 1.2938e-01, 
 1DIAGNOSTIC,    18, -1.892017755364e-01, 3.568883311079e-03, 4.2743e+00, 1.3739e-01, 
 1DIAGNOSTIC,    19, -1.922178985564e-01, 2.931400657750e-03, 4.4144e+00, 1.4003e-01, 
 1DIAGNOSTIC,    20, -1.982909019887e-01, 2.957750820666e-03, 4.5581e+00, 1.4376e-01, 
 1DIAGNOSTIC,    21, -2.000675765087e-01, 3.136098880078e-03, 4.6966e+00, 1.3845e-01, 
 1DIAGNOSTIC,    22, -2.009189205396e-01, 3.308286885336e-03, 4.8389e+00, 1.4229e-01, 
 1DIAGNOSTIC,    23, -2.016749593303e-01, 3.206383128227e-03, 4.9737e+00, 1.3482e-01, 
 1DIAGNOSTIC,    24, -2.025396546203e-01, 3.139046343315e-03, 5.1068e+00, 1.3313e-01, 
 1DIAGNOSTIC,    25, -2.030052865409e-01, 2.847402324898e-03, 5.2429e+00, 1.3609e-01, 
 1DIAGNOSTIC,    26, -2.064658964119e-01, 2.536187467201e-03, 5.3799e+00, 1.3701e-01, 
 1DIAGNOSTIC,    27, -2.107128420234e-01, 2.250721540655e-03, 5.5106e+00, 1.3068e-01, 
 1DIAGNOSTIC,    28, -2.142941373204e-01, 2.155356826517e-03, 5.6494e+00, 1.3877e-01, 
 1DIAGNOSTIC,    29, -2.131222683475e-01, 1.956680923871e-03, 5.7957e+00, 1.4633e-01, 
 1DIAGNOSTIC,    30, -2.133011535160e-01, 1.916681930084e-03, 5.9392e+00, 1.4345e-01, 
 1DIAGNOSTIC,    31, -2.122616028820e-01, 1.734305028319e-03, 6.0752e+00, 1.3599e-01, 
 1DIAGNOSTIC,    32, -2.122560966568e-01, 1.437749380366e-03, 6.2130e+00, 1.3787e-01, 
 1DIAGNOSTIC,    33, -2.122474944829e-01, 1.058515539818e-03, 6.3454e+00, 1.3237e-01, 
 1DIAGNOSTIC,    34, -2.151450249427e-01, 7.762428321990e-04, 6.4771e+00, 1.3168e-01, 
 1DIAGNOSTIC,    35, -2.141083704005e-01, 4.115748160560e-04, 6.6124e+00, 1.3535e-01, 
 1DIAGNOSTIC,    36, -2.129566717858e-01, 1.269734189557e-04, 6.7504e+00, 1.3801e-01, 
 1DIAGNOSTIC,    37, -2.156074189129e-01, 1.259075729357e-04, 6.8844e+00, 1.3401e-01, 
 1DIAGNOSTIC,    38, -2.133379700025e-01, 1.608584981858e-04, 7.0212e+00, 1.3679e-01, 
 1DIAGNOSTIC,    39, -2.113366503179e-01, 5.787336952156e-05, 7.1532e+00, 1.3199e-01, 
 1DIAGNOSTIC,    40, -2.139857108511e-01, 6.454520012023e-05, 7.2930e+00, 1.3980e-01, 
 1DIAGNOSTIC,    41, -2.138002459191e-01, 1.773595327343e-05, 7.4338e+00, 1.4078e-01, 
 1DIAGNOSTIC,    42, -2.139580401689e-01, -2.315315475696e-05, 7.5742e+00, 1.4043e-01, 
XXDIAGNOSTIC,Iteration,metricValue,convergenceValue,ITERATION_TIME_INDEX,SINCE_LAST
 1DIAGNOSTIC,     1, -2.002009733907e-01, 1.797693134862e+308, 8.6262e+00, 1.0520e+00, 
 1DIAGNOSTIC,     2, -2.082870404446e-01, 1.797693134862e+308, 9.5531e+00, 9.2689e-01, 
 1DIAGNOSTIC,     3, -2.144686474958e-01, 1.797693134862e+308, 1.0458e+01, 9.0461e-01, 
 1DIAGNOSTIC,     4, -2.209279619567e-01, 1.797693134862e+308, 1.1333e+01, 8.7479e-01, 
 1DIAGNOSTIC,     5, -2.280648006636e-01, 1.797693134862e+308, 1.2230e+01, 8.9768e-01, 
 1DIAGNOSTIC,     6, -2.352448866018e-01, 1.797693134862e+308, 1.3127e+01, 8.9702e-01, 
 1DIAGNOSTIC,     7, -2.422107742977e-01, 1.797693134862e+308, 1.4056e+01, 9.2847e-01, 
 1DIAGNOSTIC,     8, -2.485419804954e-01, 1.797693134862e+308, 1.4940e+01, 8.8461e-01, 
 1DIAGNOSTIC,     9, -2.529310983988e-01, 1.797693134862e+308, 1.5849e+01, 9.0824e-01, 
 1DIAGNOSTIC,    10, -2.584626034606e-01, 1.628635097283e-02, 1.6734e+01, 8.8533e-01, 
 1DIAGNOSTIC,    11, -2.636724936666e-01, 1.403100258005e-02, 1.7668e+01, 9.3421e-01, 
 1DIAGNOSTIC,    12, -2.686130743248e-01, 1.221794082005e-02, 1.8584e+01, 9.1636e-01, 
 1DIAGNOSTIC,    13, -2.722174973062e-01, 1.049751741091e-02, 1.9478e+01, 8.9394e-01, 
 1DIAGNOSTIC,    14, -2.757021541904e-01, 8.928277434744e-03, 2.0417e+01, 9.3854e-01, 
 1DIAGNOSTIC,    15, -2.779724077855e-01, 7.502906502197e-03, 2.1319e+01, 9.0171e-01, 
 1DIAGNOSTIC,    16, -2.800019476116e-01, 6.246267253627e-03, 2.2240e+01, 9.2088e-01, 
 1DIAGNOSTIC,    17, -2.829152333592e-01, 5.237666140291e-03, 2.3162e+01, 9.2245e-01, 
 1DIAGNOSTIC,    18, -2.843288233546e-01, 4.356248507535e-03, 2.4070e+01, 9.0847e-01, 
 1DIAGNOSTIC,    19, -2.870533562218e-01, 3.593779534258e-03, 2.4999e+01, 9.2877e-01, 
 1DIAGNOSTIC,    20, -2.882710305794e-01, 2.956253016798e-03, 2.5908e+01, 9.0842e-01, 
 1DIAGNOSTIC,    21, -2.906047220696e-01, 2.507183932283e-03, 2.6808e+01, 8.9987e-01, 
 1DIAGNOSTIC,    22, -2.924252811719e-01, 2.205020724867e-03, 2.7711e+01, 9.0395e-01, 
 1DIAGNOSTIC,    23, -2.937501477445e-01, 1.957701590311e-03, 2.8602e+01, 8.9039e-01, 
 1DIAGNOSTIC,    24, -2.949948310423e-01, 1.764349598028e-03, 2.9538e+01, 9.3614e-01, 
 1DIAGNOSTIC,    25, -2.949908315236e-01, 1.520670517768e-03, 3.0444e+01, 9.0645e-01, 
 1DIAGNOSTIC,    26, -2.956416653584e-01, 1.265325178959e-03, 3.1384e+01, 9.3991e-01, 
 1DIAGNOSTIC,    27, -2.969544894891e-01, 1.079191445887e-03, 3.2327e+01, 9.4295e-01, 
 1DIAGNOSTIC,    28, -2.983176656356e-01, 9.090903064989e-04, 3.3239e+01, 9.1123e-01, 
 1DIAGNOSTIC,    29, -2.984367116753e-01, 7.704606971385e-04, 3.4154e+01, 9.1581e-01, 
 1DIAGNOSTIC,    30, -2.993729966778e-01, 6.458263210781e-04, 3.5097e+01, 9.4313e-01, 
 1DIAGNOSTIC,    31, -3.004106336326e-01, 5.828953871032e-04, 3.6005e+01, 9.0731e-01, 
 1DIAGNOSTIC,    32, -2.999607112765e-01, 5.122149734778e-04, 3.6925e+01, 9.2014e-01, 
 1DIAGNOSTIC,    33, -3.004686491799e-01, 4.557484116363e-04, 3.7821e+01, 8.9623e-01, 
 1DIAGNOSTIC,    34, -3.013595402409e-01, 4.260002906181e-04, 3.8741e+01, 9.2020e-01, 
 1DIAGNOSTIC,    35, -3.022855768897e-01, 3.844608674311e-04, 3.9672e+01, 9.3055e-01, 
 1DIAGNOSTIC,    36, -3.029418591278e-01, 3.454668395907e-04, 4.0588e+01, 9.1570e-01, 
 1DIAGNOSTIC,    37, -3.036380164707e-01, 3.319210249618e-04, 4.1494e+01, 9.0684e-01, 
 1DIAGNOSTIC,    38, -3.043468243543e-01, 3.444795854325e-04, 4.2399e+01, 9.0475e-01, 
 1DIAGNOSTIC,    39, -3.044938401310e-01, 3.295496278387e-04, 4.3297e+01, 8.9830e-01, 
 1DIAGNOSTIC,    40, -3.040183844191e-01, 2.951841424545e-04, 4.4211e+01, 9.1362e-01, 
 1DIAGNOSTIC,    41, -3.050131509513e-01, 2.864807060108e-04, 4.5121e+01, 9.0999e-01, 
 1DIAGNOSTIC,    42, -3.062397691451e-01, 2.689837286387e-04, 4.6014e+01, 8.9332e-01, 
 1DIAGNOSTIC,    43, -3.059383315953e-01, 2.305464605901e-04, 4.6939e+01, 9.2431e-01, 
 1DIAGNOSTIC,    44, -3.064530501260e-01, 2.052688496349e-04, 4.7835e+01, 8.9622e-01, 
 1DIAGNOSTIC,    45, -3.063387771227e-01, 1.801656163864e-04, 4.8749e+01, 9.1445e-01, 
 1DIAGNOSTIC,    46, -3.065695019691e-01, 1.581235977802e-04, 4.9660e+01, 9.1061e-01, 
 1DIAGNOSTIC,    47, -3.068680359068e-01, 1.424033949121e-04, 5.0566e+01, 9.0555e-01, 
 1DIAGNOSTIC,    48, -3.074746400472e-01, 1.414406140513e-04, 5.1484e+01, 9.1872e-01, 
 1DIAGNOSTIC,    49, -3.086105508880e-01, 1.540036678008e-04, 5.2387e+01, 9.0240e-01, 
 1DIAGNOSTIC,    50, -3.106867390063e-01, 1.827009761281e-04, 5.3287e+01, 9.0006e-01, 
XXDIAGNOSTIC,Iteration,metricValue,convergenceValue,ITERATION_TIME_INDEX,SINCE_LAST
 1DIAGNOSTIC,     1, -2.331480489901e-01, 1.797693134862e+308, 6.0693e+01, 7.4066e+00, 
 1DIAGNOSTIC,     2, -2.362048551467e-01, 1.797693134862e+308, 6.7754e+01, 7.0610e+00, 
 1DIAGNOSTIC,     3, -2.390507828536e-01, 1.797693134862e+308, 7.4978e+01, 7.2236e+00, 
 1DIAGNOSTIC,     4, -2.424401465978e-01, 1.797693134862e+308, 8.2266e+01, 7.2883e+00, 
 1DIAGNOSTIC,     5, -2.456666913058e-01, 1.797693134862e+308, 8.9606e+01, 7.3397e+00, 
 1DIAGNOSTIC,     6, -2.487822701945e-01, 1.797693134862e+308, 9.6885e+01, 7.2793e+00, 
 1DIAGNOSTIC,     7, -2.517211072266e-01, 1.797693134862e+308, 1.0408e+02, 7.1928e+00, 
 1DIAGNOSTIC,     8, -2.546376869305e-01, 1.797693134862e+308, 1.1147e+02, 7.3959e+00, 
 1DIAGNOSTIC,     9, -2.574226068407e-01, 1.797693134862e+308, 1.1870e+02, 7.2274e+00, 
 1DIAGNOSTIC,    10, -2.601013688228e-01, 7.056771580415e-03, 1.2601e+02, 7.3097e+00, 
 1DIAGNOSTIC,    11, -2.627480190117e-01, 6.257995494949e-03, 1.3322e+02, 7.2070e+00, 
 1DIAGNOSTIC,    12, -2.655499545266e-01, 5.586479126442e-03, 1.4042e+02, 7.2008e+00, 
 1DIAGNOSTIC,    13, -2.682361262564e-01, 4.993053897002e-03, 1.4775e+02, 7.3314e+00, 
 1DIAGNOSTIC,    14, -2.707851805678e-01, 4.506915707160e-03, 1.5515e+02, 7.4034e+00, 
 1DIAGNOSTIC,    15, -2.731040952857e-01, 4.087134606910e-03, 1.6255e+02, 7.3950e+00, 
 1DIAGNOSTIC,    16, -2.749590927272e-01, 3.690783114242e-03, 1.6975e+02, 7.2015e+00, 
 1DIAGNOSTIC,    17, -2.768834010696e-01, 3.318217248946e-03, 1.7704e+02, 7.2941e+00, 
 1DIAGNOSTIC,    18, -2.787680542972e-01, 2.974131632093e-03, 1.8417e+02, 7.1268e+00, 
 1DIAGNOSTIC,    19, -2.803592247364e-01, 2.643222061444e-03, 1.9141e+02, 7.2384e+00, 
 1DIAGNOSTIC,    20, -2.819600975528e-01, 2.334205287065e-03, 1.9883e+02, 7.4227e+00, 
  Elapsed time (stage 2): 199


Total elapsed time: 223.6
vepi 000300655084_task-rest_run-01_bold.nii.gz
epi_orig /data/000300655084/func/000300655084_task-rest_run-01_bold.nii.gz
