subIDpath: /data/000300655084
subPath: /data
subjectID: 000300655084
mocodir: /data/derivatives/000300655084/motion
coregdir: /data/derivatives/000300655084/coregistration
normdir: /data/derivatives/000300655084/normalization
procdir: /data/derivatives/000300655084/processed
anatdir: /data/derivatives/000300655084/anat
function skullstrip was called
anatdir /data/derivatives/000300655084/anat
subjectID 000300655084
Step 1  of 9: reading in images...Done! It took roughly 1 seconds
Step 2 of 9: registration...
  2a) Similarity transform...
  2b) Affine transform...
  2c) Resampling volume...
  Registration done! It took roughly 13 seconds
Step 3 of 9: rough bias field correction...Done! It took roughly 7 seconds
Step 4 of 9: calculating features...Done! It took roughly 21 seconds
Step 5 of 9: voxel classification...Done! It took roughly 13 seconds
Step 6 of 9: fitting the shape model...Done! It took roughly 5 seconds
Step 7 of 9: free deformation...Done! It took roughly 0 seconds
Step 8 of 9: building volume from mesh...Done! It took roughly 2 seconds
Step 9 of 9: warping back to original space...Done! It took roughly 0 seconds

 Output ready 

 The whole process took roughly 62 seconds

 Freeing memory and deleting temporary files...


finished skullstrip

--------------------------------------------------------------------------------------
 Mapping parameters
--------------------------------------------------------------------------------------
 ANTSPATH is /usr/lib/ants

 Dimensionality:           3
 Output name prefix:       /data/derivatives/000300655084/normalization/000300655084_ANTsReg
 Fixed images:             /usr/share/fsl/data/standard/MNI152_T1_2mm_brain.nii.gz
 Moving images:            /data/derivatives/000300655084/anat/T1.nii
 Number of threads:        16
 Spline distance:          26
 Transform type:           s
 CC radius:                4
 Precision:                d
 Use histogram matching    0
======================================================================================
 antsRegistration call:
--------------------------------------------------------------------------------------
/usr/lib/ants/antsRegistration --verbose 1 --dimensionality 3 --float 0 --output [/data/derivatives/000300655084/normalization/000300655084_ANTsReg,/data/derivatives/000300655084/normalization/000300655084_ANTsRegWarped.nii.gz,/data/derivatives/000300655084/normalization/000300655084_ANTsRegInverseWarped.nii.gz] --interpolation Linear --use-histogram-matching 0 --winsorize-image-intensities [0.005,0.995] --initial-moving-transform [/usr/share/fsl/data/standard/MNI152_T1_2mm_brain.nii.gz,/data/derivatives/000300655084/anat/T1.nii,1] --transform Rigid[0.1] --metric MI[/usr/share/fsl/data/standard/MNI152_T1_2mm_brain.nii.gz,/data/derivatives/000300655084/anat/T1.nii,1,32,Regular,0.25] --convergence [1000x500x250x100,1e-6,10] --shrink-factors 8x4x2x1 --smoothing-sigmas 3x2x1x0vox -x [NULL,NULL] --transform Affine[0.1] --metric MI[/usr/share/fsl/data/standard/MNI152_T1_2mm_brain.nii.gz,/data/derivatives/000300655084/anat/T1.nii,1,32,Regular,0.25] --convergence [1000x500x250x100,1e-6,10] --shrink-factors 8x4x2x1 --smoothing-sigmas 3x2x1x0vox -x [NULL,NULL] --transform SyN[0.1,3,0] --metric CC[/usr/share/fsl/data/standard/MNI152_T1_2mm_brain.nii.gz,/data/derivatives/000300655084/anat/T1.nii,1,4] --convergence [100x70x50x20,1e-6,10] --shrink-factors 8x4x2x1 --smoothing-sigmas 3x2x1x0vox -x [/usr/share/fsl/data/standard/MNI152_T1_2mm_brain_mask.nii.gz, NULL]
--------------------------------------------------------------------------------------
All_Command_lines_OK
Using double precision for computations.
=============================================================================
The composite transform comprises the following transforms (in order): 
  1. Center of mass alignment using fixed image: /usr/share/fsl/data/standard/MNI152_T1_2mm_brain.nii.gz and moving image: /data/derivatives/000300655084/anat/T1.nii (type = Euler3DTransform)
=============================================================================
  Reading mask(s).
    Registration stage 0
      No fixed mask
      No moving mask
    Registration stage 1
      No fixed mask
      No moving mask
    Registration stage 2
      Fixed mask = /usr/share/fsl/data/standard/MNI152_T1_2mm_brain_mask.nii.gz
      No moving mask
  number of levels = 4
  number of levels = 4
  number of levels = 4
  fixed image: /usr/share/fsl/data/standard/MNI152_T1_2mm_brain.nii.gz
  moving image: /data/derivatives/000300655084/anat/T1.nii
  fixed image: /usr/share/fsl/data/standard/MNI152_T1_2mm_brain.nii.gz
  moving image: /data/derivatives/000300655084/anat/T1.nii
  fixed image: /usr/share/fsl/data/standard/MNI152_T1_2mm_brain.nii.gz
  moving image: /data/derivatives/000300655084/anat/T1.nii
Dimension = 3
Number of stages = 3
Use Histogram Matching false
Winsorize image intensities true
Lower quantile = 0.005
Upper quantile = 0.995
Stage 1 State
   Image metric = Mattes
     Fixed image = Image (0x55d994e71660)
  RTTI typeinfo:   itk::Image<double, 3u>
  Reference Count: 2
  Modified Time: 1901
  Debug: Off
  Object Name: 
  Observers: 
    none
  Source: (none)
  Source output name: (none)
  Release Data: Off
  Data Released: False
  Global Release Data: Off
  PipelineMTime: 0
  UpdateMTime: 1734
  RealTimeStamp: 0 seconds 
  LargestPossibleRegion: 
    Dimension: 3
    Index: [0, 0, 0]
    Size: [91, 109, 91]
  BufferedRegion: 
    Dimension: 3
    Index: [0, 0, 0]
    Size: [91, 109, 91]
  RequestedRegion: 
    Dimension: 3
    Index: [0, 0, 0]
    Size: [91, 109, 91]
  Spacing: [2, 2, 2]
  Origin: [-90, 126, -72]
  Direction: 
1 0 0
0 -1 0
0 0 1

  IndexToPointMatrix: 
2 0 0
0 -2 0
0 0 2

  PointToIndexMatrix: 
0.5 0 0
0 -0.5 0
0 0 0.5

  Inverse Direction: 
1 0 0
0 -1 0
0 0 1

  PixelContainer: 
    ImportImageContainer (0x55d994d79b50)
      RTTI typeinfo:   itk::ImportImageContainer<unsigned long, double>
      Reference Count: 1
      Modified Time: 1731
      Debug: Off
      Object Name: 
      Observers: 
        none
      Pointer: 0x55d994e71970
      Container manages memory: true
      Size: 902629
      Capacity: 902629

     Moving image = Image (0x55d994d842b0)
  RTTI typeinfo:   itk::Image<double, 3u>
  Reference Count: 2
  Modified Time: 1902
  Debug: Off
  Object Name: 
  Observers: 
    none
  Source: (none)
  Source output name: (none)
  Release Data: Off
  Data Released: False
  Global Release Data: Off
  PipelineMTime: 0
  UpdateMTime: 1899
  RealTimeStamp: 0 seconds 
  LargestPossibleRegion: 
    Dimension: 3
    Index: [0, 0, 0]
    Size: [256, 256, 166]
  BufferedRegion: 
    Dimension: 3
    Index: [0, 0, 0]
    Size: [256, 256, 166]
  RequestedRegion: 
    Dimension: 3
    Index: [0, 0, 0]
    Size: [256, 256, 166]
  Spacing: [0.8594, 0.8594, 1.2]
  Origin: [99.469, -146.445, -89.42]
  Direction: 
-0 0 -1
1 -0 0
0 1 -0

  IndexToPointMatrix: 
0 0 -1.2
0.8594 0 0
0 0.8594 0

  PointToIndexMatrix: 
0 1.1636 0
0 0 1.1636
-0.833334 0 0

  Inverse Direction: 
0 1 0
0 0 1
-1 0 0

  PixelContainer: 
    ImportImageContainer (0x55d994d712c0)
      RTTI typeinfo:   itk::ImportImageContainer<unsigned long, double>
      Reference Count: 1
      Modified Time: 1896
      Debug: Off
      Object Name: 
      Observers: 
        none
      Pointer: 0x7f5b9ac9f010
      Container manages memory: true
      Size: 10878976
      Capacity: 10878976

     Weighting = 1
     Sampling strategy = regular
     Number of bins = 32
     Radius = 4
     Sampling percentage  = 0.25
   Transform = Rigid
     Gradient step = 0.1
     Update field sigma (voxel space) = 0
     Total field sigma (voxel space) = 0
     Update field time sigma = 0
     Total field time sigma  = 0
     Number of time indices = 0
     Number of time point samples = 0
Stage 2 State
   Image metric = Mattes
     Fixed image = Image (0x55d994e65cb0)
  RTTI typeinfo:   itk::Image<double, 3u>
  Reference Count: 2
  Modified Time: 2233
  Debug: Off
  Object Name: 
  Observers: 
    none
  Source: (none)
  Source output name: (none)
  Release Data: Off
  Data Released: False
  Global Release Data: Off
  PipelineMTime: 0
  UpdateMTime: 2066
  RealTimeStamp: 0 seconds 
  LargestPossibleRegion: 
    Dimension: 3
    Index: [0, 0, 0]
    Size: [91, 109, 91]
  BufferedRegion: 
    Dimension: 3
    Index: [0, 0, 0]
    Size: [91, 109, 91]
  RequestedRegion: 
    Dimension: 3
    Index: [0, 0, 0]
    Size: [91, 109, 91]
  Spacing: [2, 2, 2]
  Origin: [-90, 126, -72]
  Direction: 
1 0 0
0 -1 0
0 0 1

  IndexToPointMatrix: 
2 0 0
0 -2 0
0 0 2

  PointToIndexMatrix: 
0.5 0 0
0 -0.5 0
0 0 0.5

  Inverse Direction: 
1 0 0
0 -1 0
0 0 1

  PixelContainer: 
    ImportImageContainer (0x55d994d758b0)
      RTTI typeinfo:   itk::ImportImageContainer<unsigned long, double>
      Reference Count: 1
      Modified Time: 2063
      Debug: Off
      Object Name: 
      Observers: 
        none
      Pointer: 0x55d9955548a0
      Container manages memory: true
      Size: 902629
      Capacity: 902629

     Moving image = Image (0x55d994e6e090)
  RTTI typeinfo:   itk::Image<double, 3u>
  Reference Count: 2
  Modified Time: 2234
  Debug: Off
  Object Name: 
  Observers: 
    none
  Source: (none)
  Source output name: (none)
  Release Data: Off
  Data Released: False
  Global Release Data: Off
  PipelineMTime: 0
  UpdateMTime: 2231
  RealTimeStamp: 0 seconds 
  LargestPossibleRegion: 
    Dimension: 3
    Index: [0, 0, 0]
    Size: [256, 256, 166]
  BufferedRegion: 
    Dimension: 3
    Index: [0, 0, 0]
    Size: [256, 256, 166]
  RequestedRegion: 
    Dimension: 3
    Index: [0, 0, 0]
    Size: [256, 256, 166]
  Spacing: [0.8594, 0.8594, 1.2]
  Origin: [99.469, -146.445, -89.42]
  Direction: 
-0 0 -1
1 -0 0
0 1 -0

  IndexToPointMatrix: 
0 0 -1.2
0.8594 0 0
0 0.8594 0

  PointToIndexMatrix: 
0 1.1636 0
0 0 1.1636
-0.833334 0 0

  Inverse Direction: 
0 1 0
0 0 1
-1 0 0

  PixelContainer: 
    ImportImageContainer (0x55d994e6fe70)
      RTTI typeinfo:   itk::ImportImageContainer<unsigned long, double>
      Reference Count: 1
      Modified Time: 2228
      Debug: Off
      Object Name: 
      Observers: 
        none
      Pointer: 0x7f5b9599e010
      Container manages memory: true
      Size: 10878976
      Capacity: 10878976

     Weighting = 1
     Sampling strategy = regular
     Number of bins = 32
     Radius = 4
     Sampling percentage  = 0.25
   Transform = Affine
     Gradient step = 0.1
     Update field sigma (voxel space) = 0
     Total field sigma (voxel space) = 0
     Update field time sigma = 0
     Total field time sigma  = 0
     Number of time indices = 0
     Number of time point samples = 0
Stage 3 State
   Image metric = CC
     Fixed image = Image (0x55d994e66d90)
  RTTI typeinfo:   itk::Image<double, 3u>
  Reference Count: 2
  Modified Time: 2565
  Debug: Off
  Object Name: 
  Observers: 
    none
  Source: (none)
  Source output name: (none)
  Release Data: Off
  Data Released: False
  Global Release Data: Off
  PipelineMTime: 0
  UpdateMTime: 2398
  RealTimeStamp: 0 seconds 
  LargestPossibleRegion: 
    Dimension: 3
    Index: [0, 0, 0]
    Size: [91, 109, 91]
  BufferedRegion: 
    Dimension: 3
    Index: [0, 0, 0]
    Size: [91, 109, 91]
  RequestedRegion: 
    Dimension: 3
    Index: [0, 0, 0]
    Size: [91, 109, 91]
  Spacing: [2, 2, 2]
  Origin: [-90, 126, -72]
  Direction: 
1 0 0
0 -1 0
0 0 1

  IndexToPointMatrix: 
2 0 0
0 -2 0
0 0 2

  PointToIndexMatrix: 
0.5 0 0
0 -0.5 0
0 0 0.5

  Inverse Direction: 
1 0 0
0 -1 0
0 0 1

  PixelContainer: 
    ImportImageContainer (0x55d994e6f9a0)
      RTTI typeinfo:   itk::ImportImageContainer<unsigned long, double>
      Reference Count: 1
      Modified Time: 2395
      Debug: Off
      Object Name: 
      Observers: 
        none
      Pointer: 0x55d995c377d0
      Container manages memory: true
      Size: 902629
      Capacity: 902629

     Moving image = Image (0x55d994e6cd20)
  RTTI typeinfo:   itk::Image<double, 3u>
  Reference Count: 2
  Modified Time: 2566
  Debug: Off
  Object Name: 
  Observers: 
    none
  Source: (none)
  Source output name: (none)
  Release Data: Off
  Data Released: False
  Global Release Data: Off
  PipelineMTime: 0
  UpdateMTime: 2563
  RealTimeStamp: 0 seconds 
  LargestPossibleRegion: 
    Dimension: 3
    Index: [0, 0, 0]
    Size: [256, 256, 166]
  BufferedRegion: 
    Dimension: 3
    Index: [0, 0, 0]
    Size: [256, 256, 166]
  RequestedRegion: 
    Dimension: 3
    Index: [0, 0, 0]
    Size: [256, 256, 166]
  Spacing: [0.8594, 0.8594, 1.2]
  Origin: [99.469, -146.445, -89.42]
  Direction: 
-0 0 -1
1 -0 0
0 1 -0

  IndexToPointMatrix: 
0 0 -1.2
0.8594 0 0
0 0.8594 0

  PointToIndexMatrix: 
0 1.1636 0
0 0 1.1636
-0.833334 0 0

  Inverse Direction: 
0 1 0
0 0 1
-1 0 0

  PixelContainer: 
    ImportImageContainer (0x55d994e712b0)
      RTTI typeinfo:   itk::ImportImageContainer<unsigned long, double>
      Reference Count: 1
      Modified Time: 2560
      Debug: Off
      Object Name: 
      Observers: 
        none
      Pointer: 0x7f5b9069d010
      Container manages memory: true
      Size: 10878976
      Capacity: 10878976

     Weighting = 1
     Sampling strategy = none
     Number of bins = 32
     Radius = 4
     Sampling percentage  = 1
   Transform = SyN
     Gradient step = 0.1
     Update field sigma (voxel space) = 3
     Total field sigma (voxel space) = 0
     Update field time sigma = 0
     Total field time sigma  = 0
     Number of time indices = 0
     Number of time point samples = 0
Registration using 3 total stages.

Stage 0
  iterations = 1000x500x250x100
  convergence threshold = 1e-06
  convergence window size = 10
  number of levels = 4
  using the Mattes MI metric (number of bins = 32, weight = 1)
  preprocessing:  winsorizing the image intensities
  Shrink factors (level 1 out of 4): [8, 8, 8]
  Shrink factors (level 2 out of 4): [4, 4, 4]
  Shrink factors (level 3 out of 4): [2, 2, 2]
  Shrink factors (level 4 out of 4): [1, 1, 1]
  smoothing sigmas per level: [3, 2, 1, 0]
  regular sampling (percentage = 0.25)

*** Running Euler3DTransform registration ***

DIAGNOSTIC,Iteration,metricValue,convergenceValue,ITERATION_TIME_INDEX,SINCE_LAST
 2DIAGNOSTIC,     1, -8.462168114406e-01, 1.797693134862e+308, 1.3538e+00, 1.3538e+00, 
 2DIAGNOSTIC,     2, -8.474678592592e-01, 1.797693134862e+308, 1.3575e+00, 3.7630e-03, 
 2DIAGNOSTIC,     3, -8.509373874970e-01, 1.797693134862e+308, 1.3621e+00, 4.5979e-03, 
 2DIAGNOSTIC,     4, -8.532224399493e-01, 1.797693134862e+308, 1.3661e+00, 4.0121e-03, 
 2DIAGNOSTIC,     5, -8.546228802693e-01, 1.797693134862e+308, 1.3718e+00, 5.7020e-03, 
 2DIAGNOSTIC,     6, -8.549635794979e-01, 1.797693134862e+308, 1.3749e+00, 3.1011e-03, 
 2DIAGNOSTIC,     7, -8.551614187879e-01, 1.797693134862e+308, 1.3778e+00, 2.9070e-03, 
 2DIAGNOSTIC,     8, -8.553045573166e-01, 1.797693134862e+308, 1.3807e+00, 2.8560e-03, 
 2DIAGNOSTIC,     9, -8.555932983102e-01, 1.797693134862e+308, 1.3857e+00, 5.0070e-03, 
 2DIAGNOSTIC,    10, -8.560433981316e-01, 7.013400555497e-04, 1.3895e+00, 3.8152e-03, 
 2DIAGNOSTIC,    11, -8.575519465812e-01, 5.042826908006e-04, 1.3947e+00, 5.2350e-03, 
 2DIAGNOSTIC,    12, -8.582622271747e-01, 3.472438364754e-04, 1.3985e+00, 3.7630e-03, 
 2DIAGNOSTIC,    13, -8.591132455580e-01, 2.928693044108e-04, 1.4028e+00, 4.3259e-03, 
 2DIAGNOSTIC,    14, -8.629591510563e-01, 3.647257343573e-04, 1.4091e+00, 6.2809e-03, 
 2DIAGNOSTIC,    15, -8.634987192736e-01, 4.344209404241e-04, 1.4131e+00, 3.9990e-03, 
 2DIAGNOSTIC,    16, -8.636727799451e-01, 4.667123036819e-04, 1.4171e+00, 3.9752e-03, 
 2DIAGNOSTIC,    17, -8.639664854687e-01, 4.629772575864e-04, 1.4213e+00, 4.2431e-03, 
 2DIAGNOSTIC,    18, -8.649800043965e-01, 4.382371889483e-04, 1.4278e+00, 6.4890e-03, 
 2DIAGNOSTIC,    19, -8.654826605515e-01, 3.881730689473e-04, 1.4318e+00, 3.9890e-03, 
 2DIAGNOSTIC,    20, -8.659322527793e-01, 3.214581702252e-04, 1.4367e+00, 4.8890e-03, 
 2DIAGNOSTIC,    21, -8.662231410751e-01, 2.606338060199e-04, 1.4404e+00, 3.6521e-03, 
 2DIAGNOSTIC,    22, -8.663922136287e-01, 1.948374919211e-04, 1.4441e+00, 3.7661e-03, 
 2DIAGNOSTIC,    23, -8.666696034599e-01, 1.313046147907e-04, 1.4478e+00, 3.6569e-03, 
 2DIAGNOSTIC,    24, -8.670669637203e-01, 1.190929852035e-04, 1.4514e+00, 3.5911e-03, 
 2DIAGNOSTIC,    25, -8.676412565203e-01, 1.115322043771e-04, 1.4581e+00, 6.7492e-03, 
 2DIAGNOSTIC,    26, -8.679782482785e-01, 1.006580006018e-04, 1.4619e+00, 3.8090e-03, 
 2DIAGNOSTIC,    27, -8.682820278471e-01, 8.833829092775e-05, 1.4656e+00, 3.6409e-03, 
 2DIAGNOSTIC,    28, -8.686461691919e-01, 8.486414825679e-05, 1.4727e+00, 7.1580e-03, 
 2DIAGNOSTIC,    29, -8.689218672244e-01, 8.238612094772e-05, 1.4766e+00, 3.8610e-03, 
 2DIAGNOSTIC,    30, -8.692304985175e-01, 8.059248559600e-05, 1.4803e+00, 3.7200e-03, 
 2DIAGNOSTIC,    31, -8.696066968018e-01, 7.845148080928e-05, 1.4863e+00, 5.9640e-03, 
 2DIAGNOSTIC,    32, -8.698571040850e-01, 7.339289557818e-05, 1.4901e+00, 3.8481e-03, 
 2DIAGNOSTIC,    33, -8.701234441042e-01, 6.716323038587e-05, 1.4947e+00, 4.5829e-03, 
 2DIAGNOSTIC,    34, -8.704696226052e-01, 6.210271451241e-05, 1.5004e+00, 5.6520e-03, 
 2DIAGNOSTIC,    35, -8.706606816085e-01, 5.863350462815e-05, 1.5039e+00, 3.5200e-03, 
 2DIAGNOSTIC,    36, -8.707979950142e-01, 5.416445925657e-05, 1.5075e+00, 3.6421e-03, 
 2DIAGNOSTIC,    37, -8.709953031057e-01, 4.928916647933e-05, 1.5112e+00, 3.6900e-03, 
 2DIAGNOSTIC,    38, -8.711755616666e-01, 4.473073119555e-05, 1.5176e+00, 6.3901e-03, 
 2DIAGNOSTIC,    39, -8.713525097259e-01, 3.997714024276e-05, 1.5222e+00, 4.6389e-03, 
 2DIAGNOSTIC,    40, -8.714657178902e-01, 3.513426494980e-05, 1.5260e+00, 3.7420e-03, 
 2DIAGNOSTIC,    41, -8.718606127682e-01, 3.344057695819e-05, 1.5306e+00, 4.5969e-03, 
 2DIAGNOSTIC,    42, -8.725155590990e-01, 3.570835495154e-05, 1.5363e+00, 5.7361e-03, 
 2DIAGNOSTIC,    43, -8.728928123183e-01, 3.928633215553e-05, 1.5399e+00, 3.5532e-03, 
 2DIAGNOSTIC,    44, -8.731936529921e-01, 4.384329284221e-05, 1.5440e+00, 4.1811e-03, 
 2DIAGNOSTIC,    45, -8.735909870105e-01, 4.839999717327e-05, 1.5479e+00, 3.8390e-03, 
 2DIAGNOSTIC,    46, -8.740003198306e-01, 5.201592892664e-05, 1.5526e+00, 4.6780e-03, 
 2DIAGNOSTIC,    47, -8.746823291125e-01, 5.659135775785e-05, 1.5566e+00, 4.0112e-03, 
 2DIAGNOSTIC,    48, -8.787371176162e-01, 8.449168373779e-05, 1.5634e+00, 6.8021e-03, 
 2DIAGNOSTIC,    49, -8.871420760607e-01, 1.600368337632e-04, 1.5677e+00, 4.2799e-03, 
 2DIAGNOSTIC,    50, -8.910020050167e-01, 2.420424722997e-04, 1.5725e+00, 4.8392e-03, 
 2DIAGNOSTIC,    51, -8.977684927022e-01, 3.438364020872e-04, 1.5774e+00, 4.9071e-03, 
 2DIAGNOSTIC,    52, -8.988237402963e-01, 4.191967202820e-04, 1.5813e+00, 3.8621e-03, 
 2DIAGNOSTIC,    53, -8.997043956063e-01, 4.593217223322e-04, 1.5857e+00, 4.4119e-03, 
 2DIAGNOSTIC,    54, -9.004358912117e-01, 4.597296085003e-04, 1.5904e+00, 4.7078e-03, 
 2DIAGNOSTIC,    55, -9.027527953221e-01, 4.318609256116e-04, 1.6010e+00, 1.0634e-02, 
 2DIAGNOSTIC,    56, -9.055834740937e-01, 3.824505911819e-04, 1.6055e+00, 4.4811e-03, 
 2DIAGNOSTIC,    57, -9.064121759311e-01, 3.065943428431e-04, 1.6101e+00, 4.5781e-03, 
 2DIAGNOSTIC,    58, -9.073731946500e-01, 2.319494729012e-04, 1.6170e+00, 6.9211e-03, 
 2DIAGNOSTIC,    59, -9.081330822362e-01, 1.883020891601e-04, 1.6225e+00, 5.4681e-03, 
 2DIAGNOSTIC,    60, -9.085173633528e-01, 1.499942350099e-04, 1.6282e+00, 5.7411e-03, 
 2DIAGNOSTIC,    61, -9.092229225154e-01, 1.382166647746e-04, 1.6352e+00, 6.9962e-03, 
 2DIAGNOSTIC,    62, -9.094473753143e-01, 1.202557889845e-04, 1.6407e+00, 5.5051e-03, 
 2DIAGNOSTIC,    63, -9.095691398658e-01, 9.674659815407e-05, 1.6445e+00, 3.8350e-03, 
 2DIAGNOSTIC,    64, -9.104499331774e-01, 7.279462175880e-05, 1.6493e+00, 4.7600e-03, 
 2DIAGNOSTIC,    65, -9.112588697223e-01, 5.782932371426e-05, 1.6531e+00, 3.7849e-03, 
 2DIAGNOSTIC,    66, -9.113127666419e-01, 5.187953288707e-05, 1.6567e+00, 3.5739e-03, 
 2DIAGNOSTIC,    67, -9.113500385578e-01, 4.537556205418e-05, 1.6619e+00, 5.2049e-03, 
 2DIAGNOSTIC,    68, -9.113756559256e-01, 3.945435989604e-05, 1.6654e+00, 3.5441e-03, 
 2DIAGNOSTIC,    69, -9.115791897052e-01, 3.440191045588e-05, 1.6714e+00, 5.9900e-03, 
 2DIAGNOSTIC,    70, -9.116296686016e-01, 2.806721144691e-05, 1.6751e+00, 3.7241e-03, 
 2DIAGNOSTIC,    71, -9.116414850350e-01, 2.255796426667e-05, 1.6793e+00, 4.1702e-03, 
 2DIAGNOSTIC,    72, -9.116769281533e-01, 1.634817491658e-05, 1.6837e+00, 4.3771e-03, 
 2DIAGNOSTIC,    73, -9.117873084206e-01, 9.739562030977e-06, 1.6894e+00, 5.7650e-03, 
 2DIAGNOSTIC,    74, -9.118835401822e-01, 6.562777046755e-06, 1.6945e+00, 5.0230e-03, 
 2DIAGNOSTIC,    75, -9.118859598901e-01, 6.363323038059e-06, 1.7006e+00, 6.1009e-03, 
 2DIAGNOSTIC,    76, -9.118871575531e-01, 5.852653364837e-06, 1.7058e+00, 5.2319e-03, 
 2DIAGNOSTIC,    77, -9.118873463449e-01, 5.002482891538e-06, 1.7116e+00, 5.8410e-03, 
 2DIAGNOSTIC,    78, -9.118885262170e-01, 3.813731925231e-06, 1.7162e+00, 4.5390e-03, 
 2DIAGNOSTIC,    79, -9.118903566966e-01, 3.155224419689e-06, 1.7209e+00, 4.7271e-03, 
 2DIAGNOSTIC,    80, -9.118919627126e-01, 2.464893631430e-06, 1.7259e+00, 5.0120e-03, 
 2DIAGNOSTIC,    81, -9.119022188802e-01, 1.688954050843e-06, 1.7333e+00, 7.4332e-03, 
DIAGNOSTIC,Iteration,metricValue,convergenceValue,ITERATION_TIME_INDEX,SINCE_LAST
 2DIAGNOSTIC,     1, -5.866514582374e-01, 1.797693134862e+308, 2.4778e+00, 7.4441e-01, 
 2DIAGNOSTIC,     2, -5.890602371099e-01, 1.797693134862e+308, 2.4842e+00, 6.4809e-03, 
 2DIAGNOSTIC,     3, -5.925746852338e-01, 1.797693134862e+308, 2.4904e+00, 6.1550e-03, 
 2DIAGNOSTIC,     4, -5.955303006860e-01, 1.797693134862e+308, 2.4960e+00, 5.6460e-03, 
 2DIAGNOSTIC,     5, -5.993747192935e-01, 1.797693134862e+308, 2.5018e+00, 5.7418e-03, 
 2DIAGNOSTIC,     6, -6.164104588798e-01, 1.797693134862e+308, 2.5076e+00, 5.8692e-03, 
 2DIAGNOSTIC,     7, -6.347405935500e-01, 1.797693134862e+308, 2.5148e+00, 7.1368e-03, 
 2DIAGNOSTIC,     8, -6.385759490223e-01, 1.797693134862e+308, 2.5229e+00, 8.1389e-03, 
 2DIAGNOSTIC,     9, -6.397035984851e-01, 1.797693134862e+308, 2.5485e+00, 2.5539e-02, 
 2DIAGNOSTIC,    10, -6.397034429396e-01, 6.988131820535e-03, 2.5548e+00, 6.3291e-03, 
 2DIAGNOSTIC,    11, -6.397036756503e-01, 6.053042079318e-03, 2.5610e+00, 6.1679e-03, 
 2DIAGNOSTIC,    12, -6.397040692178e-01, 4.816785823502e-03, 2.5678e+00, 6.7980e-03, 
 2DIAGNOSTIC,    13, -6.397047343168e-01, 3.471169238187e-03, 2.5748e+00, 7.0639e-03, 
 2DIAGNOSTIC,    14, -6.397058578328e-01, 2.117809261685e-03, 2.5817e+00, 6.8581e-03, 
 2DIAGNOSTIC,    15, -6.397077542066e-01, 8.680600428237e-04, 2.5881e+00, 6.4189e-03, 
 2DIAGNOSTIC,    16, -6.397109510408e-01, 1.719660794753e-04, 2.5950e+00, 6.9320e-03, 
 2DIAGNOSTIC,    17, -6.397163296578e-01, 3.274783757964e-05, 2.6017e+00, 6.6240e-03, 
 2DIAGNOSTIC,    18, -6.397253792804e-01, 2.820645158504e-06, 2.6082e+00, 6.5720e-03, 
 2DIAGNOSTIC,    19, -6.397404154422e-01, 3.331103439849e-06, 2.6146e+00, 6.3751e-03, 
 2DIAGNOSTIC,    20, -6.397651704386e-01, 4.190885312373e-06, 2.6210e+00, 6.4409e-03, 
 2DIAGNOSTIC,    21, -6.398056892476e-01, 5.598065859244e-06, 2.6290e+00, 7.9300e-03, 
 2DIAGNOSTIC,    22, -6.398307187752e-01, 7.005046075585e-06, 2.6354e+00, 6.4101e-03, 
 2DIAGNOSTIC,    23, -6.397682121962e-01, 6.553783496198e-06, 2.6421e+00, 6.6969e-03, 
 2DIAGNOSTIC,    24, -6.398333383876e-01, 6.952606159183e-06, 2.6485e+00, 6.4192e-03, 
 2DIAGNOSTIC,    25, -6.399325623105e-01, 8.571200216467e-06, 2.6548e+00, 6.3441e-03, 
 2DIAGNOSTIC,    26, -6.400715290252e-01, 1.178247040819e-05, 2.6610e+00, 6.1350e-03, 
 2DIAGNOSTIC,    27, -6.402395766419e-01, 1.662865862604e-05, 2.6671e+00, 6.1510e-03, 
 2DIAGNOSTIC,    28, -6.404258891073e-01, 2.280978049458e-05, 2.6739e+00, 6.7790e-03, 
 2DIAGNOSTIC,    29, -6.406376855843e-01, 3.000578781227e-05, 2.6801e+00, 6.2129e-03, 
 2DIAGNOSTIC,    30, -6.408918032053e-01, 3.808940961682e-05, 2.6877e+00, 7.5428e-03, 
 2DIAGNOSTIC,    31, -6.410789486955e-01, 4.536822701393e-05, 2.6941e+00, 6.4590e-03, 
 2DIAGNOSTIC,    32, -6.415557942211e-01, 5.506041544649e-05, 2.7015e+00, 7.3669e-03, 
 2DIAGNOSTIC,    33, -6.422542149962e-01, 6.755611258411e-05, 2.7121e+00, 1.0638e-02, 
 2DIAGNOSTIC,    34, -6.423166135852e-01, 7.447695485270e-05, 2.7198e+00, 7.6530e-03, 
 2DIAGNOSTIC,    35, -6.424585347105e-01, 7.723216073014e-05, 2.7262e+00, 6.4170e-03, 
 2DIAGNOSTIC,    36, -6.424449140273e-01, 7.417997421835e-05, 2.7327e+00, 6.5000e-03, 
 2DIAGNOSTIC,    37, -6.424680441537e-01, 6.655918904639e-05, 2.7396e+00, 6.8932e-03, 
 2DIAGNOSTIC,    38, -6.424775964083e-01, 5.525950544342e-05, 2.7462e+00, 6.6080e-03, 
 2DIAGNOSTIC,    39, -6.426322004161e-01, 4.355810329887e-05, 2.7557e+00, 9.5141e-03, 
 2DIAGNOSTIC,    40, -6.426603313413e-01, 3.159912358080e-05, 2.7659e+00, 1.0186e-02, 
 2DIAGNOSTIC,    41, -6.426645726964e-01, 1.934895265207e-05, 2.7731e+00, 7.2260e-03, 
 2DIAGNOSTIC,    42, -6.427873147411e-01, 1.215913235427e-05, 2.7838e+00, 1.0644e-02, 
 2DIAGNOSTIC,    43, -6.428143453082e-01, 1.173455166393e-05, 2.7906e+00, 6.8150e-03, 
 2DIAGNOSTIC,    44, -6.428254436533e-01, 1.096841751040e-05, 2.7978e+00, 7.2269e-03, 
 2DIAGNOSTIC,    45, -6.428407604286e-01, 1.083989298564e-05, 2.8068e+00, 8.9779e-03, 
 2DIAGNOSTIC,    46, -6.428527478815e-01, 9.746929345907e-06, 2.8138e+00, 7.0100e-03, 
 2DIAGNOSTIC,    47, -6.428633694709e-01, 8.155387840346e-06, 2.8226e+00, 8.7609e-03, 
 2DIAGNOSTIC,    48, -6.428769786494e-01, 6.085863566707e-06, 2.8347e+00, 1.2165e-02, 
 2DIAGNOSTIC,    49, -6.428818873450e-01, 5.046550397594e-06, 2.8410e+00, 6.2439e-03, 
 2DIAGNOSTIC,    50, -6.428984266939e-01, 4.042801129176e-06, 2.8484e+00, 7.4282e-03, 
 2DIAGNOSTIC,    51, -6.429192553394e-01, 2.941953443233e-06, 2.8549e+00, 6.4681e-03, 
 2DIAGNOSTIC,    52, -6.429231030399e-01, 2.741802016870e-06, 2.8620e+00, 7.1728e-03, 
 2DIAGNOSTIC,    53, -6.429322051193e-01, 2.651734315171e-06, 2.8701e+00, 8.0271e-03, 
 2DIAGNOSTIC,    54, -6.429560683109e-01, 2.656385525802e-06, 2.8806e+00, 1.0516e-02, 
 2DIAGNOSTIC,    55, -6.429631124857e-01, 2.637417604551e-06, 2.8875e+00, 6.9070e-03, 
 2DIAGNOSTIC,    56, -6.429691287485e-01, 2.563485972280e-06, 2.8945e+00, 6.9900e-03, 
 2DIAGNOSTIC,    57, -6.429793446144e-01, 2.464724086052e-06, 2.9066e+00, 1.2162e-02, 
 2DIAGNOSTIC,    58, -6.429818391994e-01, 2.310914505331e-06, 2.9225e+00, 1.5847e-02, 
 2DIAGNOSTIC,    59, -6.429818413687e-01, 2.027015458424e-06, 2.9290e+00, 6.5210e-03, 
 2DIAGNOSTIC,    60, -6.429818768309e-01, 1.730120705132e-06, 2.9355e+00, 6.5110e-03, 
 2DIAGNOSTIC,    61, -6.429819318249e-01, 1.482786628662e-06, 2.9421e+00, 6.6309e-03, 
 2DIAGNOSTIC,    62, -6.429820229582e-01, 1.179363472988e-06, 2.9490e+00, 6.8340e-03, 
DIAGNOSTIC,Iteration,metricValue,convergenceValue,ITERATION_TIME_INDEX,SINCE_LAST
 2DIAGNOSTIC,     1, -5.140083921979e-01, 1.797693134862e+308, 3.4774e+00, 5.2843e-01, 
 2DIAGNOSTIC,     2, -5.144908875730e-01, 1.797693134862e+308, 3.5060e+00, 2.8558e-02, 
 2DIAGNOSTIC,     3, -5.151620764603e-01, 1.797693134862e+308, 3.5335e+00, 2.7566e-02, 
 2DIAGNOSTIC,     4, -5.155688311854e-01, 1.797693134862e+308, 3.5593e+00, 2.5719e-02, 
 2DIAGNOSTIC,     5, -5.163334282735e-01, 1.797693134862e+308, 3.5995e+00, 4.0255e-02, 
 2DIAGNOSTIC,     6, -5.166664878412e-01, 1.797693134862e+308, 3.6271e+00, 2.7558e-02, 
 2DIAGNOSTIC,     7, -5.169190944801e-01, 1.797693134862e+308, 3.6563e+00, 2.9247e-02, 
 2DIAGNOSTIC,     8, -5.170814197421e-01, 1.797693134862e+308, 3.6819e+00, 2.5581e-02, 
 2DIAGNOSTIC,     9, -5.174557483559e-01, 1.797693134862e+308, 3.7142e+00, 3.2275e-02, 
 2DIAGNOSTIC,    10, -5.187912722791e-01, 5.210028029737e-04, 3.7515e+00, 3.7360e-02, 
 2DIAGNOSTIC,    11, -5.190934409250e-01, 4.775498582729e-04, 3.7839e+00, 3.2395e-02, 
 2DIAGNOSTIC,    12, -5.192904508734e-01, 4.302169307725e-04, 3.8108e+00, 2.6868e-02, 
 2DIAGNOSTIC,    13, -5.196786063625e-01, 3.971348255515e-04, 3.8384e+00, 2.7565e-02, 
 2DIAGNOSTIC,    14, -5.208187315123e-01, 3.924654544498e-04, 3.8702e+00, 3.1798e-02, 
 2DIAGNOSTIC,    15, -5.212801916015e-01, 3.957212065733e-04, 3.9076e+00, 3.7466e-02, 
 2DIAGNOSTIC,    16, -5.216727483727e-01, 3.872578072365e-04, 3.9719e+00, 6.4270e-02, 
 2DIAGNOSTIC,    17, -5.217006451724e-01, 3.543217904520e-04, 4.0006e+00, 2.8676e-02, 
 2DIAGNOSTIC,    18, -5.218176936320e-01, 3.013424714003e-04, 4.0297e+00, 2.9099e-02, 
 2DIAGNOSTIC,    19, -5.219877576783e-01, 2.404744438094e-04, 4.0584e+00, 2.8714e-02, 
 2DIAGNOSTIC,    20, -5.221559027953e-01, 2.042994113013e-04, 4.0877e+00, 2.9288e-02, 
 2DIAGNOSTIC,    21, -5.222971369815e-01, 1.644976987585e-04, 4.1152e+00, 2.7509e-02, 
 2DIAGNOSTIC,    22, -5.223694164996e-01, 1.200407319997e-04, 4.1414e+00, 2.6223e-02, 
 2DIAGNOSTIC,    23, -5.225247404415e-01, 8.081674784322e-05, 4.1677e+00, 2.6342e-02, 
 2DIAGNOSTIC,    24, -5.229032140986e-01, 7.176829306497e-05, 4.1963e+00, 2.8572e-02, 
 2DIAGNOSTIC,    25, -5.240618708824e-01, 9.183260837062e-05, 4.2283e+00, 3.2007e-02, 
 2DIAGNOSTIC,    26, -5.242766503476e-01, 1.140552211185e-04, 4.2819e+00, 5.3581e-02, 
 2DIAGNOSTIC,    27, -5.243125433945e-01, 1.255504171544e-04, 4.3096e+00, 2.7723e-02, 
 2DIAGNOSTIC,    28, -5.244009387025e-01, 1.288050088338e-04, 4.3378e+00, 2.8139e-02, 
 2DIAGNOSTIC,    29, -5.244909618833e-01, 1.244566194064e-04, 4.3699e+00, 3.2124e-02, 
 2DIAGNOSTIC,    30, -5.245005756270e-01, 1.115520647322e-04, 4.4065e+00, 3.6626e-02, 
 2DIAGNOSTIC,    31, -5.245300158969e-01, 9.203954093517e-05, 4.4409e+00, 3.4393e-02, 
 2DIAGNOSTIC,    32, -5.246339279927e-01, 6.844741756866e-05, 4.4942e+00, 5.3282e-02, 
 2DIAGNOSTIC,    33, -5.246470540486e-01, 4.272288356478e-05, 4.5247e+00, 3.0504e-02, 
 2DIAGNOSTIC,    34, -5.246904439838e-01, 2.084020953301e-05, 4.5522e+00, 2.7481e-02, 
 2DIAGNOSTIC,    35, -5.247703786627e-01, 1.756844492565e-05, 4.5799e+00, 2.7759e-02, 
 2DIAGNOSTIC,    36, -5.248677562608e-01, 1.761167914203e-05, 4.6072e+00, 2.7296e-02, 
 2DIAGNOSTIC,    37, -5.250779057242e-01, 1.962417551729e-05, 4.6387e+00, 3.1482e-02, 
 2DIAGNOSTIC,    38, -5.252053759257e-01, 2.275075877728e-05, 4.6726e+00, 3.3912e-02, 
 2DIAGNOSTIC,    39, -5.252665569569e-01, 2.575807721417e-05, 4.7046e+00, 3.1937e-02, 
 2DIAGNOSTIC,    40, -5.255121451114e-01, 2.973986636776e-05, 4.7342e+00, 2.9691e-02, 
 2DIAGNOSTIC,    41, -5.275769323596e-01, 5.847313862884e-05, 4.7625e+00, 2.8212e-02, 
 2DIAGNOSTIC,    42, -5.300025863120e-01, 1.123583673253e-04, 4.8029e+00, 4.0409e-02, 
 2DIAGNOSTIC,    43, -5.305550010970e-01, 1.596617231237e-04, 4.8341e+00, 3.1206e-02, 
 2DIAGNOSTIC,    44, -5.309725279370e-01, 1.958737695098e-04, 4.8661e+00, 3.1979e-02, 
 2DIAGNOSTIC,    45, -5.312594275830e-01, 2.165149171202e-04, 4.8995e+00, 3.3420e-02, 
 2DIAGNOSTIC,    46, -5.318123710178e-01, 2.227822564158e-04, 4.9260e+00, 2.6564e-02, 
 2DIAGNOSTIC,    47, -5.321006621238e-01, 2.126497602533e-04, 4.9758e+00, 4.9723e-02, 
 2DIAGNOSTIC,    48, -5.323113198479e-01, 1.866830319521e-04, 5.0128e+00, 3.7008e-02, 
 2DIAGNOSTIC,    49, -5.323238051882e-01, 1.453896542523e-04, 5.0453e+00, 3.2518e-02, 
 2DIAGNOSTIC,    50, -5.323395309269e-01, 9.450035817214e-05, 5.0828e+00, 3.7511e-02, 
 2DIAGNOSTIC,    51, -5.323711601006e-01, 5.827157002055e-05, 5.1152e+00, 3.2378e-02, 
 2DIAGNOSTIC,    52, -5.323757119442e-01, 4.314353943109e-05, 5.1461e+00, 3.0942e-02, 
 2DIAGNOSTIC,    53, -5.323749823290e-01, 3.012558432946e-05, 5.1838e+00, 3.7633e-02, 
 2DIAGNOSTIC,    54, -5.323718451220e-01, 1.895341015464e-05, 5.2147e+00, 3.0907e-02, 
 2DIAGNOSTIC,    55, -5.323561819568e-01, 9.014540807453e-06, 5.2417e+00, 2.7085e-02, 
 2DIAGNOSTIC,    56, -5.323615028011e-01, 3.974775199828e-06, 5.2691e+00, 2.7341e-02, 
 2DIAGNOSTIC,    57, -5.323604967242e-01, 1.460105775283e-06, 5.3015e+00, 3.2440e-02, 
DIAGNOSTIC,Iteration,metricValue,convergenceValue,ITERATION_TIME_INDEX,SINCE_LAST
 2DIAGNOSTIC,     1, -4.603953223296e-01, 1.797693134862e+308, 5.9027e+00, 6.0118e-01, 
 2DIAGNOSTIC,     2, -4.606575946007e-01, 1.797693134862e+308, 6.1931e+00, 2.9038e-01, 
 2DIAGNOSTIC,     3, -4.607889705053e-01, 1.797693134862e+308, 6.5473e+00, 3.5420e-01, 
 2DIAGNOSTIC,     4, -4.608293689595e-01, 1.797693134862e+308, 6.7917e+00, 2.4442e-01, 
 2DIAGNOSTIC,     5, -4.610324786965e-01, 1.797693134862e+308, 7.0858e+00, 2.9409e-01, 
 2DIAGNOSTIC,     6, -4.612212543275e-01, 1.797693134862e+308, 7.6909e+00, 6.0511e-01, 
 2DIAGNOSTIC,     7, -4.612235885637e-01, 1.797693134862e+308, 7.9076e+00, 2.1670e-01, 
 2DIAGNOSTIC,     8, -4.612519437409e-01, 1.797693134862e+308, 8.1356e+00, 2.2797e-01, 
 2DIAGNOSTIC,     9, -4.612886881508e-01, 1.797693134862e+308, 8.3576e+00, 2.2199e-01, 
 2DIAGNOSTIC,    10, -4.613239921436e-01, 1.277325821861e-04, 8.5937e+00, 2.3611e-01, 
 2DIAGNOSTIC,    11, -4.613438388131e-01, 9.138244250045e-05, 8.8715e+00, 2.7785e-01, 
 2DIAGNOSTIC,    12, -4.613553328715e-01, 6.720471316829e-05, 9.2635e+00, 3.9196e-01, 
 2DIAGNOSTIC,    13, -4.613582007035e-01, 4.748637843506e-05, 9.5388e+00, 2.7531e-01, 
 2DIAGNOSTIC,    14, -4.613611756673e-01, 2.822983662573e-05, 9.8784e+00, 3.3964e-01, 
 2DIAGNOSTIC,    15, -4.613600135574e-01, 1.724071166566e-05, 1.0204e+01, 3.2553e-01, 
 2DIAGNOSTIC,    16, -4.613588431673e-01, 1.348463688111e-05, 1.0479e+01, 2.7475e-01, 
 2DIAGNOSTIC,    17, -4.613586820183e-01, 9.190967943079e-06, 1.0762e+01, 2.8323e-01, 
 2DIAGNOSTIC,    18, -4.613584261354e-01, 5.645631865996e-06, 1.1054e+01, 2.9206e-01, 
 2DIAGNOSTIC,    19, -4.613579379628e-01, 3.269044872752e-06, 1.1284e+01, 2.2953e-01, 
 2DIAGNOSTIC,    20, -4.613577565898e-01, 2.053147470614e-06, 1.1523e+01, 2.3995e-01, 
 2DIAGNOSTIC,    21, -4.613581029599e-01, 1.495975414122e-06, 1.1812e+01, 2.8854e-01, 
 2DIAGNOSTIC,    22, -4.613594388178e-01, 1.348494218213e-06, 1.2078e+01, 2.6620e-01, 
 2DIAGNOSTIC,    23, -4.613587439305e-01, 1.277241256231e-06, 1.2326e+01, 2.4761e-01, 
 2DIAGNOSTIC,    24, -4.613582350572e-01, 1.286957573218e-06, 1.2639e+01, 3.1354e-01, 
 2DIAGNOSTIC,    25, -4.613580874993e-01, 1.268720282062e-06, 1.2953e+01, 3.1391e-01, 
 2DIAGNOSTIC,    26, -4.613573285223e-01, 1.205835529088e-06, 1.3178e+01, 2.2433e-01, 
 2DIAGNOSTIC,    27, -4.613572095772e-01, 1.142659209412e-06, 1.3451e+01, 2.7326e-01, 
 2DIAGNOSTIC,    28, -4.613584639268e-01, 1.109742361498e-06, 1.3746e+01, 2.9487e-01, 
 2DIAGNOSTIC,    29, -4.613587210995e-01, 1.076560134497e-06, 1.4039e+01, 2.9311e-01, 
 2DIAGNOSTIC,    30, -4.613602321467e-01, 1.075013201866e-06, 1.4256e+01, 2.1742e-01, 
 2DIAGNOSTIC,    31, -4.613600219435e-01, 1.073699501038e-06, 1.4498e+01, 2.4169e-01, 
 2DIAGNOSTIC,    32, -4.613642563909e-01, 1.176009058489e-06, 1.4775e+01, 2.7709e-01, 
 2DIAGNOSTIC,    33, -4.613685465948e-01, 1.319764853486e-06, 1.5122e+01, 3.4652e-01, 
 2DIAGNOSTIC,    34, -4.613684628809e-01, 1.408811559415e-06, 1.5391e+01, 2.6909e-01, 
 2DIAGNOSTIC,    35, -4.613685762719e-01, 1.449656212810e-06, 1.5677e+01, 2.8625e-01, 
 2DIAGNOSTIC,    36, -4.613682343425e-01, 1.419184109994e-06, 1.5939e+01, 2.6220e-01, 
 2DIAGNOSTIC,    37, -4.613677200332e-01, 1.327443523297e-06, 1.6172e+01, 2.3306e-01, 
 2DIAGNOSTIC,    38, -4.613674537977e-01, 1.210923332450e-06, 1.6418e+01, 2.4623e-01, 
 2DIAGNOSTIC,    39, -4.613684866348e-01, 1.085211150314e-06, 1.6712e+01, 2.9346e-01, 
  Elapsed time (stage 0): 1.6962e+01


Stage 1
  iterations = 1000x500x250x100
  convergence threshold = 1.0000e-06
  convergence window size = 10
  number of levels = 4
  using the Mattes MI metric (number of bins = 32, weight = 1.0000e+00)
  preprocessing:  winsorizing the image intensities
  Shrink factors (level 1 out of 4): [8, 8, 8]
  Shrink factors (level 2 out of 4): [4, 4, 4]
  Shrink factors (level 3 out of 4): [2, 2, 2]
  Shrink factors (level 4 out of 4): [1, 1, 1]
  smoothing sigmas per level: [3, 2, 1, 0]
  regular sampling (percentage = 2.5000e-01)

*** Running AffineTransform registration ***

DIAGNOSTIC,Iteration,metricValue,convergenceValue,ITERATION_TIME_INDEX,SINCE_LAST
 2DIAGNOSTIC,     1, -8.623827822872e-01, 1.797693134862e+308, 1.2936e+00, 1.2936e+00, 
 2DIAGNOSTIC,     2, -8.647499051570e-01, 1.797693134862e+308, 1.3000e+00, 6.3791e-03, 
 2DIAGNOSTIC,     3, -8.683375109675e-01, 1.797693134862e+308, 1.3031e+00, 3.1009e-03, 
 2DIAGNOSTIC,     4, -8.745575733850e-01, 1.797693134862e+308, 1.3063e+00, 3.2182e-03, 
 2DIAGNOSTIC,     5, -8.849172659544e-01, 1.797693134862e+308, 1.3122e+00, 5.8708e-03, 
 2DIAGNOSTIC,     6, -9.166457995885e-01, 1.797693134862e+308, 1.3159e+00, 3.7019e-03, 
 2DIAGNOSTIC,     7, -9.197538784467e-01, 1.797693134862e+308, 1.3186e+00, 2.7430e-03, 
 2DIAGNOSTIC,     8, -9.417993667904e-01, 1.797693134862e+308, 1.3217e+00, 3.1209e-03, 
 2DIAGNOSTIC,     9, -9.815465249108e-01, 1.797693134862e+308, 1.3256e+00, 3.8440e-03, 
 2DIAGNOSTIC,    10, -1.001107675711e+00, 9.938841326909e-03, 1.3312e+00, 5.6050e-03, 
 2DIAGNOSTIC,    11, -1.028746785376e+00, 1.070985909056e-02, 1.3355e+00, 4.2720e-03, 
 2DIAGNOSTIC,    12, -1.052211500293e+00, 1.102141930849e-02, 1.3401e+00, 4.6389e-03, 
 2DIAGNOSTIC,    13, -1.072794210118e+00, 1.083479658389e-02, 1.3521e+00, 1.1999e-02, 
 2DIAGNOSTIC,    14, -1.082427295425e+00, 1.002264831024e-02, 1.3583e+00, 6.2261e-03, 
 2DIAGNOSTIC,    15, -1.088586469752e+00, 8.732604493076e-03, 1.3635e+00, 5.1320e-03, 
 2DIAGNOSTIC,    16, -1.095911912334e+00, 7.549168076080e-03, 1.3681e+00, 4.6730e-03, 
 2DIAGNOSTIC,    17, -1.105007777493e+00, 6.030699024934e-03, 1.3732e+00, 5.0249e-03, 
 2DIAGNOSTIC,    18, -1.130205626252e+00, 4.882053430152e-03, 1.3828e+00, 9.6610e-03, 
 2DIAGNOSTIC,    19, -1.130655901936e+00, 4.017266565029e-03, 1.3868e+00, 3.9570e-03, 
 2DIAGNOSTIC,    20, -1.131453605735e+00, 3.169582840015e-03, 1.3908e+00, 4.0550e-03, 
 2DIAGNOSTIC,    21, -1.132679559434e+00, 2.505952132083e-03, 1.3956e+00, 4.7390e-03, 
 2DIAGNOSTIC,    22, -1.134679385580e+00, 1.993091996752e-03, 1.3993e+00, 3.7389e-03, 
 2DIAGNOSTIC,    23, -1.138397204270e+00, 1.632017947150e-03, 1.4028e+00, 3.4931e-03, 
 2DIAGNOSTIC,    24, -1.143832340194e+00, 1.324997606770e-03, 1.4086e+00, 5.8491e-03, 
 2DIAGNOSTIC,    25, -1.150489896473e+00, 1.065231536903e-03, 1.4161e+00, 7.4961e-03, 
 2DIAGNOSTIC,    26, -1.150611921153e+00, 8.063436000650e-04, 1.4205e+00, 4.3221e-03, 
 2DIAGNOSTIC,    27, -1.151614400237e+00, 5.895554429921e-04, 1.4248e+00, 4.3750e-03, 
 2DIAGNOSTIC,    28, -1.153990165991e+00, 6.031192029656e-04, 1.4292e+00, 4.3180e-03, 
 2DIAGNOSTIC,    29, -1.156006370481e+00, 5.805816984208e-04, 1.4339e+00, 4.7710e-03, 
 2DIAGNOSTIC,    30, -1.157526218452e+00, 5.251207524338e-04, 1.4387e+00, 4.7262e-03, 
 2DIAGNOSTIC,    31, -1.158103952695e+00, 4.404077485512e-04, 1.4470e+00, 8.3401e-03, 
 2DIAGNOSTIC,    32, -1.158146167330e+00, 3.377968809784e-04, 1.4509e+00, 3.9401e-03, 
 2DIAGNOSTIC,    33, -1.158269445521e+00, 2.405779021353e-04, 1.4544e+00, 3.5012e-03, 
 2DIAGNOSTIC,    34, -1.158441633396e+00, 1.693193760110e-04, 1.4583e+00, 3.8211e-03, 
 2DIAGNOSTIC,    35, -1.158641591082e+00, 1.388643759067e-04, 1.4623e+00, 4.0381e-03, 
 2DIAGNOSTIC,    36, -1.158870614358e+00, 9.987327414270e-05, 1.4666e+00, 4.2851e-03, 
 2DIAGNOSTIC,    37, -1.159173919425e+00, 6.296903165057e-05, 1.4705e+00, 3.9542e-03, 
 2DIAGNOSTIC,    38, -1.159655754401e+00, 4.193782335748e-05, 1.4743e+00, 3.7780e-03, 
 2DIAGNOSTIC,    39, -1.160580257905e+00, 3.778276239196e-05, 1.4794e+00, 5.0809e-03, 
 2DIAGNOSTIC,    40, -1.161161131677e+00, 4.396444758580e-05, 1.4868e+00, 7.4208e-03, 
 2DIAGNOSTIC,    41, -1.161696351064e+00, 5.286046351681e-05, 1.4905e+00, 3.7079e-03, 
 2DIAGNOSTIC,    42, -1.161959885366e+00, 5.826030495784e-05, 1.4943e+00, 3.8280e-03, 
 2DIAGNOSTIC,    43, -1.162310869118e+00, 6.078560421231e-05, 1.5001e+00, 5.7590e-03, 
 2DIAGNOSTIC,    44, -1.162561597356e+00, 5.988607323185e-05, 1.5039e+00, 3.8078e-03, 
 2DIAGNOSTIC,    45, -1.162845919251e+00, 5.614643279920e-05, 1.5083e+00, 4.3900e-03, 
 2DIAGNOSTIC,    46, -1.165901137546e+00, 6.592956861841e-05, 1.5135e+00, 5.2030e-03, 
 2DIAGNOSTIC,    47, -1.166203211467e+00, 7.194508802068e-05, 1.5170e+00, 3.4840e-03, 
 2DIAGNOSTIC,    48, -1.166272217140e+00, 7.394541811970e-05, 1.5222e+00, 5.1930e-03, 
 2DIAGNOSTIC,    49, -1.166311890689e+00, 7.417261192133e-05, 1.5291e+00, 6.8989e-03, 
 2DIAGNOSTIC,    50, -1.166317312924e+00, 7.030093813106e-05, 1.5326e+00, 3.5460e-03, 
 2DIAGNOSTIC,    51, -1.166342622064e+00, 6.251044187859e-05, 1.5369e+00, 4.2851e-03, 
 2DIAGNOSTIC,    52, -1.166368276129e+00, 5.045667764119e-05, 1.5413e+00, 4.4162e-03, 
 2DIAGNOSTIC,    53, -1.166387387164e+00, 3.612886657135e-05, 1.5453e+00, 3.9330e-03, 
 2DIAGNOSTIC,    54, -1.166402640844e+00, 2.038994512792e-05, 1.5491e+00, 3.7899e-03, 
 2DIAGNOSTIC,    55, -1.166420633883e+00, 4.390269617932e-06, 1.5528e+00, 3.7620e-03, 
 2DIAGNOSTIC,    56, -1.166445686230e+00, 2.777584463702e-06, 1.5565e+00, 3.6471e-03, 
 2DIAGNOSTIC,    57, -1.166516549090e+00, 2.690560163457e-06, 1.5640e+00, 7.5829e-03, 
 2DIAGNOSTIC,    58, -1.166524196185e+00, 2.733612831648e-06, 1.5690e+00, 4.9160e-03, 
 2DIAGNOSTIC,    59, -1.166532756183e+00, 2.783584447181e-06, 1.5735e+00, 4.5459e-03, 
 2DIAGNOSTIC,    60, -1.166542795727e+00, 2.687038020935e-06, 1.5779e+00, 4.3728e-03, 
 2DIAGNOSTIC,    61, -1.166568399412e+00, 2.598882777052e-06, 1.5825e+00, 4.6408e-03, 
 2DIAGNOSTIC,    62, -1.166592549129e+00, 2.514866817096e-06, 1.5934e+00, 1.0910e-02, 
 2DIAGNOSTIC,    63, -1.166592571831e+00, 2.319627913371e-06, 1.6161e+00, 2.2698e-02, 
 2DIAGNOSTIC,    64, -1.166592571831e+00, 2.025457756006e-06, 1.6276e+00, 1.1497e-02, 
 2DIAGNOSTIC,    65, -1.166592571831e+00, 1.668316769437e-06, 1.6351e+00, 7.4289e-03, 
 2DIAGNOSTIC,    66, -1.166592571831e+00, 1.299249629536e-06, 1.6413e+00, 6.2389e-03, 
 2DIAGNOSTIC,    67, -1.166592571831e+00, 1.133662775772e-06, 1.6459e+00, 4.6110e-03, 
DIAGNOSTIC,Iteration,metricValue,convergenceValue,ITERATION_TIME_INDEX,SINCE_LAST
 2DIAGNOSTIC,     1, -8.087544308866e-01, 1.797693134862e+308, 2.4089e+00, 7.6297e-01, 
 2DIAGNOSTIC,     2, -8.123909217487e-01, 1.797693134862e+308, 2.4154e+00, 6.4929e-03, 
 2DIAGNOSTIC,     3, -8.189456197920e-01, 1.797693134862e+308, 2.4215e+00, 6.1519e-03, 
 2DIAGNOSTIC,     4, -8.266221990555e-01, 1.797693134862e+308, 2.4278e+00, 6.2919e-03, 
 2DIAGNOSTIC,     5, -8.328904567944e-01, 1.797693134862e+308, 2.4345e+00, 6.7079e-03, 
 2DIAGNOSTIC,     6, -8.421928000238e-01, 1.797693134862e+308, 2.4412e+00, 6.6390e-03, 
 2DIAGNOSTIC,     7, -8.488727126345e-01, 1.797693134862e+308, 2.4491e+00, 7.9279e-03, 
 2DIAGNOSTIC,     8, -8.534513295481e-01, 1.797693134862e+308, 2.4571e+00, 7.9811e-03, 
 2DIAGNOSTIC,     9, -8.614060508829e-01, 1.797693134862e+308, 2.4684e+00, 1.1342e-02, 
 2DIAGNOSTIC,    10, -8.629888540187e-01, 4.527087817222e-03, 2.4757e+00, 7.2880e-03, 
 2DIAGNOSTIC,    11, -8.640087788016e-01, 3.857607181393e-03, 2.4834e+00, 7.7059e-03, 
 2DIAGNOSTIC,    12, -8.654421376955e-01, 3.099117566106e-03, 2.4920e+00, 8.6019e-03, 
 2DIAGNOSTIC,    13, -8.658926586912e-01, 2.359593549002e-03, 2.5025e+00, 1.0486e-02, 
 2DIAGNOSTIC,    14, -8.658671121457e-01, 1.696185879082e-03, 2.5126e+00, 1.0074e-02, 
 2DIAGNOSTIC,    15, -8.661658349474e-01, 1.112680314602e-03, 2.5224e+00, 9.8760e-03, 
 2DIAGNOSTIC,    16, -8.663173027024e-01, 6.993608713661e-04, 2.5304e+00, 7.9691e-03, 
 2DIAGNOSTIC,    17, -8.663368408784e-01, 4.027279849107e-04, 2.5395e+00, 9.0771e-03, 
 2DIAGNOSTIC,    18, -8.663433107478e-01, 1.842127093459e-04, 2.5507e+00, 1.1196e-02, 
 2DIAGNOSTIC,    19, -8.662458318598e-01, 1.102480602427e-04, 2.5584e+00, 7.7300e-03, 
 2DIAGNOSTIC,    20, -8.663626305040e-01, 6.198432245371e-05, 2.5663e+00, 7.9110e-03, 
 2DIAGNOSTIC,    21, -8.666246149629e-01, 3.243250524915e-05, 2.5766e+00, 1.0244e-02, 
 2DIAGNOSTIC,    22, -8.666623931425e-01, 2.475839393517e-05, 2.5850e+00, 8.4660e-03, 
 2DIAGNOSTIC,    23, -8.669956528618e-01, 2.709205905058e-05, 2.5933e+00, 8.2130e-03, 
 2DIAGNOSTIC,    24, -8.670514422117e-01, 2.710190066967e-05, 2.6006e+00, 7.3349e-03, 
 2DIAGNOSTIC,    25, -8.671518263273e-01, 2.995622211985e-05, 2.6094e+00, 8.8139e-03, 
 2DIAGNOSTIC,    26, -8.674532330476e-01, 3.563383479117e-05, 2.6186e+00, 9.2130e-03, 
 2DIAGNOSTIC,    27, -8.679194434372e-01, 4.351454477658e-05, 2.6310e+00, 1.2386e-02, 
 2DIAGNOSTIC,    28, -8.681055788185e-01, 4.905257546176e-05, 2.6383e+00, 7.3180e-03, 
 2DIAGNOSTIC,    29, -8.682894667568e-01, 5.070523280829e-05, 2.6470e+00, 8.7149e-03, 
 2DIAGNOSTIC,    30, -8.684321754105e-01, 5.042750456206e-05, 2.6543e+00, 7.2849e-03, 
 2DIAGNOSTIC,    31, -8.684184272754e-01, 4.812993214132e-05, 2.6622e+00, 7.8590e-03, 
 2DIAGNOSTIC,    32, -8.685184858451e-01, 4.282231948428e-05, 2.6704e+00, 8.2669e-03, 
 2DIAGNOSTIC,    33, -8.686159482307e-01, 3.818233121986e-05, 2.6794e+00, 8.9178e-03, 
 2DIAGNOSTIC,    34, -8.687346972182e-01, 3.200921316349e-05, 2.6872e+00, 7.8840e-03, 
 2DIAGNOSTIC,    35, -8.688936027069e-01, 2.566082108186e-05, 2.7007e+00, 1.3448e-02, 
 2DIAGNOSTIC,    36, -8.689161951857e-01, 2.020091327877e-05, 2.7079e+00, 7.2451e-03, 
 2DIAGNOSTIC,    37, -8.688481036977e-01, 1.676640502173e-05, 2.7149e+00, 7.0081e-03, 
 2DIAGNOSTIC,    38, -8.689088216709e-01, 1.413722729639e-05, 2.7227e+00, 7.7100e-03, 
 2DIAGNOSTIC,    39, -8.689632771078e-01, 1.233280463261e-05, 2.7308e+00, 8.1220e-03, 
 2DIAGNOSTIC,    40, -8.690384678541e-01, 1.130690619504e-05, 2.7391e+00, 8.2970e-03, 
 2DIAGNOSTIC,    41, -8.691046599169e-01, 9.744290170519e-06, 2.7540e+00, 1.4956e-02, 
 2DIAGNOSTIC,    42, -8.691093331800e-01, 8.240825169065e-06, 2.7626e+00, 8.5931e-03, 
 2DIAGNOSTIC,    43, -8.691102566116e-01, 6.848157953782e-06, 2.7717e+00, 9.0759e-03, 
 2DIAGNOSTIC,    44, -8.691107541250e-01, 5.788460280865e-06, 2.7787e+00, 7.0331e-03, 
 2DIAGNOSTIC,    45, -8.691122668871e-01, 5.454039072740e-06, 2.7868e+00, 8.0769e-03, 
 2DIAGNOSTIC,    46, -8.691176602114e-01, 4.896941111981e-06, 2.7942e+00, 7.3729e-03, 
 2DIAGNOSTIC,    47, -8.691279341229e-01, 3.553640671346e-06, 2.8012e+00, 7.0450e-03, 
 2DIAGNOSTIC,    48, -8.690021163675e-01, 1.545726725578e-06, 2.8084e+00, 7.1349e-03, 
DIAGNOSTIC,Iteration,metricValue,convergenceValue,ITERATION_TIME_INDEX,SINCE_LAST
 2DIAGNOSTIC,     1, -6.754804410992e-01, 1.797693134862e+308, 3.3609e+00, 5.5251e-01, 
 2DIAGNOSTIC,     2, -6.765780379294e-01, 1.797693134862e+308, 3.3909e+00, 3.0015e-02, 
 2DIAGNOSTIC,     3, -6.783753014549e-01, 1.797693134862e+308, 3.4240e+00, 3.3090e-02, 
 2DIAGNOSTIC,     4, -6.809969957078e-01, 1.797693134862e+308, 3.4549e+00, 3.0942e-02, 
 2DIAGNOSTIC,     5, -6.847233147886e-01, 1.797693134862e+308, 3.4845e+00, 2.9592e-02, 
 2DIAGNOSTIC,     6, -6.884433623412e-01, 1.797693134862e+308, 3.5186e+00, 3.4105e-02, 
 2DIAGNOSTIC,     7, -6.899715719085e-01, 1.797693134862e+308, 3.5546e+00, 3.5983e-02, 
 2DIAGNOSTIC,     8, -6.908473416634e-01, 1.797693134862e+308, 3.6166e+00, 6.2011e-02, 
 2DIAGNOSTIC,     9, -6.910655303028e-01, 1.797693134862e+308, 3.6467e+00, 3.0062e-02, 
 2DIAGNOSTIC,    10, -6.917236648841e-01, 1.765368967392e-03, 3.6778e+00, 3.1156e-02, 
 2DIAGNOSTIC,    11, -6.923953627854e-01, 1.422300589089e-03, 3.7110e+00, 3.3196e-02, 
 2DIAGNOSTIC,    12, -6.927412876165e-01, 1.059218814322e-03, 3.7455e+00, 3.4487e-02, 
 2DIAGNOSTIC,    13, -6.929269013572e-01, 7.208617732815e-04, 3.7768e+00, 3.1279e-02, 
 2DIAGNOSTIC,    14, -6.930642271861e-01, 4.464710593678e-04, 3.8133e+00, 3.6559e-02, 
 2DIAGNOSTIC,    15, -6.931004859873e-01, 2.698022186389e-04, 3.8619e+00, 4.8573e-02, 
 2DIAGNOSTIC,    16, -6.931447954854e-01, 1.870007514322e-04, 3.9021e+00, 4.0189e-02, 
 2DIAGNOSTIC,    17, -6.931434706624e-01, 1.336107749601e-04, 3.9478e+00, 4.5716e-02, 
 2DIAGNOSTIC,    18, -6.931261990999e-01, 9.392242281571e-05, 3.9824e+00, 3.4569e-02, 
 2DIAGNOSTIC,    19, -6.931249133280e-01, 5.446051797448e-05, 4.0134e+00, 3.1054e-02, 
 2DIAGNOSTIC,    20, -6.931404465240e-01, 2.768301695144e-05, 4.0542e+00, 4.0712e-02, 
 2DIAGNOSTIC,    21, -6.931463270529e-01, 1.421027508040e-05, 4.0925e+00, 3.8358e-02, 
 2DIAGNOSTIC,    22, -6.931406718705e-01, 7.103099215998e-06, 4.1302e+00, 3.7697e-02, 
 2DIAGNOSTIC,    23, -6.931490130922e-01, 3.529318758085e-06, 4.1720e+00, 4.1793e-02, 
 2DIAGNOSTIC,    24, -6.931879923784e-01, 3.069732126749e-06, 4.2106e+00, 3.8553e-02, 
 2DIAGNOSTIC,    25, -6.931976178069e-01, 3.191528678725e-06, 4.2466e+00, 3.6039e-02, 
 2DIAGNOSTIC,    26, -6.932007819170e-01, 3.876288430668e-06, 4.2950e+00, 4.8432e-02, 
 2DIAGNOSTIC,    27, -6.932032732012e-01, 4.300505682377e-06, 4.3397e+00, 4.4688e-02, 
 2DIAGNOSTIC,    28, -6.931980431679e-01, 4.072004074096e-06, 4.3762e+00, 3.6466e-02, 
 2DIAGNOSTIC,    29, -6.931989942916e-01, 3.564180104804e-06, 4.4126e+00, 3.6432e-02, 
 2DIAGNOSTIC,    30, -6.932072256735e-01, 3.177195182676e-06, 4.4514e+00, 3.8794e-02, 
 2DIAGNOSTIC,    31, -6.932241881460e-01, 2.925170510336e-06, 4.4929e+00, 4.1487e-02, 
 2DIAGNOSTIC,    32, -6.931994806965e-01, 2.118689973157e-06, 4.5333e+00, 4.0426e-02, 
 2DIAGNOSTIC,    33, -6.932252804045e-01, 1.682857861930e-06, 4.5700e+00, 3.6645e-02, 
 2DIAGNOSTIC,    34, -6.932315912793e-01, 1.741095149957e-06, 4.6217e+00, 5.1705e-02, 
 2DIAGNOSTIC,    35, -6.932116764590e-01, 1.591495082932e-06, 4.6555e+00, 3.3801e-02, 
 2DIAGNOSTIC,    36, -6.932060828179e-01, 1.366134845710e-06, 4.6953e+00, 3.9810e-02, 
 2DIAGNOSTIC,    37, -6.932016229817e-01, 1.091872364582e-06, 4.7335e+00, 3.8253e-02, 
DIAGNOSTIC,Iteration,metricValue,convergenceValue,ITERATION_TIME_INDEX,SINCE_LAST
 2DIAGNOSTIC,     1, -5.784813744523e-01, 1.797693134862e+308, 5.4254e+00, 6.9188e-01, 
 2DIAGNOSTIC,     2, -5.787551510868e-01, 1.797693134862e+308, 5.7202e+00, 2.9478e-01, 
 2DIAGNOSTIC,     3, -5.791483630266e-01, 1.797693134862e+308, 6.0323e+00, 3.1205e-01, 
 2DIAGNOSTIC,     4, -5.800469817391e-01, 1.797693134862e+308, 6.3692e+00, 3.3694e-01, 
 2DIAGNOSTIC,     5, -5.803776065218e-01, 1.797693134862e+308, 6.8270e+00, 4.5783e-01, 
 2DIAGNOSTIC,     6, -5.805446122709e-01, 1.797693134862e+308, 7.1886e+00, 3.6161e-01, 
 2DIAGNOSTIC,     7, -5.806488230431e-01, 1.797693134862e+308, 7.4895e+00, 3.0090e-01, 
 2DIAGNOSTIC,     8, -5.808798066832e-01, 1.797693134862e+308, 7.9441e+00, 4.5459e-01, 
 2DIAGNOSTIC,     9, -5.808777914681e-01, 1.797693134862e+308, 8.3359e+00, 3.9183e-01, 
 2DIAGNOSTIC,    10, -5.808798015172e-01, 2.862381839020e-04, 8.6637e+00, 3.2778e-01, 
 2DIAGNOSTIC,    11, -5.808766117042e-01, 2.019264861796e-04, 8.9670e+00, 3.0324e-01, 
 2DIAGNOSTIC,    12, -5.808759795589e-01, 1.250616809146e-04, 9.4045e+00, 4.3753e-01, 
 2DIAGNOSTIC,    13, -5.808739187778e-01, 6.284221481129e-05, 9.7290e+00, 3.2451e-01, 
 2DIAGNOSTIC,    14, -5.808743112160e-01, 3.525435878497e-05, 9.9880e+00, 2.5901e-01, 
 2DIAGNOSTIC,    15, -5.808724688145e-01, 1.907773894694e-05, 1.0341e+01, 3.5342e-01, 
 2DIAGNOSTIC,    16, -5.808716632810e-01, 8.452057610395e-06, 1.0636e+01, 2.9432e-01, 
 2DIAGNOSTIC,    17, -5.808711877815e-01, 1.281173249171e-06, 1.0943e+01, 3.0717e-01, 
 2DIAGNOSTIC,    18, -5.808712086152e-01, 1.247483637938e-06, 1.1267e+01, 3.2423e-01, 
 2DIAGNOSTIC,    19, -5.808721004714e-01, 1.233643063259e-06, 1.1632e+01, 3.6468e-01, 
 2DIAGNOSTIC,    20, -5.808706212673e-01, 1.276457291213e-06, 1.2110e+01, 4.7773e-01, 
 2DIAGNOSTIC,    21, -5.808711505649e-01, 1.284275867444e-06, 1.2411e+01, 3.0148e-01, 
 2DIAGNOSTIC,    22, -5.808702832574e-01, 1.280213950759e-06, 1.2659e+01, 2.4769e-01, 
 2DIAGNOSTIC,    23, -5.808696880134e-01, 1.234674493700e-06, 1.2914e+01, 2.5497e-01, 
 2DIAGNOSTIC,    24, -5.808707809242e-01, 1.238052526879e-06, 1.3184e+01, 2.7021e-01, 
 2DIAGNOSTIC,    25, -5.808729692176e-01, 1.255907805482e-06, 1.3515e+01, 3.3129e-01, 
 2DIAGNOSTIC,    26, -5.808743990424e-01, 1.285179956366e-06, 1.3853e+01, 3.3804e-01, 
 2DIAGNOSTIC,    27, -5.808741848348e-01, 1.294101978536e-06, 1.4235e+01, 3.8151e-01, 
 2DIAGNOSTIC,    28, -5.808741447771e-01, 1.291754913611e-06, 1.4529e+01, 2.9455e-01, 
 2DIAGNOSTIC,    29, -5.808720743928e-01, 1.255570232894e-06, 1.4808e+01, 2.7886e-01, 
 2DIAGNOSTIC,    30, -5.808738301252e-01, 1.210923614929e-06, 1.5067e+01, 2.5882e-01, 
 2DIAGNOSTIC,    31, -5.808759951100e-01, 1.196358849806e-06, 1.5436e+01, 3.6887e-01, 
 2DIAGNOSTIC,    32, -5.808778779028e-01, 1.181994514488e-06, 1.5757e+01, 3.2073e-01, 
 2DIAGNOSTIC,    33, -5.808785199600e-01, 1.151833688547e-06, 1.6065e+01, 3.0839e-01, 
 2DIAGNOSTIC,    34, -5.808803471206e-01, 1.147960363480e-06, 1.6408e+01, 3.4352e-01, 
 2DIAGNOSTIC,    35, -5.808837796654e-01, 1.201539867539e-06, 1.6698e+01, 2.8965e-01, 
 2DIAGNOSTIC,    36, -5.808846606160e-01, 1.253803246445e-06, 1.6957e+01, 2.5864e-01, 
 2DIAGNOSTIC,    37, -5.808988231762e-01, 1.452664933507e-06, 1.7224e+01, 2.6680e-01, 
 2DIAGNOSTIC,    38, -5.809237458041e-01, 1.901915256983e-06, 1.7575e+01, 3.5191e-01, 
 2DIAGNOSTIC,    39, -5.809957435287e-01, 3.097089866441e-06, 1.7931e+01, 3.5507e-01, 
 2DIAGNOSTIC,    40, -5.810041079024e-01, 4.118873749955e-06, 1.8343e+01, 4.1272e-01, 
 2DIAGNOSTIC,    41, -5.810084927581e-01, 4.863023374997e-06, 1.8817e+01, 4.7360e-01, 
 2DIAGNOSTIC,    42, -5.810084568333e-01, 5.213180774073e-06, 1.9239e+01, 4.2172e-01, 
 2DIAGNOSTIC,    43, -5.810091361041e-01, 5.130141015969e-06, 1.9564e+01, 3.2558e-01, 
 2DIAGNOSTIC,    44, -5.810084066463e-01, 4.630713223770e-06, 1.9817e+01, 2.5290e-01, 
 2DIAGNOSTIC,    45, -5.810079925370e-01, 3.814271793596e-06, 2.0083e+01, 2.6544e-01, 
 2DIAGNOSTIC,    46, -5.810092995915e-01, 2.769719096980e-06, 2.0362e+01, 2.7904e-01, 
 2DIAGNOSTIC,    47, -5.810106061635e-01, 1.734054661310e-06, 2.0628e+01, 2.6636e-01, 
  Elapsed time (stage 1): 2.0882e+01


Stage 2
  iterations = 100x70x50x20
  convergence threshold = 1.0000e-06
  convergence window size = 10
  number of levels = 4
  using the CC metric (radius = 4, weight = 1.0000e+00)
  preprocessing:  winsorizing the image intensities
  Shrink factors (level 1 out of 4): [8, 8, 8]
  Shrink factors (level 2 out of 4): [4, 4, 4]
  Shrink factors (level 3 out of 4): [2, 2, 2]
  Shrink factors (level 4 out of 4): [1, 1, 1]
  smoothing sigmas per level: [3, 2, 1, 0]
  Using default NONE metricSamplingStrategy 

*** Running SyN registration (varianceForUpdateField = 3.0000e+00, varianceForTotalField = 0.0000e+00) ***

XXDIAGNOSTIC,Iteration,metricValue,convergenceValue,ITERATION_TIME_INDEX,SINCE_LAST
 1DIAGNOSTIC,     1, -7.253754296246e-01, 1.797693134862e+308, 1.2218e+00, 1.2218e+00, 
 1DIAGNOSTIC,     2, -7.627679646391e-01, 1.797693134862e+308, 1.2506e+00, 2.8876e-02, 
 1DIAGNOSTIC,     3, -7.842082903172e-01, 1.797693134862e+308, 1.2761e+00, 2.5494e-02, 
 1DIAGNOSTIC,     4, -8.055074283075e-01, 1.797693134862e+308, 1.3040e+00, 2.7861e-02, 
 1DIAGNOSTIC,     5, -8.184812450709e-01, 1.797693134862e+308, 1.3290e+00, 2.4985e-02, 
 1DIAGNOSTIC,     6, -8.203152547762e-01, 1.797693134862e+308, 1.3552e+00, 2.6219e-02, 
 1DIAGNOSTIC,     7, -8.205059543845e-01, 1.797693134862e+308, 1.3823e+00, 2.7073e-02, 
 1DIAGNOSTIC,     8, -8.171918938768e-01, 1.797693134862e+308, 1.4086e+00, 2.6354e-02, 
 1DIAGNOSTIC,     9, -8.171409175431e-01, 1.797693134862e+308, 1.4348e+00, 2.6156e-02, 
 1DIAGNOSTIC,    10, -8.151300412345e-01, 5.971596502037e-03, 1.4631e+00, 2.8287e-02, 
 1DIAGNOSTIC,    11, -8.086295255289e-01, 2.603343554467e-03, 1.4919e+00, 2.8834e-02, 
 1DIAGNOSTIC,    12, -8.082370441106e-01, 6.648262910582e-04, 1.5209e+00, 2.9054e-02, 
 1DIAGNOSTIC,    13, -8.024100341644e-01, -6.194088383554e-04, 1.5477e+00, 2.6740e-02, 
XXDIAGNOSTIC,Iteration,metricValue,convergenceValue,ITERATION_TIME_INDEX,SINCE_LAST
 1DIAGNOSTIC,     1, -6.869252093611e-01, 1.797693134862e+308, 2.4074e+00, 8.5976e-01, 
 1DIAGNOSTIC,     2, -7.010241479882e-01, 1.797693134862e+308, 2.5450e+00, 1.3756e-01, 
 1DIAGNOSTIC,     3, -7.145299953750e-01, 1.797693134862e+308, 2.6883e+00, 1.4329e-01, 
 1DIAGNOSTIC,     4, -7.285219963326e-01, 1.797693134862e+308, 2.8233e+00, 1.3496e-01, 
 1DIAGNOSTIC,     5, -7.392098684020e-01, 1.797693134862e+308, 2.9551e+00, 1.3184e-01, 
 1DIAGNOSTIC,     6, -7.465254550061e-01, 1.797693134862e+308, 3.0890e+00, 1.3388e-01, 
 1DIAGNOSTIC,     7, -7.538324457107e-01, 1.797693134862e+308, 3.2416e+00, 1.5264e-01, 
 1DIAGNOSTIC,     8, -7.590033536562e-01, 1.797693134862e+308, 3.3797e+00, 1.3813e-01, 
 1DIAGNOSTIC,     9, -7.625253030115e-01, 1.797693134862e+308, 3.5194e+00, 1.3962e-01, 
 1DIAGNOSTIC,    10, -7.665336055763e-01, 6.862055257192e-03, 3.6544e+00, 1.3507e-01, 
 1DIAGNOSTIC,    11, -7.709512826372e-01, 5.235711803021e-03, 3.7928e+00, 1.3837e-01, 
 1DIAGNOSTIC,    12, -7.733030039404e-01, 3.940352991071e-03, 3.9346e+00, 1.4175e-01, 
 1DIAGNOSTIC,    13, -7.749609340599e-01, 2.935802086067e-03, 4.0681e+00, 1.3359e-01, 
 1DIAGNOSTIC,    14, -7.764379773522e-01, 2.231031290724e-03, 4.2077e+00, 1.3957e-01, 
 1DIAGNOSTIC,    15, -7.769277184024e-01, 1.700568063182e-03, 4.3528e+00, 1.4508e-01, 
 1DIAGNOSTIC,    16, -7.780459093234e-01, 1.279135116526e-03, 4.5013e+00, 1.4855e-01, 
 1DIAGNOSTIC,    17, -7.797824684209e-01, 9.902019686613e-04, 4.6422e+00, 1.4081e-01, 
 1DIAGNOSTIC,    18, -7.807550754273e-01, 7.709184591285e-04, 4.7752e+00, 1.3302e-01, 
 1DIAGNOSTIC,    19, -7.798998189176e-01, 5.563158753234e-04, 4.9155e+00, 1.4035e-01, 
 1DIAGNOSTIC,    20, -7.792648265520e-01, 3.753044383094e-04, 5.0571e+00, 1.4153e-01, 
 1DIAGNOSTIC,    21, -7.793647238487e-01, 2.574940799296e-04, 5.1989e+00, 1.4181e-01, 
 1DIAGNOSTIC,    22, -7.803045450160e-01, 1.814510080543e-04, 5.3430e+00, 1.4411e-01, 
 1DIAGNOSTIC,    23, -7.799395982446e-01, 1.152200785108e-04, 5.4861e+00, 1.4312e-01, 
 1DIAGNOSTIC,    24, -7.806220566285e-01, 7.862608504364e-05, 5.6181e+00, 1.3201e-01, 
 1DIAGNOSTIC,    25, -7.811306709896e-01, 5.283997604197e-05, 5.7582e+00, 1.4004e-01, 
 1DIAGNOSTIC,    26, -7.822580080915e-01, 5.549191018011e-05, 5.9006e+00, 1.4245e-01, 
 1DIAGNOSTIC,    27, -7.828888126644e-01, 8.442353673201e-05, 6.0433e+00, 1.4268e-01, 
 1DIAGNOSTIC,    28, -7.838653062787e-01, 1.295974710648e-04, 6.1818e+00, 1.3847e-01, 
 1DIAGNOSTIC,    29, -7.850233341498e-01, 1.635970154082e-04, 6.3349e+00, 1.5317e-01, 
 1DIAGNOSTIC,    30, -7.859756389408e-01, 1.835468559366e-04, 6.4762e+00, 1.4125e-01, 
 1DIAGNOSTIC,    31, -7.864646055819e-01, 1.914762119940e-04, 6.6182e+00, 1.4206e-01, 
 1DIAGNOSTIC,    32, -7.867181709016e-01, 1.949839136235e-04, 6.7565e+00, 1.3825e-01, 
 1DIAGNOSTIC,    33, -7.869568048067e-01, 1.784244649566e-04, 6.9004e+00, 1.4387e-01, 
 1DIAGNOSTIC,    34, -7.881214735235e-01, 1.659942815658e-04, 7.0424e+00, 1.4208e-01, 
 1DIAGNOSTIC,    35, -7.889144519416e-01, 1.517707016253e-04, 7.1895e+00, 1.4704e-01, 
 1DIAGNOSTIC,    36, -7.896193436126e-01, 1.427845286688e-04, 7.3261e+00, 1.3662e-01, 
 1DIAGNOSTIC,    37, -7.895404209029e-01, 1.263428148373e-04, 7.4655e+00, 1.3939e-01, 
 1DIAGNOSTIC,    38, -7.886507344555e-01, 9.969976300653e-05, 7.6152e+00, 1.4972e-01, 
 1DIAGNOSTIC,    39, -7.885139806731e-01, 7.465682514044e-05, 7.7717e+00, 1.5646e-01, 
 1DIAGNOSTIC,    40, -7.881849451061e-01, 4.927658599317e-05, 7.9169e+00, 1.4526e-01, 
 1DIAGNOSTIC,    41, -7.886290369921e-01, 2.886507028827e-05, 8.0600e+00, 1.4302e-01, 
 1DIAGNOSTIC,    42, -7.888484388000e-01, 1.094409815737e-05, 8.2001e+00, 1.4014e-01, 
 1DIAGNOSTIC,    43, -7.887766474347e-01, -5.692123357378e-06, 8.3403e+00, 1.4023e-01, 
XXDIAGNOSTIC,Iteration,metricValue,convergenceValue,ITERATION_TIME_INDEX,SINCE_LAST
 1DIAGNOSTIC,     1, -6.392238777079e-01, 1.797693134862e+308, 9.8237e+00, 1.4834e+00, 
 1DIAGNOSTIC,     2, -6.443295836526e-01, 1.797693134862e+308, 1.0765e+01, 9.4120e-01, 
 1DIAGNOSTIC,     3, -6.494704017486e-01, 1.797693134862e+308, 1.1756e+01, 9.9067e-01, 
 1DIAGNOSTIC,     4, -6.542283784911e-01, 1.797693134862e+308, 1.2796e+01, 1.0400e+00, 
 1DIAGNOSTIC,     5, -6.590239126115e-01, 1.797693134862e+308, 1.3742e+01, 9.4647e-01, 
 1DIAGNOSTIC,     6, -6.634131038015e-01, 1.797693134862e+308, 1.4773e+01, 1.0309e+00, 
 1DIAGNOSTIC,     7, -6.677997166107e-01, 1.797693134862e+308, 1.5768e+01, 9.9503e-01, 
 1DIAGNOSTIC,     8, -6.708009298315e-01, 1.797693134862e+308, 1.6742e+01, 9.7433e-01, 
 1DIAGNOSTIC,     9, -6.735398419335e-01, 1.797693134862e+308, 1.7698e+01, 9.5550e-01, 
 1DIAGNOSTIC,    10, -6.752017614818e-01, 3.601929919269e-03, 1.8709e+01, 1.0111e+00, 
 1DIAGNOSTIC,    11, -6.764459086755e-01, 2.909182680460e-03, 1.9641e+01, 9.3205e-01, 
 1DIAGNOSTIC,    12, -6.778230678574e-01, 2.302578482159e-03, 2.0600e+01, 9.5871e-01, 
 1DIAGNOSTIC,    13, -6.792854564177e-01, 1.798464908142e-03, 2.1596e+01, 9.9678e-01, 
 1DIAGNOSTIC,    14, -6.809704344264e-01, 1.398998922442e-03, 2.2620e+01, 1.0237e+00, 
 1DIAGNOSTIC,    15, -6.819948643704e-01, 1.089954221645e-03, 2.3663e+01, 1.0433e+00, 
 1DIAGNOSTIC,    16, -6.828792499023e-01, 8.594497562202e-04, 2.4692e+01, 1.0289e+00, 
 1DIAGNOSTIC,    17, -6.837531653953e-01, 7.082739168010e-04, 2.5682e+01, 9.9007e-01, 
 1DIAGNOSTIC,    18, -6.845165399790e-01, 5.961897567173e-04, 2.6674e+01, 9.9140e-01, 
 1DIAGNOSTIC,    19, -6.853210633380e-01, 5.192273877870e-04, 2.7705e+01, 1.0311e+00, 
 1DIAGNOSTIC,    20, -6.859972700223e-01, 4.511436113758e-04, 2.8718e+01, 1.0127e+00, 
 1DIAGNOSTIC,    21, -6.865978282024e-01, 3.847389460560e-04, 2.9710e+01, 9.9272e-01, 
 1DIAGNOSTIC,    22, -6.872295913842e-01, 3.269315645419e-04, 3.0731e+01, 1.0207e+00, 
 1DIAGNOSTIC,    23, -6.876564229279e-01, 2.777766221638e-04, 3.1754e+01, 1.0232e+00, 
 1DIAGNOSTIC,    24, -6.880269584494e-01, 2.427335396302e-04, 3.2748e+01, 9.9334e-01, 
 1DIAGNOSTIC,    25, -6.885938161697e-01, 2.144920327586e-04, 3.3738e+01, 9.9079e-01, 
 1DIAGNOSTIC,    26, -6.888920694680e-01, 1.872234114441e-04, 3.4746e+01, 1.0073e+00, 
 1DIAGNOSTIC,    27, -6.895355657461e-01, 1.679827712574e-04, 3.5746e+01, 1.0007e+00, 
 1DIAGNOSTIC,    28, -6.902903204056e-01, 1.568954080834e-04, 3.6790e+01, 1.0437e+00, 
 1DIAGNOSTIC,    29, -6.906552224866e-01, 1.485326638940e-04, 3.7788e+01, 9.9838e-01, 
 1DIAGNOSTIC,    30, -6.907818544072e-01, 1.379688878582e-04, 3.8858e+01, 1.0699e+00, 
 1DIAGNOSTIC,    31, -6.910136552511e-01, 1.263707112523e-04, 3.9923e+01, 1.0642e+00, 
 1DIAGNOSTIC,    32, -6.912133498885e-01, 1.143753540766e-04, 4.0920e+01, 9.9761e-01, 
 1DIAGNOSTIC,    33, -6.916461543559e-01, 1.030836103969e-04, 4.1896e+01, 9.7569e-01, 
 1DIAGNOSTIC,    34, -6.921884487098e-01, 9.380488518181e-05, 4.2895e+01, 9.9908e-01, 
 1DIAGNOSTIC,    35, -6.928127882973e-01, 9.049471607631e-05, 4.3896e+01, 1.0012e+00, 
 1DIAGNOSTIC,    36, -6.934947983092e-01, 9.009939834955e-05, 4.4878e+01, 9.8188e-01, 
 1DIAGNOSTIC,    37, -6.941189175695e-01, 9.529016684012e-05, 4.5944e+01, 1.0662e+00, 
 1DIAGNOSTIC,    38, -6.945637729018e-01, 1.042431932403e-04, 4.6949e+01, 1.0043e+00, 
 1DIAGNOSTIC,    39, -6.948799131368e-01, 1.101196025481e-04, 4.7971e+01, 1.0226e+00, 
 1DIAGNOSTIC,    40, -6.954947471887e-01, 1.129528077951e-04, 4.8957e+01, 9.8543e-01, 
 1DIAGNOSTIC,    41, -6.962533614905e-01, 1.148769296045e-04, 4.9984e+01, 1.0275e+00, 
 1DIAGNOSTIC,    42, -6.966507161860e-01, 1.115506877022e-04, 5.0966e+01, 9.8214e-01, 
 1DIAGNOSTIC,    43, -6.969893511065e-01, 1.052779443061e-04, 5.2010e+01, 1.0435e+00, 
 1DIAGNOSTIC,    44, -6.974645174982e-01, 9.892715892949e-05, 5.2964e+01, 9.5435e-01, 
 1DIAGNOSTIC,    45, -6.979596436578e-01, 9.362782123380e-05, 5.3976e+01, 1.0117e+00, 
 1DIAGNOSTIC,    46, -6.985487291531e-01, 9.093106547421e-05, 5.4986e+01, 1.0105e+00, 
 1DIAGNOSTIC,    47, -6.992341409522e-01, 9.118993126072e-05, 5.6006e+01, 1.0200e+00, 
 1DIAGNOSTIC,    48, -6.998838751872e-01, 9.222809127976e-05, 5.6988e+01, 9.8162e-01, 
 1DIAGNOSTIC,    49, -7.005899221330e-01, 9.300226322127e-05, 5.8027e+01, 1.0391e+00, 
 1DIAGNOSTIC,    50, -7.014099357433e-01, 9.660440920312e-05, 5.9046e+01, 1.0190e+00, 
XXDIAGNOSTIC,Iteration,metricValue,convergenceValue,ITERATION_TIME_INDEX,SINCE_LAST
 1DIAGNOSTIC,     1, -4.945018767567e-01, 1.797693134862e+308, 6.7426e+01, 8.3797e+00, 
 1DIAGNOSTIC,     2, -4.982494068180e-01, 1.797693134862e+308, 7.5412e+01, 7.9862e+00, 
 1DIAGNOSTIC,     3, -5.032965332946e-01, 1.797693134862e+308, 8.3806e+01, 8.3938e+00, 
 1DIAGNOSTIC,     4, -5.085820031912e-01, 1.797693134862e+308, 9.2143e+01, 8.3374e+00, 
 1DIAGNOSTIC,     5, -5.133777790131e-01, 1.797693134862e+308, 1.0017e+02, 8.0302e+00, 
 1DIAGNOSTIC,     6, -5.174789378813e-01, 1.797693134862e+308, 1.0874e+02, 8.5699e+00, 
 1DIAGNOSTIC,     7, -5.213183403327e-01, 1.797693134862e+308, 1.1699e+02, 8.2448e+00, 
 1DIAGNOSTIC,     8, -5.244162695147e-01, 1.797693134862e+308, 1.2505e+02, 8.0607e+00, 
 1DIAGNOSTIC,     9, -5.270116863474e-01, 1.797693134862e+308, 1.3348e+02, 8.4280e+00, 
 1DIAGNOSTIC,    10, -5.297645409365e-01, 4.530274210628e-03, 1.4158e+02, 8.1020e+00, 
 1DIAGNOSTIC,    11, -5.318463628819e-01, 3.784801410505e-03, 1.4946e+02, 7.8856e+00, 
 1DIAGNOSTIC,    12, -5.338523935801e-01, 3.088055926764e-03, 1.5761e+02, 8.1414e+00, 
 1DIAGNOSTIC,    13, -5.358781274791e-01, 2.517610648756e-03, 1.6566e+02, 8.0510e+00, 
 1DIAGNOSTIC,    14, -5.377127450279e-01, 2.077360096196e-03, 1.7395e+02, 8.2934e+00, 
 1DIAGNOSTIC,    15, -5.400679936972e-01, 1.765300734862e-03, 1.8189e+02, 7.9435e+00, 
 1DIAGNOSTIC,    16, -5.422651957478e-01, 1.542783334094e-03, 1.8988e+02, 7.9830e+00, 
 1DIAGNOSTIC,    17, -5.443372732908e-01, 1.392134735347e-03, 1.9802e+02, 8.1458e+00, 
 1DIAGNOSTIC,    18, -5.459884474187e-01, 1.271814408850e-03, 2.0612e+02, 8.0993e+00, 
 1DIAGNOSTIC,    19, -5.475442879430e-01, 1.163483563622e-03, 2.1424e+02, 8.1177e+00, 
 1DIAGNOSTIC,    20, -5.490476997848e-01, 1.071928004124e-03, 2.2219e+02, 7.9502e+00, 
  Elapsed time (stage 2): 222.5


Total elapsed time: 260.4
vepi rest.nii
epi_orig /data/000300655084/func/rest.nii
funcion epireg_set was called
coregdir /data/derivatives/000300655084/coregistration
vrefbrain T1.nii
vepi rest.nii
vout 000300655084_rfMRI_v0_correg
AA
AAA
AAAA
waiting for moco and epi
function moco_sc was called
